   Compiling derive_builder_core v0.20.2
   Compiling axum v0.7.9
   Compiling ort-sys v2.0.0-rc.10
   Compiling prost-derive v0.13.5
   Compiling ndarray v0.16.1
   Compiling rav1e v0.7.1
   Compiling chrono v0.4.42
   Compiling opentelemetry_sdk v0.27.1
   Compiling tungstenite v0.28.0
   Compiling avif-serialize v0.8.6
error[E0786]: found invalid metadata files for crate `darling`
  --> /home/andre/.cargo/registry/src/index.crates.io-1949cf8c6b5b557f/derive_builder_core-0.20.2/src/lib.rs:22:1
   |
22 | extern crate darling;
   | ^^^^^^^^^^^^^^^^^^^^^
   |
   = note: corrupt metadata encountered in /mnt/f/Node/hivellm/vectorizer/target/debug/deps/libdarling-8100c36a1c386f38.rmeta

error[E0786]: found invalid metadata files for crate `ureq`
  --> /home/andre/.cargo/registry/src/index.crates.io-1949cf8c6b5b557f/ort-sys-2.0.0-rc.10/build.rs:30:13
   |
30 |     let resp = ureq::Agent::new_with_config(
   |                ^^^^
   |
   = note: failed to parse rlib '/mnt/f/Node/hivellm/vectorizer/target/debug/deps/libureq-8bf2e80332d546e7.rlib': Unsupported archive identifier

error[E0786]: found invalid metadata files for crate `sha2`
  --> /home/andre/.cargo/registry/src/index.crates.io-1949cf8c6b5b557f/ort-sys-2.0.0-rc.10/build.rs:88:19
   |
88 |     <sha2::Sha256 as sha2::Digest>::digest(buf)[..] == hex_str_to_bytes(hash)
   |                      ^^^^
   |
   = note: failed to parse rlib '/mnt/f/Node/hivellm/vectorizer/target/debug/deps/libsha2-7ca93dcd6b762d35.rlib': Invalid archive terminator

error[E0786]: found invalid metadata files for crate `flate2`
  --> /home/andre/.cargo/registry/src/index.crates.io-1949cf8c6b5b557f/ort-sys-2.0.0-rc.10/build.rs:94:12
   |
94 |     let tar = flate2::read::GzDecoder::new(buf);
   |               ^^^^^^
   |
   = note: failed to parse rlib '/mnt/f/Node/hivellm/vectorizer/target/debug/deps/libflate2-a4a7f73647d3015e.rlib': Unsupported archive identifier

error: cannot find attribute `darling` in this scope
   --> /home/andre/.cargo/registry/src/index.crates.io-1949cf8c6b5b557f/derive_builder_core-0.20.2/src/macro_options/darling_opts.rs:135:3
    |
135 | #[darling(default, and_then = Self::validation_needs_error)]
    |   ^^^^^^^
    |
note: `darling` is imported here, but it is an unresolved item, not an attribute
   --> /home/andre/.cargo/registry/src/index.crates.io-1949cf8c6b5b557f/derive_builder_core-0.20.2/src/lib.rs:22:1
    |
 22 | extern crate darling;
    | ^^^^^^^^^^^^^^^^^^^^^

error: cannot find attribute `darling` in this scope
   --> /home/andre/.cargo/registry/src/index.crates.io-1949cf8c6b5b557f/derive_builder_core-0.20.2/src/macro_options/darling_opts.rs:140:7
    |
140 |     #[darling(flatten)]
    |       ^^^^^^^
    |
note: `darling` is imported here, but it is an unresolved item, not an attribute
   --> /home/andre/.cargo/registry/src/index.crates.io-1949cf8c6b5b557f/derive_builder_core-0.20.2/src/lib.rs:22:1
    |
 22 | extern crate darling;
    | ^^^^^^^^^^^^^^^^^^^^^

error[E0786]: found invalid metadata files for crate `tar`
  --> /home/andre/.cargo/registry/src/index.crates.io-1949cf8c6b5b557f/ort-sys-2.0.0-rc.10/build.rs:95:20
   |
95 |     let mut archive = tar::Archive::new(tar);
   |                       ^^^
   |
   = note: failed to parse rlib '/mnt/f/Node/hivellm/vectorizer/target/debug/deps/libtar-8e8b798e316b05c2.rlib': Unsupported archive identifier

error: cannot find attribute `darling` in this scope
   --> /home/andre/.cargo/registry/src/index.crates.io-1949cf8c6b5b557f/derive_builder_core-0.20.2/src/macro_options/darling_opts.rs:204:7
    |
204 |     #[darling(flatten)]
    |       ^^^^^^^
    |
note: `darling` is imported here, but it is an unresolved item, not an attribute
   --> /home/andre/.cargo/registry/src/index.crates.io-1949cf8c6b5b557f/derive_builder_core-0.20.2/src/lib.rs:22:1
    |
 22 | extern crate darling;
    | ^^^^^^^^^^^^^^^^^^^^^

error: cannot find attribute `darling` in this scope
   --> /home/andre/.cargo/registry/src/index.crates.io-1949cf8c6b5b557f/derive_builder_core-0.20.2/src/macro_options/darling_opts.rs:207:7
    |
207 |     #[darling(rename = "ty")]
    |       ^^^^^^^
    |
note: `darling` is imported here, but it is an unresolved item, not an attribute
   --> /home/andre/.cargo/registry/src/index.crates.io-1949cf8c6b5b557f/derive_builder_core-0.20.2/src/lib.rs:22:1
    |
 22 | extern crate darling;
    | ^^^^^^^^^^^^^^^^^^^^^

error: cannot find attribute `darling` in this scope
   --> /home/andre/.cargo/registry/src/index.crates.io-1949cf8c6b5b557f/derive_builder_core-0.20.2/src/macro_options/darling_opts.rs:257:7
    |
257 |     #[darling(with = parse_each)]
    |       ^^^^^^^
    |
note: `darling` is imported here, but it is an unresolved item, not an attribute
   --> /home/andre/.cargo/registry/src/index.crates.io-1949cf8c6b5b557f/derive_builder_core-0.20.2/src/lib.rs:22:1
    |
 22 | extern crate darling;
    | ^^^^^^^^^^^^^^^^^^^^^

error: cannot find derive macro `FromField` in this scope
   --> /home/andre/.cargo/registry/src/index.crates.io-1949cf8c6b5b557f/derive_builder_core-0.20.2/src/macro_options/darling_opts.rs:332:24
    |
332 | #[derive(Debug, Clone, FromField)]
    |                        ^^^^^^^^^

   Compiling env_filter v0.1.4
   Compiling rgb v0.8.52
   Compiling static_assertions v1.1.0
   Compiling bitflags v1.3.2
   Compiling base64 v0.13.1
error: cannot find attribute `darling` in this scope
   --> /home/andre/.cargo/registry/src/index.crates.io-1949cf8c6b5b557f/derive_builder_core-0.20.2/src/macro_options/darling_opts.rs:333:3
    |
333 | #[darling(
    |   ^^^^^^^
    |
note: `darling` is imported here, but it is an unresolved item, not an attribute
   --> /home/andre/.cargo/registry/src/index.crates.io-1949cf8c6b5b557f/derive_builder_core-0.20.2/src/lib.rs:22:1
    |
 22 | extern crate darling;
    | ^^^^^^^^^^^^^^^^^^^^^

error: cannot find attribute `darling` in this scope
   --> /home/andre/.cargo/registry/src/index.crates.io-1949cf8c6b5b557f/derive_builder_core-0.20.2/src/macro_options/darling_opts.rs:340:7
    |
340 |     #[darling(with = TryFrom::try_from)]
    |       ^^^^^^^
    |
note: `darling` is imported here, but it is an unresolved item, not an attribute
   --> /home/andre/.cargo/registry/src/index.crates.io-1949cf8c6b5b557f/derive_builder_core-0.20.2/src/lib.rs:22:1
    |
 22 | extern crate darling;
    | ^^^^^^^^^^^^^^^^^^^^^

error: cannot find attribute `darling` in this scope
   --> /home/andre/.cargo/registry/src/index.crates.io-1949cf8c6b5b557f/derive_builder_core-0.20.2/src/macro_options/darling_opts.rs:346:7
    |
346 |     #[darling(flatten)]
    |       ^^^^^^^
    |
note: `darling` is imported here, but it is an unresolved item, not an attribute
   --> /home/andre/.cargo/registry/src/index.crates.io-1949cf8c6b5b557f/derive_builder_core-0.20.2/src/lib.rs:22:1
    |
 22 | extern crate darling;
    | ^^^^^^^^^^^^^^^^^^^^^

error: cannot find attribute `darling` in this scope
   --> /home/andre/.cargo/registry/src/index.crates.io-1949cf8c6b5b557f/derive_builder_core-0.20.2/src/macro_options/darling_opts.rs:350:7
    |
350 |     #[darling(default, with = field_setter)]
    |       ^^^^^^^
    |
note: `darling` is imported here, but it is an unresolved item, not an attribute
   --> /home/andre/.cargo/registry/src/index.crates.io-1949cf8c6b5b557f/derive_builder_core-0.20.2/src/lib.rs:22:1
    |
 22 | extern crate darling;
    | ^^^^^^^^^^^^^^^^^^^^^

error: cannot find attribute `darling` in this scope
   --> /home/andre/.cargo/registry/src/index.crates.io-1949cf8c6b5b557f/derive_builder_core-0.20.2/src/macro_options/darling_opts.rs:364:7
    |
364 |     #[darling(default)]
    |       ^^^^^^^
    |
note: `darling` is imported here, but it is an unresolved item, not an attribute
   --> /home/andre/.cargo/registry/src/index.crates.io-1949cf8c6b5b557f/derive_builder_core-0.20.2/src/lib.rs:22:1
    |
 22 | extern crate darling;
    | ^^^^^^^^^^^^^^^^^^^^^

error: cannot find derive macro `FromDeriveInput` in this scope
   --> /home/andre/.cargo/registry/src/index.crates.io-1949cf8c6b5b557f/derive_builder_core-0.20.2/src/macro_options/darling_opts.rs:523:24
    |
523 | #[derive(Debug, Clone, FromDeriveInput)]
    |                        ^^^^^^^^^^^^^^^

error: cannot find attribute `darling` in this scope
   --> /home/andre/.cargo/registry/src/index.crates.io-1949cf8c6b5b557f/derive_builder_core-0.20.2/src/macro_options/darling_opts.rs:524:3
    |
524 | #[darling(
    |   ^^^^^^^
    |
note: `darling` is imported here, but it is an unresolved item, not an attribute
   --> /home/andre/.cargo/registry/src/index.crates.io-1949cf8c6b5b557f/derive_builder_core-0.20.2/src/lib.rs:22:1
    |
 22 | extern crate darling;
    | ^^^^^^^^^^^^^^^^^^^^^

error: cannot find attribute `darling` in this scope
   --> /home/andre/.cargo/registry/src/index.crates.io-1949cf8c6b5b557f/derive_builder_core-0.20.2/src/macro_options/darling_opts.rs:532:7
    |
532 |     #[darling(with = TryFrom::try_from)]
    |       ^^^^^^^
    |
note: `darling` is imported here, but it is an unresolved item, not an attribute
   --> /home/andre/.cargo/registry/src/index.crates.io-1949cf8c6b5b557f/derive_builder_core-0.20.2/src/lib.rs:22:1
    |
 22 | extern crate darling;
    | ^^^^^^^^^^^^^^^^^^^^^

error: cannot find attribute `darling` in this scope
   --> /home/andre/.cargo/registry/src/index.crates.io-1949cf8c6b5b557f/derive_builder_core-0.20.2/src/macro_options/darling_opts.rs:546:7
    |
546 |     #[darling(rename = "crate", default = default_crate_root)]
    |       ^^^^^^^
    |
note: `darling` is imported here, but it is an unresolved item, not an attribute
   --> /home/andre/.cargo/registry/src/index.crates.io-1949cf8c6b5b557f/derive_builder_core-0.20.2/src/lib.rs:22:1
    |
 22 | extern crate darling;
    | ^^^^^^^^^^^^^^^^^^^^^

error: cannot find attribute `darling` in this scope
   --> /home/andre/.cargo/registry/src/index.crates.io-1949cf8c6b5b557f/derive_builder_core-0.20.2/src/macro_options/darling_opts.rs:549:7
    |
549 |     #[darling(default)]
    |       ^^^^^^^
    |
note: `darling` is imported here, but it is an unresolved item, not an attribute
   --> /home/andre/.cargo/registry/src/index.crates.io-1949cf8c6b5b557f/derive_builder_core-0.20.2/src/lib.rs:22:1
    |
 22 | extern crate darling;
    | ^^^^^^^^^^^^^^^^^^^^^

error: cannot find attribute `darling` in this scope
   --> /home/andre/.cargo/registry/src/index.crates.io-1949cf8c6b5b557f/derive_builder_core-0.20.2/src/macro_options/darling_opts.rs:552:7
    |
552 |     #[darling(default)]
    |       ^^^^^^^
    |
note: `darling` is imported here, but it is an unresolved item, not an attribute
   --> /home/andre/.cargo/registry/src/index.crates.io-1949cf8c6b5b557f/derive_builder_core-0.20.2/src/lib.rs:22:1
    |
 22 | extern crate darling;
    | ^^^^^^^^^^^^^^^^^^^^^

error: cannot find attribute `darling` in this scope
   --> /home/andre/.cargo/registry/src/index.crates.io-1949cf8c6b5b557f/derive_builder_core-0.20.2/src/macro_options/darling_opts.rs:556:7
    |
556 |     #[darling(default)]
    |       ^^^^^^^
    |
note: `darling` is imported here, but it is an unresolved item, not an attribute
   --> /home/andre/.cargo/registry/src/index.crates.io-1949cf8c6b5b557f/derive_builder_core-0.20.2/src/lib.rs:22:1
    |
 22 | extern crate darling;
    | ^^^^^^^^^^^^^^^^^^^^^

error: cannot find attribute `darling` in this scope
   --> /home/andre/.cargo/registry/src/index.crates.io-1949cf8c6b5b557f/derive_builder_core-0.20.2/src/macro_options/darling_opts.rs:563:7
    |
563 |     #[darling(default = default_create_empty)]
    |       ^^^^^^^
    |
note: `darling` is imported here, but it is an unresolved item, not an attribute
   --> /home/andre/.cargo/registry/src/index.crates.io-1949cf8c6b5b557f/derive_builder_core-0.20.2/src/lib.rs:22:1
    |
 22 | extern crate darling;
    | ^^^^^^^^^^^^^^^^^^^^^

error: cannot find attribute `darling` in this scope
   --> /home/andre/.cargo/registry/src/index.crates.io-1949cf8c6b5b557f/derive_builder_core-0.20.2/src/macro_options/darling_opts.rs:567:7
    |
567 |     #[darling(default)]
    |       ^^^^^^^
    |
note: `darling` is imported here, but it is an unresolved item, not an attribute
   --> /home/andre/.cargo/registry/src/index.crates.io-1949cf8c6b5b557f/derive_builder_core-0.20.2/src/lib.rs:22:1
    |
 22 | extern crate darling;
    | ^^^^^^^^^^^^^^^^^^^^^

error: cannot find attribute `darling` in this scope
   --> /home/andre/.cargo/registry/src/index.crates.io-1949cf8c6b5b557f/derive_builder_core-0.20.2/src/macro_options/darling_opts.rs:576:7
    |
576 |     #[darling(flatten)]
    |       ^^^^^^^
    |
note: `darling` is imported here, but it is an unresolved item, not an attribute
   --> /home/andre/.cargo/registry/src/index.crates.io-1949cf8c6b5b557f/derive_builder_core-0.20.2/src/lib.rs:22:1
    |
 22 | extern crate darling;
    | ^^^^^^^^^^^^^^^^^^^^^

error: cannot find attribute `darling` in this scope
   --> /home/andre/.cargo/registry/src/index.crates.io-1949cf8c6b5b557f/derive_builder_core-0.20.2/src/macro_options/darling_opts.rs:588:7
    |
588 |     #[darling(default)]
    |       ^^^^^^^
    |
note: `darling` is imported here, but it is an unresolved item, not an attribute
   --> /home/andre/.cargo/registry/src/index.crates.io-1949cf8c6b5b557f/derive_builder_core-0.20.2/src/lib.rs:22:1
    |
 22 | extern crate darling;
    | ^^^^^^^^^^^^^^^^^^^^^

error: cannot find derive macro `FromMeta` in this scope
 --> /home/andre/.cargo/registry/src/index.crates.io-1949cf8c6b5b557f/derive_builder_core-0.20.2/src/options.rs:6:45
  |
6 | #[derive(PartialEq, Eq, Debug, Clone, Copy, FromMeta)]
  |                                             ^^^^^^^^

error: cannot find derive macro `FromMeta` in this scope
  --> /home/andre/.cargo/registry/src/index.crates.io-1949cf8c6b5b557f/derive_builder_core-0.20.2/src/options.rs:37:24
   |
37 | #[derive(Debug, Clone, FromMeta)]
   |                        ^^^^^^^^

error: cannot find attribute `darling` in this scope
  --> /home/andre/.cargo/registry/src/index.crates.io-1949cf8c6b5b557f/derive_builder_core-0.20.2/src/options.rs:40:7
   |
40 |     #[darling(default)]
   |       ^^^^^^^
   |
note: `darling` is imported here, but it is an unresolved item, not an attribute
  --> /home/andre/.cargo/registry/src/index.crates.io-1949cf8c6b5b557f/derive_builder_core-0.20.2/src/lib.rs:22:1
   |
22 | extern crate darling;
   | ^^^^^^^^^^^^^^^^^^^^^

   Compiling reqwest v0.12.24
   Compiling murmurhash32 v0.3.1
   Compiling clap_lex v0.7.6
   Compiling lebe v0.5.3
   Compiling number_prefix v0.4.0
   Compiling unicode-segmentation v1.12.0
   Compiling color_quant v1.1.0
   Compiling crc-catalog v2.4.0
   Compiling bit_field v0.10.3
   Compiling num-bigint-dig v0.8.4
   Compiling ureq v2.12.1
   Compiling quanta v0.12.6
error[E0786]: found invalid metadata files for crate `arrayvec`
 --> /home/andre/.cargo/registry/src/index.crates.io-1949cf8c6b5b557f/avif-serialize-0.8.6/src/boxes.rs:3:5
  |
3 | use arrayvec::ArrayVec;
  |     ^^^^^^^^
  |
  = note: corrupt metadata encountered in /mnt/f/Node/hivellm/vectorizer/target/debug/deps/libarrayvec-eb533d2f2b9da24e.rmeta

error[E0786]: found invalid metadata files for crate `itertools`
 --> /home/andre/.cargo/registry/src/index.crates.io-1949cf8c6b5b557f/prost-derive-0.13.5/src/lib.rs:9:5
  |
9 | use itertools::Itertools;
  |     ^^^^^^^^^
  |
  = note: failed to parse rlib '/mnt/f/Node/hivellm/vectorizer/target/debug/deps/libitertools-90fa7edbe90cc0ac.rlib': Unsupported archive identifier

For more information about this error, try `rustc --explain E0786`.
error[E0786]: found invalid metadata files for crate `axum_core`
  --> /home/andre/.cargo/registry/src/index.crates.io-1949cf8c6b5b557f/axum-0.7.9/src/body/mod.rs:10:9
   |
10 | pub use axum_core::body::{Body, BodyDataStream};
   |         ^^^^^^^^^
   |
   = note: corrupt metadata encountered in /mnt/f/Node/hivellm/vectorizer/target/debug/deps/libaxum_core-642d415dfc4ad078.rmeta

error[E0786]: found invalid metadata files for crate `matchit`
 --> /home/andre/.cargo/registry/src/index.crates.io-1949cf8c6b5b557f/axum-0.7.9/src/routing/path_router.rs:6:5
  |
6 | use matchit::MatchError;
  |     ^^^^^^^
  |
  = note: corrupt metadata encountered in /mnt/f/Node/hivellm/vectorizer/target/debug/deps/libmatchit-02c70b2a9bd991c3.rmeta

error[E0786]: found invalid metadata files for crate `hyper`
  --> /home/andre/.cargo/registry/src/index.crates.io-1949cf8c6b5b557f/axum-0.7.9/src/serve.rs:16:5
   |
16 | use hyper::body::Incoming;
   |     ^^^^^
   |
   = note: corrupt metadata encountered in /mnt/f/Node/hivellm/vectorizer/target/debug/deps/libhyper-2e7cb520df0418fa.rmeta

error[E0786]: found invalid metadata files for crate `hyper_util`
  --> /home/andre/.cargo/registry/src/index.crates.io-1949cf8c6b5b557f/axum-0.7.9/src/serve.rs:17:5
   |
17 | use hyper_util::rt::{TokioExecutor, TokioIo};
   |     ^^^^^^^^^^
   |
   = note: corrupt metadata encountered in /mnt/f/Node/hivellm/vectorizer/target/debug/deps/libhyper_util-09f7c4149e2fd9a9.rmeta

error: could not compile `derive_builder_core` (lib) due to 26 previous errors
warning: build failed, waiting for other jobs to finish...
error: could not compile `ort-sys` (build script) due to 4 previous errors
error[E0786]: found invalid metadata files for crate `data_encoding`
   --> /home/andre/.cargo/registry/src/index.crates.io-1949cf8c6b5b557f/tungstenite-0.28.0/src/handshake/client.rs:336:5
    |
336 |     data_encoding::BASE64.encode(&r)
    |     ^^^^^^^^^^^^^
    |
    = note: corrupt metadata encountered in /mnt/f/Node/hivellm/vectorizer/target/debug/deps/libdata_encoding-72ebfc7bfe606882.rmeta

error[E0786]: found invalid metadata files for crate `rawpointer`
  --> /home/andre/.cargo/registry/src/index.crates.io-1949cf8c6b5b557f/ndarray-0.16.1/src/data_repr.rs:12:5
   |
12 | use rawpointer::PointerExt;
   |     ^^^^^^^^^^
   |
   = note: corrupt metadata encountered in /mnt/f/Node/hivellm/vectorizer/target/debug/deps/librawpointer-8203c072f666c28b.rmeta

error[E0786]: found invalid metadata files for crate `regex`
 --> /home/andre/.cargo/registry/src/index.crates.io-1949cf8c6b5b557f/env_filter-0.1.4/src/op.rs:6:12
  |
6 |     inner: regex::Regex,
  |            ^^^^^
  |
  = note: corrupt metadata encountered in /mnt/f/Node/hivellm/vectorizer/target/debug/deps/libregex-247d28643cee7870.rmeta

error[E0786]: found invalid metadata files for crate `opentelemetry`
 --> /home/andre/.cargo/registry/src/index.crates.io-1949cf8c6b5b557f/opentelemetry_sdk-0.27.1/src/metrics/internal/aggregate.rs:3:5
  |
3 | use opentelemetry::KeyValue;
  |     ^^^^^^^^^^^^^
  |
  = note: corrupt metadata encountered in /mnt/f/Node/hivellm/vectorizer/target/debug/deps/libopentelemetry-434dcaf18fc8dd88.rmeta

error[E0432]: unresolved imports `super::rejection::FailedToResolveHost`, `super::rejection::HostRejection`
 --> /home/andre/.cargo/registry/src/index.crates.io-1949cf8c6b5b557f/axum-0.7.9/src/extract/host.rs:2:17
  |
2 |     rejection::{FailedToResolveHost, HostRejection},
  |                 ^^^^^^^^^^^^^^^^^^^  ^^^^^^^^^^^^^ no `HostRejection` in `extract::rejection`
  |                 |
  |                 no `FailedToResolveHost` in `extract::rejection`

error[E0432]: unresolved import `super::rejection::NestedPathRejection`
  --> /home/andre/.cargo/registry/src/index.crates.io-1949cf8c6b5b557f/axum-0.7.9/src/extract/nested_path.rs:13:5
   |
13 | use super::rejection::NestedPathRejection;
   |     ^^^^^^^^^^^^^^^^^^^^^^^^^^^^^^^^^^^^^ no `NestedPathRejection` in `extract::rejection`

error[E0432]: unresolved imports `super::rejection::InvalidFormContentType`, `super::rejection::RawFormRejection`
 --> /home/andre/.cargo/registry/src/index.crates.io-1949cf8c6b5b557f/axum-0.7.9/src/extract/raw_form.rs:8:17
  |
8 |     rejection::{InvalidFormContentType, RawFormRejection},
  |                 ^^^^^^^^^^^^^^^^^^^^^^  ^^^^^^^^^^^^^^^^ no `RawFormRejection` in `extract::rejection`
  |                 |
  |                 no `InvalidFormContentType` in `extract::rejection`

error[E0786]: found invalid metadata files for crate `num_complex`
  --> /home/andre/.cargo/registry/src/index.crates.io-1949cf8c6b5b557f/ndarray-0.16.1/src/linalg/impl_linalg.rs:22:5
   |
22 | use num_complex::Complex;
   |     ^^^^^^^^^^^
   |
   = note: corrupt metadata encountered in /mnt/f/Node/hivellm/vectorizer/target/debug/deps/libnum_complex-405bb3d770be9038.rmeta

error[E0282]: type annotations needed
   --> /home/andre/.cargo/registry/src/index.crates.io-1949cf8c6b5b557f/avif-serialize-0.8.6/src/boxes.rs:165:34
    |
165 |         + self.items.iter().map(|item| item.len()).sum::<usize>()
    |                                  ^^^^  ---- type must be known at this point
    |
help: consider giving this closure parameter an explicit type
    |
165 |         + self.items.iter().map(|item: /* Type */| item.len()).sum::<usize>()
    |                                      ++++++++++++

error[E0282]: type annotations needed
   --> /home/andre/.cargo/registry/src/index.crates.io-1949cf8c6b5b557f/avif-serialize-0.8.6/src/boxes.rs:172:13
    |
172 |             infe.write(&mut b)?;
    |             ^^^^ cannot infer type

error[E0282]: type annotations needed
  --> /home/andre/.cargo/registry/src/index.crates.io-1949cf8c6b5b557f/env_filter-0.1.4/src/op.rs:16:27
   |
16 |             Err(e) => Err(e.to_string()),
   |                           ^ cannot infer type

error[E0282]: type annotations needed
   --> /home/andre/.cargo/registry/src/index.crates.io-1949cf8c6b5b557f/avif-serialize-0.8.6/src/boxes.rs:313:38
    |
313 |             + self.props.iter().map(|a| a.len()).sum::<usize>()
    |                                      ^  - type must be known at this point
    |
help: consider giving this closure parameter an explicit type
    |
313 |             + self.props.iter().map(|a: /* Type */| a.len()).sum::<usize>()
    |                                       ++++++++++++

error[E0786]: found invalid metadata files for crate `iana_time_zone`
  --> /home/andre/.cargo/registry/src/index.crates.io-1949cf8c6b5b557f/chrono-0.4.42/src/offset/local/unix.rs:81:19
   |
81 |     let tz_name = iana_time_zone::get_timezone().ok()?;
   |                   ^^^^^^^^^^^^^^
   |
   = note: corrupt metadata encountered in /mnt/f/Node/hivellm/vectorizer/target/debug/deps/libiana_time_zone-6fdf3a77102870ec.rmeta

error[E0786]: found invalid metadata files for crate `matrixmultiply`
   --> /home/andre/.cargo/registry/src/index.crates.io-1949cf8c6b5b557f/ndarray-0.16.1/src/linalg/impl_linalg.rs:474:13
    |
474 |             matrixmultiply::sgemm(
    |             ^^^^^^^^^^^^^^
    |
    = note: corrupt metadata encountered in /mnt/f/Node/hivellm/vectorizer/target/debug/deps/libmatrixmultiply-4157c4886c80e0cd.rmeta

error[E0786]: found invalid metadata files for crate `tokio_stream`
  --> /home/andre/.cargo/registry/src/index.crates.io-1949cf8c6b5b557f/opentelemetry_sdk-0.27.1/src/runtime.rs:55:21
   |
55 |     type Interval = tokio_stream::wrappers::IntervalStream;
   |                     ^^^^^^^^^^^^
   |
   = note: corrupt metadata encountered in /mnt/f/Node/hivellm/vectorizer/target/debug/deps/libtokio_stream-f04364a7554fee90.rmeta

Some errors have detailed explanations: E0282, E0786.
For more information about an error, try `rustc --explain E0282`.
error[E0282]: type annotations needed
   --> /home/andre/.cargo/registry/src/index.crates.io-1949cf8c6b5b557f/avif-serialize-0.8.6/src/boxes.rs:319:13
    |
319 |             p.write(&mut b)?;
    |             ^ cannot infer type

error[E0223]: ambiguous associated type
  --> /home/andre/.cargo/registry/src/index.crates.io-1949cf8c6b5b557f/opentelemetry_sdk-0.27.1/src/logs/log_emitter.rs:54:61
   |
54 |     fn logger(&self, name: impl Into<Cow<'static, str>>) -> Self::Logger {
   |                                                             ^^^^^^^^^^^^
   |
help: if there were a trait named `Example` with associated type `Logger` implemented for `LoggerProvider`, you could use the fully-qualified path
   |
54 -     fn logger(&self, name: impl Into<Cow<'static, str>>) -> Self::Logger {
54 +     fn logger(&self, name: impl Into<Cow<'static, str>>) -> <LoggerProvider as Example>::Logger {
   |

error[E0282]: type annotations needed
   --> /home/andre/.cargo/registry/src/index.crates.io-1949cf8c6b5b557f/avif-serialize-0.8.6/src/boxes.rs:457:50
    |
457 |         FULL_BOX_SIZE + self.entries.iter().map(|e| e.len()).sum::<usize>()
    |                                                  ^  - type must be known at this point
    |
help: consider giving this closure parameter an explicit type
    |
457 |         FULL_BOX_SIZE + self.entries.iter().map(|e: /* Type */| e.len()).sum::<usize>()
    |                                                   ++++++++++++

error[E0282]: type annotations needed
   --> /home/andre/.cargo/registry/src/index.crates.io-1949cf8c6b5b557f/avif-serialize-0.8.6/src/boxes.rs:463:13
    |
463 |             entry.write(&mut b)?;
    |             ^^^^^ cannot infer type

error[E0223]: ambiguous associated type
   --> /home/andre/.cargo/registry/src/index.crates.io-1949cf8c6b5b557f/opentelemetry_sdk-0.27.1/src/trace/provider.rs:265:61
    |
265 |     fn tracer(&self, name: impl Into<Cow<'static, str>>) -> Self::Tracer {
    |                                                             ^^^^^^^^^^^^
    |
help: if there were a trait named `Example` with associated type `Tracer` implemented for `TracerProvider`, you could use the fully-qualified path
    |
265 -     fn tracer(&self, name: impl Into<Cow<'static, str>>) -> Self::Tracer {
265 +     fn tracer(&self, name: impl Into<Cow<'static, str>>) -> <TracerProvider as Example>::Tracer {
    |

error: could not compile `env_filter` (lib) due to 2 previous errors
error[E0786]: found invalid metadata files for crate `debug_unreachable`
  --> /home/andre/.cargo/registry/src/index.crates.io-1949cf8c6b5b557f/rav1e-0.7.1/src/scenechange/fast.rs:10:5
   |
10 | use debug_unreachable::debug_unreachable;
   |     ^^^^^^^^^^^^^^^^^
   |
   = note: corrupt metadata encountered in /mnt/f/Node/hivellm/vectorizer/target/debug/deps/libdebug_unreachable-33c0e7e5ff9e3abd.rmeta

error[E0599]: no method named `duplicates` found for struct `FlatMap<I, U, F>` in the current scope
  --> /home/andre/.cargo/registry/src/index.crates.io-1949cf8c6b5b557f/prost-derive-0.13.5/src/lib.rs:96:10
   |
93 |       if let Some(duplicate_tag) = fields
   |  __________________________________-
94 | |         .iter()
95 | |         .flat_map(|(_, field)| field.tags())
96 | |         .duplicates()
   | |         -^^^^^^^^^^ method not found in `FlatMap<Iter<'_, (TokenStream, Field)>, Vec<u32>, {closure@...}>`
   | |_________|
   |
   |
   = note: the full name for the type has been written to '/mnt/f/Node/hivellm/vectorizer/target/debug/deps/prost_derive-9b89228b5f676cd7.long-type-11775075227322268406.txt'
   = note: consider using `--verbose` to print the full type name to the console

error[E0282]: type annotations needed
   --> /home/andre/.cargo/registry/src/index.crates.io-1949cf8c6b5b557f/prost-derive-0.13.5/src/lib.rs:119:9
    |
119 | /         quote! {
120 | |             #(#tags)* => {
121 | |                 let mut value = &mut self.#field_ident;
122 | |                 #merge.map_err(|mut error| {
...   |
126 | |             },
127 | |         }
    | |_________^ cannot infer type
    |
    = note: this error originates in the macro `$crate::quote_bind_next_or_break` which comes from the expansion of the macro `quote` (in Nightly builds, run with -Z macro-backtrace for more info)

error[E0599]: no method named `duplicates` found for struct `FlatMap<I, U, F>` in the current scope
   --> /home/andre/.cargo/registry/src/index.crates.io-1949cf8c6b5b557f/prost-derive-0.13.5/src/lib.rs:423:10
    |
420 |       if let Some(duplicate_tag) = fields
    |  __________________________________-
421 | |         .iter()
422 | |         .flat_map(|(_, field)| field.tags())
423 | |         .duplicates()
    | |         -^^^^^^^^^^ method not found in `FlatMap<Iter<'_, (Ident, Field)>, Vec<u32>, {closure@lib.rs:422:19}>`
    | |_________|
    |
    |
    = note: the full name for the type has been written to '/mnt/f/Node/hivellm/vectorizer/target/debug/deps/prost_derive-9b89228b5f676cd7.long-type-16470839087277759274.txt'
    = note: consider using `--verbose` to print the full type name to the console

error: could not compile `avif-serialize` (lib) due to 7 previous errors
error[E0786]: found invalid metadata files for crate `v_frame`
  --> /home/andre/.cargo/registry/src/index.crates.io-1949cf8c6b5b557f/rav1e-0.7.1/src/scenechange/fast.rs:11:5
   |
11 | use v_frame::pixel::Pixel;
   |     ^^^^^^^
   |
   = note: corrupt metadata encountered in /mnt/f/Node/hivellm/vectorizer/target/debug/deps/libv_frame-633bd847a56f3344.rmeta

error[E0786]: found invalid metadata files for crate `bitstream_io`
  --> /home/andre/.cargo/registry/src/index.crates.io-1949cf8c6b5b557f/rav1e-0.7.1/src/ec.rs:22:5
   |
22 | use bitstream_io::{BigEndian, BitWrite, BitWriter};
   |     ^^^^^^^^^^^^
   |
   = note: corrupt metadata encountered in /mnt/f/Node/hivellm/vectorizer/target/debug/deps/libbitstream_io-794357eeab518f90.rmeta

Some errors have detailed explanations: E0223, E0786.
For more information about an error, try `rustc --explain E0223`.
error[E0786]: found invalid metadata files for crate `itertools`
  --> /home/andre/.cargo/registry/src/index.crates.io-1949cf8c6b5b557f/rav1e-0.7.1/src/api/config/encoder.rs:10:5
   |
10 | use itertools::*;
   |     ^^^^^^^^^
   |
   = note: corrupt metadata encountered in /mnt/f/Node/hivellm/vectorizer/target/debug/deps/libitertools-d5674a515d7c9272.rmeta

error[E0786]: found invalid metadata files for crate `av1_grain`
  --> /home/andre/.cargo/registry/src/index.crates.io-1949cf8c6b5b557f/rav1e-0.7.1/src/api/config/mod.rs:21:9
   |
21 | pub use av1_grain::*;
   |         ^^^^^^^^^
   |
   = note: corrupt metadata encountered in /mnt/f/Node/hivellm/vectorizer/target/debug/deps/libav1_grain-df74cfc26c42abbe.rmeta

error[E0786]: found invalid metadata files for crate `rayon`
  --> /home/andre/.cargo/registry/src/index.crates.io-1949cf8c6b5b557f/rav1e-0.7.1/src/deblock.rs:20:5
   |
20 | use rayon::iter::*;
   |     ^^^^^
   |
   = note: corrupt metadata encountered in /mnt/f/Node/hivellm/vectorizer/target/debug/deps/libmaybe_rayon-197cc163a10944f2.rmeta

error[E0786]: found invalid metadata files for crate `arrayvec`
  --> /home/andre/.cargo/registry/src/index.crates.io-1949cf8c6b5b557f/rav1e-0.7.1/src/segmentation.rs:82:7
   |
82 |   use arrayvec::ArrayVec;
   |       ^^^^^^^^
   |
   = note: corrupt metadata encountered in /mnt/f/Node/hivellm/vectorizer/target/debug/deps/libarrayvec-eb533d2f2b9da24e.rmeta

error[E0432]: unresolved import `crate::util::clamp`
    --> /home/andre/.cargo/registry/src/index.crates.io-1949cf8c6b5b557f/rav1e-0.7.1/src/transform/inverse.rs:1629:7
     |
1629 |   use crate::util::clamp;
     |       ^^^^^^^^^^^^^^^^^^ no `clamp` in `util`

error[E0432]: unresolved import `crate::util::round_shift`
   --> /home/andre/.cargo/registry/src/index.crates.io-1949cf8c6b5b557f/rav1e-0.7.1/src/predict.rs:705:7
    |
705 |   use crate::util::round_shift;
    |       ^^^^^^^^^^^^^^^^^^^^^^^^ no `round_shift` in `util`

error[E0432]: unresolved import `crate::Pixel`
   --> /home/andre/.cargo/registry/src/index.crates.io-1949cf8c6b5b557f/rav1e-0.7.1/src/predict.rs:706:7
    |
706 |   use crate::Pixel;
    |       ^^^^^^^^^^^^ no `Pixel` in the root

error[E0412]: cannot find type `ExtensionRejection` in this scope
  --> /home/andre/.cargo/registry/src/index.crates.io-1949cf8c6b5b557f/axum-0.7.9/src/extension.rs:79:22
   |
79 |     type Rejection = ExtensionRejection;
   |                      ^^^^^^^^^^^^^^^^^^ not found in this scope

error[E0432]: unresolved import `crate::frame::Frame`
  --> /home/andre/.cargo/registry/src/index.crates.io-1949cf8c6b5b557f/rav1e-0.7.1/src/rdo.rs:22:5
   |
22 | use crate::frame::Frame;
   |     ^^^^^^^^^^^^^^^^^^^ no `Frame` in `frame`
   |
help: consider importing this variant instead
   |
22 - use crate::frame::Frame;
22 + use crate::prelude::RcData::Frame;
   |

error: could not compile `opentelemetry_sdk` (lib) due to 4 previous errors
error[E0412]: cannot find type `FormRejection` in this scope
  --> /home/andre/.cargo/registry/src/index.crates.io-1949cf8c6b5b557f/axum-0.7.9/src/form.rs:81:22
   |
81 |     type Rejection = FormRejection;
   |                      ^^^^^^^^^^^^^ not found in this scope

error[E0412]: cannot find type `FormRejection` in this scope
  --> /home/andre/.cargo/registry/src/index.crates.io-1949cf8c6b5b557f/axum-0.7.9/src/form.rs:90:75
   |
90 |                     serde_urlencoded::from_bytes(&bytes).map_err(|err| -> FormRejection {
   |                                                                           ^^^^^^^^^^^^^ not found in this scope

error[E0432]: unresolved import `crate::util::Pixel`
  --> /home/andre/.cargo/registry/src/index.crates.io-1949cf8c6b5b557f/rav1e-0.7.1/src/rdo.rs:41:51
   |
41 | use crate::util::{init_slice_repeat_mut, Aligned, Pixel};
   |                                                   ^^^^^ no `Pixel` in `util`

error[E0432]: unresolved imports `crate::util::clamp`, `crate::util::msb`, `crate::util::CastFromPrimitive`, `crate::util::Pixel`
  --> /home/andre/.cargo/registry/src/index.crates.io-1949cf8c6b5b557f/rav1e-0.7.1/src/cdef.rs:15:19
   |
15 | use crate::util::{clamp, msb, CastFromPrimitive, Pixel};
   |                   ^^^^^  ^^^  ^^^^^^^^^^^^^^^^^  ^^^^^ no `Pixel` in `util`
   |                   |      |    |
   |                   |      |    no `CastFromPrimitive` in `util`
   |                   |      no `msb` in `util`
   |                   no `clamp` in `util`

error[E0412]: cannot find type `JsonRejection` in this scope
   --> /home/andre/.cargo/registry/src/index.crates.io-1949cf8c6b5b557f/axum-0.7.9/src/json.rs:105:22
    |
105 |     type Rejection = JsonRejection;
    |                      ^^^^^^^^^^^^^ not found in this scope

error[E0432]: unresolved imports `crate::util::clamp`, `crate::util::ILog`, `crate::util::Pixel`
  --> /home/andre/.cargo/registry/src/index.crates.io-1949cf8c6b5b557f/rav1e-0.7.1/src/deblock.rs:18:19
   |
18 | use crate::util::{clamp, ILog, Pixel};
   |                   ^^^^^  ^^^^  ^^^^^ no `Pixel` in `util`
   |                   |      |
   |                   |      no `ILog` in `util`
   |                   no `clamp` in `util`
   |
   = note: unresolved item `crate::cdef::rust::clamp` exists but is inaccessible
   = note: unresolved item `crate::cdef::rust::Pixel` exists but is inaccessible

error[E0425]: cannot find value `MissingJsonContentType` in this scope
   --> /home/andre/.cargo/registry/src/index.crates.io-1949cf8c6b5b557f/axum-0.7.9/src/json.rs:112:17
    |
112 |             Err(MissingJsonContentType.into())
    |                 ^^^^^^^^^^^^^^^^^^^^^^ not found in this scope

error[E0412]: cannot find type `JsonRejection` in this scope
   --> /home/andre/.cargo/registry/src/index.crates.io-1949cf8c6b5b557f/axum-0.7.9/src/json.rs:157:53
    |
157 |     pub fn from_bytes(bytes: &[u8]) -> Result<Self, JsonRejection> {
    |                                                     ^^^^^^^^^^^^^ not found in this scope
    |
help: you might be missing a type parameter
    |
150 | impl<T, JsonRejection> Json<T>
    |       +++++++++++++++

error[E0412]: cannot find type `PathRejection` in this scope
   --> /home/andre/.cargo/registry/src/index.crates.io-1949cf8c6b5b557f/axum-0.7.9/src/extract/path/mod.rs:154:22
    |
154 |     type Rejection = PathRejection;
    |                      ^^^^^^^^^^^^^ not found in this scope

error[E0425]: cannot find value `MissingPathParams` in this scope
   --> /home/andre/.cargo/registry/src/index.crates.io-1949cf8c6b5b557f/axum-0.7.9/src/extract/path/mod.rs:169:28
    |
169 |                 return Err(MissingPathParams.into());
    |                            ^^^^^^^^^^^^^^^^^ not found in this scope

error[E0412]: cannot find type `RawPathParamsRejection` in this scope
   --> /home/andre/.cargo/registry/src/index.crates.io-1949cf8c6b5b557f/axum-0.7.9/src/extract/path/mod.rs:454:22
    |
454 |     type Rejection = RawPathParamsRejection;
    |                      ^^^^^^^^^^^^^^^^^^^^^^ not found in this scope

error[E0425]: cannot find value `MissingPathParams` in this scope
   --> /home/andre/.cargo/registry/src/index.crates.io-1949cf8c6b5b557f/axum-0.7.9/src/extract/path/mod.rs:466:28
    |
466 |                 return Err(MissingPathParams.into());
    |                            ^^^^^^^^^^^^^^^^^ not found in this scope

error[E0432]: unresolved import `crate::api::config::GrainTableSegment`
  --> /home/andre/.cargo/registry/src/index.crates.io-1949cf8c6b5b557f/rav1e-0.7.1/src/encoder.rs:11:5
   |
11 | use crate::api::config::GrainTableSegment;
   |     ^^^^^^^^^^^^^^^^^^^^^^^^^^^^^^^^^^^^^ no `GrainTableSegment` in `api::config`

error[E0412]: cannot find type `MatchedPathRejection` in this scope
  --> /home/andre/.cargo/registry/src/index.crates.io-1949cf8c6b5b557f/axum-0.7.9/src/extract/matched_path.rs:71:22
   |
71 |     type Rejection = MatchedPathRejection;
   |                      ^^^^^^^^^^^^^^^^^^^^ not found in this scope

error[E0425]: cannot find value `MatchedPathMissing` in this scope
  --> /home/andre/.cargo/registry/src/index.crates.io-1949cf8c6b5b557f/axum-0.7.9/src/extract/matched_path.rs:77:61
   |
77 |             .ok_or(MatchedPathRejection::MatchedPathMissing(MatchedPathMissing))?
   |                                                             ^^^^^^^^^^^^^^^^^^ not found in this scope

error[E0412]: cannot find type `QueryRejection` in this scope
  --> /home/andre/.cargo/registry/src/index.crates.io-1949cf8c6b5b557f/axum-0.7.9/src/extract/query.rs:60:22
   |
60 |     type Rejection = QueryRejection;
   |                      ^^^^^^^^^^^^^^ not found in this scope

error[E0412]: cannot find type `QueryRejection` in this scope
  --> /home/andre/.cargo/registry/src/index.crates.io-1949cf8c6b5b557f/axum-0.7.9/src/extract/query.rs:90:54
   |
90 |     pub fn try_from_uri(value: &Uri) -> Result<Self, QueryRejection> {
   |                                                      ^^^^^^^^^^^^^^ not found in this scope
   |
help: you might be missing a type parameter
   |
67 | impl<T, QueryRejection> Query<T>
   |       ++++++++++++++++

error[E0432]: unresolved imports `crate::frame::Frame`, `crate::frame::Plane`, `crate::frame::PlaneConfig`, `crate::frame::PlaneOffset`, `crate::frame::PlaneSlice`
  --> /home/andre/.cargo/registry/src/index.crates.io-1949cf8c6b5b557f/rav1e-0.7.1/src/lrf.rs:23:13
   |
23 |   AsRegion, Frame, Plane, PlaneConfig, PlaneOffset, PlaneSlice,
   |             ^^^^^  ^^^^^  ^^^^^^^^^^^  ^^^^^^^^^^^  ^^^^^^^^^^ no `PlaneSlice` in `frame`
   |             |      |      |            |
   |             |      |      |            no `PlaneOffset` in `frame`
   |             |      |      no `PlaneConfig` in `frame`
   |             |      no `Plane` in `frame`
   |             |      help: a similar name exists in the module: `plane`
   |             no `Frame` in `frame`
   |
   = help: consider importing this variant instead:
           crate::prelude::RcData::Frame
   = note: unresolved item `crate::sad_plane::rust::Plane` exists but is inaccessible

error[E0432]: unresolved imports `crate::util::clamp`, `crate::util::CastFromPrimitive`, `crate::util::ILog`, `crate::util::Pixel`
  --> /home/andre/.cargo/registry/src/index.crates.io-1949cf8c6b5b557f/rav1e-0.7.1/src/lrf.rs:26:19
   |
26 | use crate::util::{clamp, CastFromPrimitive, ILog, Pixel};
   |                   ^^^^^  ^^^^^^^^^^^^^^^^^  ^^^^  ^^^^^ no `Pixel` in `util`
   |                   |      |                  |
   |                   |      |                  no `ILog` in `util`
   |                   |      no `CastFromPrimitive` in `util`
   |                   no `clamp` in `util`
   |
   = note: unresolved item `crate::cdef::rust::clamp` exists but is inaccessible
   = note: unresolved item `crate::cdef::rust::CastFromPrimitive` exists but is inaccessible
   = note: unresolved item `crate::cdef::rust::Pixel` exists but is inaccessible

error[E0432]: unresolved import `crate::frame::PlaneSlice`
   --> /home/andre/.cargo/registry/src/index.crates.io-1949cf8c6b5b557f/rav1e-0.7.1/src/lrf.rs:166:7
    |
166 |   use crate::frame::PlaneSlice;
    |       ^^^^^^^^^^^^^^^^^^^^^^^^ no `PlaneSlice` in `frame`
    |
help: consider importing this unresolved item through its public re-export instead
    |
166 -   use crate::frame::PlaneSlice;
166 +   use crate::lrf::PlaneSlice;
    |

error[E0432]: unresolved import `crate::util::CastFromPrimitive`
   --> /home/andre/.cargo/registry/src/index.crates.io-1949cf8c6b5b557f/rav1e-0.7.1/src/lrf.rs:171:7
    |
171 |   use crate::util::CastFromPrimitive;
    |       ^^^^^^^^^^^^^^^^^^^^^^^^^^^^^^ no `CastFromPrimitive` in `util`
    |
help: consider importing this unresolved item through its public re-export instead
    |
171 -   use crate::util::CastFromPrimitive;
171 +   use crate::lrf::CastFromPrimitive;
    |

error[E0432]: unresolved import `crate::Pixel`
   --> /home/andre/.cargo/registry/src/index.crates.io-1949cf8c6b5b557f/rav1e-0.7.1/src/lrf.rs:172:7
    |
172 |   use crate::Pixel;
    |       ^^^^^^^^^^^^ no `Pixel` in the root
    |
help: consider importing this unresolved item through its public re-export instead
    |
172 |   use crate::lrf::Pixel;
    |              +++++

error[E0432]: unresolved import `crate::util::ILog`
  --> /home/andre/.cargo/registry/src/index.crates.io-1949cf8c6b5b557f/rav1e-0.7.1/src/me.rs:22:5
   |
22 | use crate::util::ILog;
   |     ^^^^^^^^^^^^^^^^^ no `ILog` in `util`

Some errors have detailed explanations: E0282, E0599, E0786.
error[E0432]: unresolved imports `crate::util::clamp`, `crate::util::Pixel`
  --> /home/andre/.cargo/registry/src/index.crates.io-1949cf8c6b5b557f/rav1e-0.7.1/src/me.rs:23:19
   |
23 | use crate::util::{clamp, Pixel};
   |                   ^^^^^  ^^^^^ no `Pixel` in `util`
   |                   |
   |                   no `clamp` in `util`
   |
   = note: unresolved item `crate::cdef::rust::clamp` exists but is inaccessible
   = note: unresolved item `crate::cdef::rust::Pixel` exists but is inaccessible

error: could not compile `prost-derive` (lib) due to 4 previous errors
error: could not compile `tungstenite` (lib) due to 1 previous error
error[E0432]: unresolved imports `crate::util::clamp`, `crate::util::Pixel`
  --> /home/andre/.cargo/registry/src/index.crates.io-1949cf8c6b5b557f/rav1e-0.7.1/src/rate.rs:15:29
   |
15 |   bexp64, bexp_q24, blog64, clamp, q24_to_q57, q57, q57_to_q24, Pixel,
   |                             ^^^^^ no `clamp` in `util`          ^^^^^ no `Pixel` in `util`
   |
   = note: unresolved item `crate::cdef::rust::clamp` exists but is inaccessible
   = note: unresolved item `crate::cdef::rust::Pixel` exists but is inaccessible

error[E0432]: unresolved imports `crate::util::CastFromPrimitive`, `crate::util::Pixel`
  --> /home/andre/.cargo/registry/src/index.crates.io-1949cf8c6b5b557f/rav1e-0.7.1/src/sad_plane.rs:21:19
   |
21 | use crate::util::{CastFromPrimitive, Pixel};
   |                   ^^^^^^^^^^^^^^^^^  ^^^^^ no `Pixel` in `util`
   |                   |
   |                   no `CastFromPrimitive` in `util`
   |
   = note: unresolved item `crate::cdef::rust::CastFromPrimitive` exists but is inaccessible
   = note: unresolved item `crate::cdef::rust::Pixel` exists but is inaccessible

error[E0432]: unresolved imports `crate::frame::Frame`, `crate::frame::Plane`
 --> /home/andre/.cargo/registry/src/index.crates.io-1949cf8c6b5b557f/rav1e-0.7.1/src/scenechange/fast.rs:6:11
  |
6 |   frame::{Frame, Plane},
  |           ^^^^^  ^^^^^
  |           |      |
  |           |      no `Plane` in `frame`
  |           |      help: a similar name exists in the module: `plane`
  |           no `Frame` in `frame`
  |
  = help: consider importing this variant instead:
          crate::prelude::RcData::Frame
  = note: unresolved item `crate::sad_plane::rust::Plane` exists but is inaccessible

error[E0432]: unresolved import `crate::frame::Frame`
 --> /home/andre/.cargo/registry/src/index.crates.io-1949cf8c6b5b557f/rav1e-0.7.1/src/scenechange/standard.rs:8:3
  |
8 |   frame::Frame,
  |   ^^^^^^^^^^^^ no `Frame` in `frame`
  |
  = help: consider importing this variant instead:
          crate::prelude::RcData::Frame

error[E0432]: unresolved import `crate::util::Pixel`
  --> /home/andre/.cargo/registry/src/index.crates.io-1949cf8c6b5b557f/rav1e-0.7.1/src/scenechange/mod.rs:18:5
   |
18 | use crate::util::Pixel;
   |     ^^^^^^^^^^^^^^^^^^ no `Pixel` in `util`
   |
   = note: unresolved item `crate::sad_plane::rust::Pixel` exists but is inaccessible

error[E0432]: unresolved import `crate::util::Pixel`
  --> /home/andre/.cargo/registry/src/index.crates.io-1949cf8c6b5b557f/rav1e-0.7.1/src/segmentation.rs:16:5
   |
16 | use crate::util::Pixel;
   |     ^^^^^^^^^^^^^^^^^^ no `Pixel` in `util`
   |
   = note: unresolved item `crate::sad_plane::rust::Pixel` exists but is inaccessible

error[E0432]: unresolved import `crate::util::Pixel`
  --> /home/andre/.cargo/registry/src/index.crates.io-1949cf8c6b5b557f/rav1e-0.7.1/src/tiling/tile_restoration_state.rs:13:5
   |
13 | use crate::util::Pixel;
   |     ^^^^^^^^^^^^^^^^^^ no `Pixel` in `util`
   |
   = note: unresolved item `crate::sad_plane::rust::Pixel` exists but is inaccessible

error[E0432]: unresolved import `crate::util::Pixel`
  --> /home/andre/.cargo/registry/src/index.crates.io-1949cf8c6b5b557f/rav1e-0.7.1/src/api/config/mod.rs:16:5
   |
16 | use crate::util::Pixel;
   |     ^^^^^^^^^^^^^^^^^^ no `Pixel` in `util`
   |
   = note: unresolved item `crate::sad_plane::rust::Pixel` exists but is inaccessible

error[E0432]: unresolved import `crate::api::config::GrainTableSegment`
  --> /home/andre/.cargo/registry/src/index.crates.io-1949cf8c6b5b557f/rav1e-0.7.1/src/api/config/encoder.rs:13:5
   |
13 | use crate::api::config::GrainTableSegment;
   |     ^^^^^^^^^^^^^^^^^^^^^^^^^^^^^^^^^^^^^ no `GrainTableSegment` in `api::config`

error[E0432]: unresolved import `crate::util::Pixel`
  --> /home/andre/.cargo/registry/src/index.crates.io-1949cf8c6b5b557f/rav1e-0.7.1/src/api/context.rs:20:5
   |
20 | use crate::util::Pixel;
   |     ^^^^^^^^^^^^^^^^^^ no `Pixel` in `util`
   |
   = note: unresolved item `crate::sad_plane::rust::Pixel` exists but is inaccessible

error[E0432]: unresolved import `crate::util::Pixel`
  --> /home/andre/.cargo/registry/src/index.crates.io-1949cf8c6b5b557f/rav1e-0.7.1/src/api/internal.rs:29:5
   |
29 | use crate::util::Pixel;
   |     ^^^^^^^^^^^^^^^^^^ no `Pixel` in `util`
   |
   = note: unresolved item `crate::sad_plane::rust::Pixel` exists but is inaccessible

error[E0432]: unresolved import `crate::frame::PlaneOffset`
 --> /home/andre/.cargo/registry/src/index.crates.io-1949cf8c6b5b557f/rav1e-0.7.1/src/api/lookahead.rs:9:30
  |
9 | use crate::frame::{AsRegion, PlaneOffset};
  |                              ^^^^^^^^^^^ no `PlaneOffset` in `frame`

error[E0432]: unresolved import `crate::Pixel`
  --> /home/andre/.cargo/registry/src/index.crates.io-1949cf8c6b5b557f/rav1e-0.7.1/src/api/lookahead.rs:16:5
   |
16 | use crate::Pixel;
   |     ^^^^^^^^^^^^ no `Pixel` in the root
   |
   = note: unresolved item `crate::sad_plane::rust::Pixel` exists but is inaccessible

error[E0432]: unresolved import `crate::util::Pixel`
  --> /home/andre/.cargo/registry/src/index.crates.io-1949cf8c6b5b557f/rav1e-0.7.1/src/api/util.rs:14:5
   |
14 | use crate::util::Pixel;
   |     ^^^^^^^^^^^^^^^^^^ no `Pixel` in `util`
   |
   = note: unresolved item `crate::sad_plane::rust::Pixel` exists but is inaccessible

error[E0432]: unresolved import `crate::util::Fixed`
  --> /home/andre/.cargo/registry/src/index.crates.io-1949cf8c6b5b557f/rav1e-0.7.1/src/header.rs:16:5
   |
16 | use crate::util::Fixed;
   |     ^^^^^^^^^^^^^^^^^^ no `Fixed` in `util`

error[E0432]: unresolved import `crate::util::Pixel`
  --> /home/andre/.cargo/registry/src/index.crates.io-1949cf8c6b5b557f/rav1e-0.7.1/src/header.rs:17:5
   |
17 | use crate::util::Pixel;
   |     ^^^^^^^^^^^^^^^^^^ no `Pixel` in `util`
   |
   = note: unresolved item `crate::sad_plane::rust::Pixel` exists but is inaccessible

error[E0432]: unresolved imports `crate::util::CastFromPrimitive`, `crate::util::Pixel`, `crate::util::PixelType`
   --> /home/andre/.cargo/registry/src/index.crates.io-1949cf8c6b5b557f/rav1e-0.7.1/src/lib.rs:199:23
    |
199 | pub use crate::util::{CastFromPrimitive, Pixel, PixelType};
    |                       ^^^^^^^^^^^^^^^^^  ^^^^^  ^^^^^^^^^ no `PixelType` in `util`
    |                       |                  |
    |                       |                  no `Pixel` in `util`
    |                       no `CastFromPrimitive` in `util`
    |
    = note: unresolved item `crate::sad_plane::rust::CastFromPrimitive` exists but is inaccessible
    = note: unresolved item `crate::sad_plane::rust::Pixel` exists but is inaccessible

error[E0220]: associated type `Rejection` not found for `E`
   --> /home/andre/.cargo/registry/src/index.crates.io-1949cf8c6b5b557f/axum-0.7.9/src/middleware/from_extractor.rs:257:66
    |
257 |             future: BoxFuture<'static, (Request<B>, Result<E, E::Rejection>)>,
    |                                                                  ^^^^^^^^^ associated type `Rejection` not found

error[E0223]: ambiguous associated type
  --> /home/andre/.cargo/registry/src/index.crates.io-1949cf8c6b5b557f/axum-0.7.9/src/extension.rs:81:78
   |
81 |     async fn from_request_parts(req: &mut Parts, _state: &S) -> Result<Self, Self::Rejection> {
   |                                                                              ^^^^^^^^^^^^^^^
   |
help: if there were a trait named `Example` with associated type `Rejection` implemented for `Extension<T>`, you could use the fully-qualified path
   |
81 -     async fn from_request_parts(req: &mut Parts, _state: &S) -> Result<Self, Self::Rejection> {
81 +     async fn from_request_parts(req: &mut Parts, _state: &S) -> Result<Self, <Extension<T> as Example>::Rejection> {
   |

error[E0432]: unresolved imports `crate::frame::Plane`, `crate::frame::PlaneConfig`
   --> /home/andre/.cargo/registry/src/index.crates.io-1949cf8c6b5b557f/rav1e-0.7.1/src/lib.rs:206:48
    |
206 |     Frame, FrameParameters, FrameTypeOverride, Plane, PlaneConfig,
    |                                                ^^^^^  ^^^^^^^^^^^ no `PlaneConfig` in `frame`
    |                                                |
    |                                                no `Plane` in `frame`
    |                                                help: a similar name exists in the module: `plane`
    |
    = note: unresolved item `crate::sad_plane::rust::Plane` exists but is inaccessible

error[E0223]: ambiguous associated type
   --> /home/andre/.cargo/registry/src/index.crates.io-1949cf8c6b5b557f/axum-0.7.9/src/extension.rs:104:83
    |
104 |     fn into_response_parts(self, mut res: ResponseParts) -> Result<ResponseParts, Self::Error> {
    |                                                                                   ^^^^^^^^^^^
    |
help: use fully-qualified syntax
    |
104 -     fn into_response_parts(self, mut res: ResponseParts) -> Result<ResponseParts, Self::Error> {
104 +     fn into_response_parts(self, mut res: ResponseParts) -> Result<ResponseParts, <Extension<T> as MakeConnection>::Error> {
    |
104 -     fn into_response_parts(self, mut res: ResponseParts) -> Result<ResponseParts, Self::Error> {
104 +     fn into_response_parts(self, mut res: ResponseParts) -> Result<ResponseParts, <Extension<T> as MakeService>::Error> {
    |
104 -     fn into_response_parts(self, mut res: ResponseParts) -> Result<ResponseParts, Self::Error> {
104 +     fn into_response_parts(self, mut res: ResponseParts) -> Result<ResponseParts, <Extension<T> as TryFrom>::Error> {
    |
104 -     fn into_response_parts(self, mut res: ResponseParts) -> Result<ResponseParts, Self::Error> {
104 +     fn into_response_parts(self, mut res: ResponseParts) -> Result<ResponseParts, <Extension<T> as TryFuture>::Error> {
    |
    = and 2 other candidates

error[E0223]: ambiguous associated type
  --> /home/andre/.cargo/registry/src/index.crates.io-1949cf8c6b5b557f/axum-0.7.9/src/form.rs:83:69
   |
83 |     async fn from_request(req: Request, _state: &S) -> Result<Self, Self::Rejection> {
   |                                                                     ^^^^^^^^^^^^^^^
   |
help: if there were a trait named `Example` with associated type `Rejection` implemented for `Form<T>`, you could use the fully-qualified path
   |
83 -     async fn from_request(req: Request, _state: &S) -> Result<Self, Self::Rejection> {
83 +     async fn from_request(req: Request, _state: &S) -> Result<Self, <Form<T> as Example>::Rejection> {
   |

error[E0223]: ambiguous associated type
   --> /home/andre/.cargo/registry/src/index.crates.io-1949cf8c6b5b557f/axum-0.7.9/src/json.rs:107:68
    |
107 |     async fn from_request(req: Request, state: &S) -> Result<Self, Self::Rejection> {
    |                                                                    ^^^^^^^^^^^^^^^
    |
help: if there were a trait named `Example` with associated type `Rejection` implemented for `Json<T>`, you could use the fully-qualified path
    |
107 -     async fn from_request(req: Request, state: &S) -> Result<Self, Self::Rejection> {
107 +     async fn from_request(req: Request, state: &S) -> Result<Self, <Json<T> as Example>::Rejection> {
    |

error[E0223]: ambiguous associated type
   --> /home/andre/.cargo/registry/src/index.crates.io-1949cf8c6b5b557f/axum-0.7.9/src/extract/connect_info.rs:150:79
    |
150 |     async fn from_request_parts(parts: &mut Parts, state: &S) -> Result<Self, Self::Rejection> {
    |                                                                               ^^^^^^^^^^^^^^^
    |
help: if there were a trait named `Example` with associated type `Rejection` implemented for `ConnectInfo<T>`, you could use the fully-qualified path
    |
150 -     async fn from_request_parts(parts: &mut Parts, state: &S) -> Result<Self, Self::Rejection> {
150 +     async fn from_request_parts(parts: &mut Parts, state: &S) -> Result<Self, <ConnectInfo<T> as Example>::Rejection> {
    |

error[E0223]: ambiguous associated type
   --> /home/andre/.cargo/registry/src/index.crates.io-1949cf8c6b5b557f/axum-0.7.9/src/extract/path/mod.rs:156:80
    |
156 |     async fn from_request_parts(parts: &mut Parts, _state: &S) -> Result<Self, Self::Rejection> {
    |                                                                                ^^^^^^^^^^^^^^^
    |
help: if there were a trait named `Example` with associated type `Rejection` implemented for `extract::path::Path<T>`, you could use the fully-qualified path
    |
156 -     async fn from_request_parts(parts: &mut Parts, _state: &S) -> Result<Self, Self::Rejection> {
156 +     async fn from_request_parts(parts: &mut Parts, _state: &S) -> Result<Self, <extract::path::Path<T> as Example>::Rejection> {
    |

error[E0223]: ambiguous associated type
   --> /home/andre/.cargo/registry/src/index.crates.io-1949cf8c6b5b557f/axum-0.7.9/src/extract/path/mod.rs:456:80
    |
456 |     async fn from_request_parts(parts: &mut Parts, _state: &S) -> Result<Self, Self::Rejection> {
    |                                                                                ^^^^^^^^^^^^^^^
    |
help: if there were a trait named `Example` with associated type `Rejection` implemented for `RawPathParams`, you could use the fully-qualified path
    |
456 -     async fn from_request_parts(parts: &mut Parts, _state: &S) -> Result<Self, Self::Rejection> {
456 +     async fn from_request_parts(parts: &mut Parts, _state: &S) -> Result<Self, <RawPathParams as Example>::Rejection> {
    |

error[E0223]: ambiguous associated type
  --> /home/andre/.cargo/registry/src/index.crates.io-1949cf8c6b5b557f/axum-0.7.9/src/extract/host.rs:33:80
   |
33 |     async fn from_request_parts(parts: &mut Parts, _state: &S) -> Result<Self, Self::Rejection> {
   |                                                                                ^^^^^^^^^^^^^^^
   |
help: if there were a trait named `Example` with associated type `Rejection` implemented for `Host`, you could use the fully-qualified path
   |
33 -     async fn from_request_parts(parts: &mut Parts, _state: &S) -> Result<Self, Self::Rejection> {
33 +     async fn from_request_parts(parts: &mut Parts, _state: &S) -> Result<Self, <Host as Example>::Rejection> {
   |

error[E0223]: ambiguous associated type
  --> /home/andre/.cargo/registry/src/index.crates.io-1949cf8c6b5b557f/axum-0.7.9/src/extract/nested_path.rs:57:80
   |
57 |     async fn from_request_parts(parts: &mut Parts, _state: &S) -> Result<Self, Self::Rejection> {
   |                                                                                ^^^^^^^^^^^^^^^
   |
help: if there were a trait named `Example` with associated type `Rejection` implemented for `NestedPath`, you could use the fully-qualified path
   |
57 -     async fn from_request_parts(parts: &mut Parts, _state: &S) -> Result<Self, Self::Rejection> {
57 +     async fn from_request_parts(parts: &mut Parts, _state: &S) -> Result<Self, <NestedPath as Example>::Rejection> {
   |

error[E0223]: ambiguous associated type
  --> /home/andre/.cargo/registry/src/index.crates.io-1949cf8c6b5b557f/axum-0.7.9/src/extract/raw_form.rs:40:68
   |
40 |     async fn from_request(req: Request, state: &S) -> Result<Self, Self::Rejection> {
   |                                                                    ^^^^^^^^^^^^^^^
   |
help: if there were a trait named `Example` with associated type `Rejection` implemented for `RawForm`, you could use the fully-qualified path
   |
40 -     async fn from_request(req: Request, state: &S) -> Result<Self, Self::Rejection> {
40 +     async fn from_request(req: Request, state: &S) -> Result<Self, <RawForm as Example>::Rejection> {
   |

error[E0223]: ambiguous associated type
  --> /home/andre/.cargo/registry/src/index.crates.io-1949cf8c6b5b557f/axum-0.7.9/src/extract/raw_query.rs:35:80
   |
35 |     async fn from_request_parts(parts: &mut Parts, _state: &S) -> Result<Self, Self::Rejection> {
   |                                                                                ^^^^^^^^^^^^^^^
   |
help: if there were a trait named `Example` with associated type `Rejection` implemented for `RawQuery`, you could use the fully-qualified path
   |
35 -     async fn from_request_parts(parts: &mut Parts, _state: &S) -> Result<Self, Self::Rejection> {
35 +     async fn from_request_parts(parts: &mut Parts, _state: &S) -> Result<Self, <RawQuery as Example>::Rejection> {
   |

error[E0223]: ambiguous associated type
  --> /home/andre/.cargo/registry/src/index.crates.io-1949cf8c6b5b557f/axum-0.7.9/src/extract/request_parts.rs:80:79
   |
80 |     async fn from_request_parts(parts: &mut Parts, state: &S) -> Result<Self, Self::Rejection> {
   |                                                                               ^^^^^^^^^^^^^^^
   |
help: if there were a trait named `Example` with associated type `Rejection` implemented for `OriginalUri`, you could use the fully-qualified path
   |
80 -     async fn from_request_parts(parts: &mut Parts, state: &S) -> Result<Self, Self::Rejection> {
80 +     async fn from_request_parts(parts: &mut Parts, state: &S) -> Result<Self, <OriginalUri as Example>::Rejection> {
   |

error[E0223]: ambiguous associated type
   --> /home/andre/.cargo/registry/src/index.crates.io-1949cf8c6b5b557f/axum-0.7.9/src/extract/state.rs:362:23
    |
362 |     ) -> Result<Self, Self::Rejection> {
    |                       ^^^^^^^^^^^^^^^
    |
help: if there were a trait named `Example` with associated type `Rejection` implemented for `state::State<InnerState>`, you could use the fully-qualified path
    |
362 -     ) -> Result<Self, Self::Rejection> {
362 +     ) -> Result<Self, <state::State<InnerState> as Example>::Rejection> {
    |

error[E0223]: ambiguous associated type
  --> /home/andre/.cargo/registry/src/index.crates.io-1949cf8c6b5b557f/axum-0.7.9/src/extract/matched_path.rs:73:80
   |
73 |     async fn from_request_parts(parts: &mut Parts, _state: &S) -> Result<Self, Self::Rejection> {
   |                                                                                ^^^^^^^^^^^^^^^
   |
help: if there were a trait named `Example` with associated type `Rejection` implemented for `MatchedPath`, you could use the fully-qualified path
   |
73 -     async fn from_request_parts(parts: &mut Parts, _state: &S) -> Result<Self, Self::Rejection> {
73 +     async fn from_request_parts(parts: &mut Parts, _state: &S) -> Result<Self, <MatchedPath as Example>::Rejection> {
   |

error[E0223]: ambiguous associated type
  --> /home/andre/.cargo/registry/src/index.crates.io-1949cf8c6b5b557f/axum-0.7.9/src/extract/query.rs:62:80
   |
62 |     async fn from_request_parts(parts: &mut Parts, _state: &S) -> Result<Self, Self::Rejection> {
   |                                                                                ^^^^^^^^^^^^^^^
   |
help: if there were a trait named `Example` with associated type `Rejection` implemented for `Query<T>`, you could use the fully-qualified path
   |
62 -     async fn from_request_parts(parts: &mut Parts, _state: &S) -> Result<Self, Self::Rejection> {
62 +     async fn from_request_parts(parts: &mut Parts, _state: &S) -> Result<Self, <Query<T> as Example>::Rejection> {
   |

error[E0432]: unresolved imports `crate::util::CastFromPrimitive`, `crate::util::Pixel`, `crate::util::PixelType`
   --> /home/andre/.cargo/registry/src/index.crates.io-1949cf8c6b5b557f/rav1e-0.7.1/src/lib.rs:211:25
    |
211 |   pub use crate::util::{CastFromPrimitive, Pixel, PixelType};
    |                         ^^^^^^^^^^^^^^^^^  ^^^^^  ^^^^^^^^^ no `PixelType` in `util`
    |                         |                  |
    |                         |                  no `Pixel` in `util`
    |                         no `CastFromPrimitive` in `util`
    |
    = help: consider importing this unresolved item through its public re-export instead:
            crate::CastFromPrimitive
    = help: consider importing this unresolved item through its public re-export instead:
            crate::Pixel
    = help: consider importing this unresolved item through its public re-export instead:
            crate::PixelType

error[E0432]: unresolved imports `crate::util::CastFromPrimitive`, `crate::util::Pixel`, `crate::util::PixelType`
   --> /home/andre/.cargo/registry/src/index.crates.io-1949cf8c6b5b557f/rav1e-0.7.1/src/lib.rs:221:25
    |
221 |   pub use crate::util::{CastFromPrimitive, Pixel, PixelType};
    |                         ^^^^^^^^^^^^^^^^^  ^^^^^  ^^^^^^^^^ no `PixelType` in `util`
    |                         |                  |
    |                         |                  no `Pixel` in `util`
    |                         no `CastFromPrimitive` in `util`
    |
    = help: consider importing this unresolved item through its public re-export instead:
            crate::CastFromPrimitive
    = help: consider importing this unresolved item through its public re-export instead:
            crate::Pixel
    = help: consider importing this unresolved item through its public re-export instead:
            crate::PixelType

error[E0433]: failed to resolve: use of undeclared type `MissingExtension`
  --> /home/andre/.cargo/registry/src/index.crates.io-1949cf8c6b5b557f/axum-0.7.9/src/extension.rs:86:17
   |
86 |                 MissingExtension::from_err(format!(
   |                 ^^^^^^^^^^^^^^^^ use of undeclared type `MissingExtension`

error[E0433]: failed to resolve: use of undeclared type `FailedToDeserializeForm`
  --> /home/andre/.cargo/registry/src/index.crates.io-1949cf8c6b5b557f/axum-0.7.9/src/form.rs:92:29
   |
92 | ...                   FailedToDeserializeForm::from_err(err).into()
   |                       ^^^^^^^^^^^^^^^^^^^^^^^ use of undeclared type `FailedToDeserializeForm`

error[E0433]: failed to resolve: use of undeclared type `FailedToDeserializeFormBody`
  --> /home/andre/.cargo/registry/src/index.crates.io-1949cf8c6b5b557f/axum-0.7.9/src/form.rs:94:29
   |
94 | ...                   FailedToDeserializeFormBody::from_err(err).into()
   |                       ^^^^^^^^^^^^^^^^^^^^^^^^^^^ use of undeclared type `FailedToDeserializeFormBody`

error[E0433]: failed to resolve: use of undeclared type `RawFormRejection`
  --> /home/andre/.cargo/registry/src/index.crates.io-1949cf8c6b5b557f/axum-0.7.9/src/form.rs:99:17
   |
99 |             Err(RawFormRejection::BytesRejection(r)) => Err(FormRejection::BytesRejection(r)),
   |                 ^^^^^^^^^^^^^^^^ use of undeclared type `RawFormRejection`

error[E0433]: failed to resolve: use of undeclared type `FormRejection`
  --> /home/andre/.cargo/registry/src/index.crates.io-1949cf8c6b5b557f/axum-0.7.9/src/form.rs:99:61
   |
99 |             Err(RawFormRejection::BytesRejection(r)) => Err(FormRejection::BytesRejection(r)),
   |                                                             ^^^^^^^^^^^^^ use of undeclared type `FormRejection`

error[E0433]: failed to resolve: use of undeclared type `RawFormRejection`
   --> /home/andre/.cargo/registry/src/index.crates.io-1949cf8c6b5b557f/axum-0.7.9/src/form.rs:100:17
    |
100 |             Err(RawFormRejection::InvalidFormContentType(r)) => {
    |                 ^^^^^^^^^^^^^^^^ use of undeclared type `RawFormRejection`

error[E0433]: failed to resolve: use of undeclared type `FormRejection`
   --> /home/andre/.cargo/registry/src/index.crates.io-1949cf8c6b5b557f/axum-0.7.9/src/form.rs:101:21
    |
101 |                 Err(FormRejection::InvalidFormContentType(r))
    |                     ^^^^^^^^^^^^^ use of undeclared type `FormRejection`

error[E0433]: failed to resolve: use of undeclared type `JsonDataError`
   --> /home/andre/.cargo/registry/src/index.crates.io-1949cf8c6b5b557f/axum-0.7.9/src/json.rs:164:58
    |
164 |                     serde_json::error::Category::Data => JsonDataError::from_err(err).into(),
    |                                                          ^^^^^^^^^^^^^ use of undeclared type `JsonDataError`

error[E0433]: failed to resolve: use of undeclared type `JsonSyntaxError`
   --> /home/andre/.cargo/registry/src/index.crates.io-1949cf8c6b5b557f/axum-0.7.9/src/json.rs:166:25
    |
166 |                         JsonSyntaxError::from_err(err).into()
    |                         ^^^^^^^^^^^^^^^ use of undeclared type `JsonSyntaxError`

error[E0433]: failed to resolve: use of undeclared type `JsonSyntaxError`
   --> /home/andre/.cargo/registry/src/index.crates.io-1949cf8c6b5b557f/axum-0.7.9/src/json.rs:174:29
    |
174 | ...                   JsonSyntaxError::from_err(err).into()
    |                       ^^^^^^^^^^^^^^^ use of undeclared type `JsonSyntaxError`

error[E0433]: failed to resolve: use of undeclared type `PathRejection`
   --> /home/andre/.cargo/registry/src/index.crates.io-1949cf8c6b5b557f/axum-0.7.9/src/extract/path/mod.rs:175:17
    |
175 |                 PathRejection::FailedToDeserializePathParams(FailedToDeserializePathParams(err))
    |                 ^^^^^^^^^^^^^ use of undeclared type `PathRejection`

error[E0433]: failed to resolve: use of undeclared type `MatchedPathRejection`
  --> /home/andre/.cargo/registry/src/index.crates.io-1949cf8c6b5b557f/axum-0.7.9/src/extract/matched_path.rs:77:20
   |
77 |             .ok_or(MatchedPathRejection::MatchedPathMissing(MatchedPathMissing))?
   |                    ^^^^^^^^^^^^^^^^^^^^ use of undeclared type `MatchedPathRejection`

error[E0433]: failed to resolve: use of undeclared type `FailedToDeserializeQueryString`
  --> /home/andre/.cargo/registry/src/index.crates.io-1949cf8c6b5b557f/axum-0.7.9/src/extract/query.rs:93:55
   |
93 |             serde_urlencoded::from_str(query).map_err(FailedToDeserializeQueryString::from_err)?;
   |                                                       ^^^^^^^^^^^^^^^^^^^^^^^^^^^^^^
   |                                                       |
   |                                                       use of undeclared type `FailedToDeserializeQueryString`
   |                                                       help: a struct with a similar name exists: `FailedToDeserializePathParams`

Some errors have detailed explanations: E0220, E0223, E0412, E0425, E0432, E0433, E0786.
For more information about an error, try `rustc --explain E0220`.
error[E0432]: unresolved imports `crate::api::config::GrainTableSegment`, `crate::api::config::NoiseGenArgs`, `crate::api::config::TransferFunction`, `crate::api::config::NUM_UV_COEFFS`, `crate::api::config::NUM_UV_POINTS`, `crate::api::config::NUM_Y_COEFFS`, `crate::api::config::NUM_Y_POINTS`
   --> /home/andre/.cargo/registry/src/index.crates.io-1949cf8c6b5b557f/rav1e-0.7.1/src/lib.rs:229:5
    |
229 |     GrainTableSegment, NoiseGenArgs, TransferFunction, NUM_UV_COEFFS,
    |     ^^^^^^^^^^^^^^^^^  ^^^^^^^^^^^^  ^^^^^^^^^^^^^^^^  ^^^^^^^^^^^^^ no `NUM_UV_COEFFS` in `api::config`
    |     |                  |             |
    |     |                  |             no `TransferFunction` in `api::config`
    |     |                  no `NoiseGenArgs` in `api::config`
    |     no `GrainTableSegment` in `api::config`
230 |     NUM_UV_POINTS, NUM_Y_COEFFS, NUM_Y_POINTS,
    |     ^^^^^^^^^^^^^  ^^^^^^^^^^^^  ^^^^^^^^^^^^ no `NUM_Y_POINTS` in `api::config`
    |     |              |
    |     |              no `NUM_Y_COEFFS` in `api::config`
    |     no `NUM_UV_POINTS` in `api::config`

error[E0786]: found invalid metadata files for crate `profiling`
   --> /home/andre/.cargo/registry/src/index.crates.io-1949cf8c6b5b557f/rav1e-0.7.1/src/rate.rs:722:5
    |
722 |   #[profiling::function]
    |     ^^^^^^^^^
    |
    = note: corrupt metadata encountered in /mnt/f/Node/hivellm/vectorizer/target/debug/deps/libprofiling-8c4be324890c0cdc.rmeta

error: could not compile `axum` (lib) due to 50 previous errors
error[E0786]: found invalid metadata files for crate `url`
   --> /home/andre/.cargo/registry/src/index.crates.io-1949cf8c6b5b557f/reqwest-0.12.24/src/lib.rs:280:9
    |
280 | pub use url::Url;
    |         ^^^
    |
    = note: corrupt metadata encountered in /mnt/f/Node/hivellm/vectorizer/target/debug/deps/liburl-bd20f2501b4f254a.rmeta

error[E0786]: found invalid metadata files for crate `hyper`
  --> /home/andre/.cargo/registry/src/index.crates.io-1949cf8c6b5b557f/reqwest-0.12.24/src/async_impl/decoder.rs:43:5
   |
43 | use hyper::body::Body as HttpBody;
   |     ^^^^^
   |
   = note: corrupt metadata encountered in /mnt/f/Node/hivellm/vectorizer/target/debug/deps/libhyper-2e7cb520df0418fa.rmeta

error[E0786]: found invalid metadata files for crate `hyper_util`
 --> /home/andre/.cargo/registry/src/index.crates.io-1949cf8c6b5b557f/reqwest-0.12.24/src/async_impl/response.rs:9:5
  |
9 | use hyper_util::client::legacy::connect::HttpInfo;
  |     ^^^^^^^^^^
  |
  = note: corrupt metadata encountered in /mnt/f/Node/hivellm/vectorizer/target/debug/deps/libhyper_util-09f7c4149e2fd9a9.rmeta

error[E0786]: found invalid metadata files for crate `encoding_rs`
  --> /home/andre/.cargo/registry/src/index.crates.io-1949cf8c6b5b557f/reqwest-0.12.24/src/async_impl/response.rs:24:5
   |
24 | use encoding_rs::{Encoding, UTF_8};
   |     ^^^^^^^^^^^
   |
   = note: corrupt metadata encountered in /mnt/f/Node/hivellm/vectorizer/target/debug/deps/libencoding_rs-045beb515d0f9b84.rmeta

error[E0786]: found invalid metadata files for crate `native_tls_crate`
  --> /home/andre/.cargo/registry/src/index.crates.io-1949cf8c6b5b557f/reqwest-0.12.24/src/connect.rs:11:5
   |
11 | use native_tls_crate::{TlsConnector, TlsConnectorBuilder};
   |     ^^^^^^^^^^^^^^^^
   |
   = note: corrupt metadata encountered in /mnt/f/Node/hivellm/vectorizer/target/debug/deps/libnative_tls-b1be2d89358cf885.rmeta

error[E0786]: found invalid metadata files for crate `tokio_rustls`
   --> /home/andre/.cargo/registry/src/index.crates.io-1949cf8c6b5b557f/reqwest-0.12.24/src/connect.rs:811:25
    |
811 |                     use tokio_rustls::TlsConnector as RustlsConnector;
    |                         ^^^^^^^^^^^^
    |
    = note: corrupt metadata encountered in /mnt/f/Node/hivellm/vectorizer/target/debug/deps/libtokio_rustls-d94cad2ff7174e49.rmeta

error[E0786]: found invalid metadata files for crate `tower_http`
  --> /home/andre/.cargo/registry/src/index.crates.io-1949cf8c6b5b557f/reqwest-0.12.24/src/redirect.rs:15:5
   |
15 | use tower_http::follow_redirect::policy::{
   |     ^^^^^^^^^^
   |
   = note: corrupt metadata encountered in /mnt/f/Node/hivellm/vectorizer/target/debug/deps/libtower_http-67d80647a12de554.rmeta

error[E0786]: found invalid metadata files for crate `rustls`
  --> /home/andre/.cargo/registry/src/index.crates.io-1949cf8c6b5b557f/reqwest-0.12.24/src/tls.rs:48:5
   |
48 | use rustls::{
   |     ^^^^^^
   |
   = note: corrupt metadata encountered in /mnt/f/Node/hivellm/vectorizer/target/debug/deps/librustls-ef10a9817fbf3647.rmeta

error[E0786]: found invalid metadata files for crate `hyper_tls`
    --> /home/andre/.cargo/registry/src/index.crates.io-1949cf8c6b5b557f/reqwest-0.12.24/src/connect.rs:1258:9
     |
1258 |     use hyper_tls::MaybeHttpsStream;
     |         ^^^^^^^^^
     |
     = note: corrupt metadata encountered in /mnt/f/Node/hivellm/vectorizer/target/debug/deps/libhyper_tls-22cdde43cdefcced.rmeta

error[E0786]: found invalid metadata files for crate `tokio_native_tls`
    --> /home/andre/.cargo/registry/src/index.crates.io-1949cf8c6b5b557f/reqwest-0.12.24/src/connect.rs:1269:9
     |
1269 |     use tokio_native_tls::TlsStream;
     |         ^^^^^^^^^^^^^^^^
     |
     = note: corrupt metadata encountered in /mnt/f/Node/hivellm/vectorizer/target/debug/deps/libtokio_native_tls-42c64aff10253cdb.rmeta

error[E0786]: found invalid metadata files for crate `hyper_rustls`
    --> /home/andre/.cargo/registry/src/index.crates.io-1949cf8c6b5b557f/reqwest-0.12.24/src/connect.rs:1410:9
     |
1410 |     use hyper_rustls::MaybeHttpsStream;
     |         ^^^^^^^^^^^^
     |
     = note: corrupt metadata encountered in /mnt/f/Node/hivellm/vectorizer/target/debug/deps/libhyper_rustls-8d6ca87cc697c3e3.rmeta

error[E0432]: unresolved imports `crate::Url`, `crate::Url`, `crate::Url`, `crate::Url`, `crate::Url`
  --> /home/andre/.cargo/registry/src/index.crates.io-1949cf8c6b5b557f/reqwest-0.12.24/src/error.rs:7:25
   |
 7 | use crate::{StatusCode, Url};
   |                         ^^^
   |
  ::: /home/andre/.cargo/registry/src/index.crates.io-1949cf8c6b5b557f/reqwest-0.12.24/src/async_impl/client.rs:46:37
   |
46 | use crate::{IntoUrl, Method, Proxy, Url};
   |                                     ^^^
   |
  ::: /home/andre/.cargo/registry/src/index.crates.io-1949cf8c6b5b557f/reqwest-0.12.24/src/async_impl/request.rs:19:21
   |
19 | use crate::{Method, Url};
   |                     ^^^
   |
  ::: /home/andre/.cargo/registry/src/index.crates.io-1949cf8c6b5b557f/reqwest-0.12.24/src/proxy.rs:9:5
   |
 9 | use crate::Url;
   |     ^^^^^^^^^^
   |
  ::: /home/andre/.cargo/registry/src/index.crates.io-1949cf8c6b5b557f/reqwest-0.12.24/src/redirect.rs:14:25
   |
14 | use crate::{async_impl, Url};
   |                         ^^^

error[E0786]: found invalid metadata files for crate `rustls`
   --> /home/andre/.cargo/registry/src/index.crates.io-1949cf8c6b5b557f/ureq-2.12.1/src/lib.rs:374:9
    |
374 | pub use rustls;
    |         ^^^^^^
    |
    = note: corrupt metadata encountered in /mnt/f/Node/hivellm/vectorizer/target/debug/deps/librustls-ef10a9817fbf3647.rmeta

error[E0786]: found invalid metadata files for crate `native_tls`
   --> /home/andre/.cargo/registry/src/index.crates.io-1949cf8c6b5b557f/ureq-2.12.1/src/lib.rs:380:9
    |
380 | pub use native_tls;
    |         ^^^^^^^^^^
    |
    = note: corrupt metadata encountered in /mnt/f/Node/hivellm/vectorizer/target/debug/deps/libnative_tls-b1be2d89358cf885.rmeta

error[E0786]: found invalid metadata files for crate `url`
   --> /home/andre/.cargo/registry/src/index.crates.io-1949cf8c6b5b557f/ureq-2.12.1/src/lib.rs:439:5
    |
439 | use url::Url;
    |     ^^^
    |
    = note: corrupt metadata encountered in /mnt/f/Node/hivellm/vectorizer/target/debug/deps/liburl-bd20f2501b4f254a.rmeta

error[E0786]: found invalid metadata files for crate `flate2`
  --> /home/andre/.cargo/registry/src/index.crates.io-1949cf8c6b5b557f/ureq-2.12.1/src/response.rs:26:5
   |
26 | use flate2::read::MultiGzDecoder;
   |     ^^^^^^
   |
   = note: corrupt metadata encountered in /mnt/f/Node/hivellm/vectorizer/target/debug/deps/libflate2-5859254af720a5c9.rmeta

error[E0786]: found invalid metadata files for crate `webpki_roots`
  --> /home/andre/.cargo/registry/src/index.crates.io-1949cf8c6b5b557f/ureq-2.12.1/src/rtls.rs:84:16
   |
84 |         roots: webpki_roots::TLS_SERVER_ROOTS.to_vec(),
   |                ^^^^^^^^^^^^
   |
   = note: corrupt metadata encountered in /mnt/f/Node/hivellm/vectorizer/target/debug/deps/libwebpki_roots-d4e0493a70725847.rmeta

error[E0786]: found invalid metadata files for crate `num_iter`
  --> /home/andre/.cargo/registry/src/index.crates.io-1949cf8c6b5b557f/num-bigint-dig-0.8.4/src/bigrand.rs:15:5
   |
15 | use num_iter::range_step;
   |     ^^^^^^^^
   |
   = note: corrupt metadata encountered in /mnt/f/Node/hivellm/vectorizer/target/debug/deps/libnum_iter-d85291f2a801ee99.rmeta

error[E0786]: found invalid metadata files for crate `h2`
   --> /home/andre/.cargo/registry/src/index.crates.io-1949cf8c6b5b557f/reqwest-0.12.24/src/retry.rs:300:49
    |
300 |         if let Some(err) = cause.downcast_ref::<h2::Error>() {
    |                                                 ^^
    |
    = note: corrupt metadata encountered in /mnt/f/Node/hivellm/vectorizer/target/debug/deps/libh2-f0c3d2c9291e98a6.rmeta

Some errors have detailed explanations: E0432, E0786.
For more information about an error, try `rustc --explain E0432`.
error: could not compile `chrono` (lib) due to 1 previous error
error: could not compile `reqwest` (lib) due to 13 previous errors
error[E0282]: type annotations needed for `(_, _)`
   --> /home/andre/.cargo/registry/src/index.crates.io-1949cf8c6b5b557f/ureq-2.12.1/src/request.rs:513:19
    |
513 |             .map(|(k, v)| (k.to_string(), v.to_string()))
    |                   ^^^^^^   - type must be known at this point
    |
help: consider giving this closure parameter an explicit type, where the placeholders `_` are specified
    |
513 |             .map(|(k, v): (_, _)| (k.to_string(), v.to_string()))
    |                         ++++++++

error[E0282]: type annotations needed for `({type error}, _)`
   --> /home/andre/.cargo/registry/src/index.crates.io-1949cf8c6b5b557f/ureq-2.12.1/src/request.rs:513:19
    |
513 |             .map(|(k, v)| (k.to_string(), v.to_string()))
    |                   ^^^^^^                  - type must be known at this point
    |
help: consider giving this closure parameter an explicit type, where the placeholders `_` are specified
    |
513 |             .map(|(k, v): (_, _)| (k.to_string(), v.to_string()))
    |                         ++++++++

error: could not compile `ureq` (lib) due to 7 previous errors
error[E0282]: type annotations needed
   --> /home/andre/.cargo/registry/src/index.crates.io-1949cf8c6b5b557f/ndarray-0.16.1/src/impl_ops.rs:284:55
    |
284 |             rhs.map(move |elt| self.clone() $operator elt.clone())
    |                                                       ^^^ cannot infer type
...
368 |     impl_scalar_lhs_op!(Complex<f32>, Ordered, -, Sub, sub, "subtraction");
    |     ---------------------------------------------------------------------- in this macro invocation
    |
    = note: this error originates in the macro `impl_scalar_lhs_op` (in Nightly builds, run with -Z macro-backtrace for more info)

error[E0282]: type annotations needed
   --> /home/andre/.cargo/registry/src/index.crates.io-1949cf8c6b5b557f/ndarray-0.16.1/src/impl_ops.rs:284:55
    |
284 |             rhs.map(move |elt| self.clone() $operator elt.clone())
    |                                                       ^^^ cannot infer type
...
370 |     impl_scalar_lhs_op!(Complex<f32>, Ordered, /, Div, div, "division");
    |     ------------------------------------------------------------------- in this macro invocation
    |
    = note: this error originates in the macro `impl_scalar_lhs_op` (in Nightly builds, run with -Z macro-backtrace for more info)

error[E0282]: type annotations needed
   --> /home/andre/.cargo/registry/src/index.crates.io-1949cf8c6b5b557f/ndarray-0.16.1/src/impl_ops.rs:284:55
    |
284 |             rhs.map(move |elt| self.clone() $operator elt.clone())
    |                                                       ^^^ cannot infer type
...
373 |     impl_scalar_lhs_op!(Complex<f64>, Ordered, -, Sub, sub, "subtraction");
    |     ---------------------------------------------------------------------- in this macro invocation
    |
    = note: this error originates in the macro `impl_scalar_lhs_op` (in Nightly builds, run with -Z macro-backtrace for more info)

error[E0282]: type annotations needed
   --> /home/andre/.cargo/registry/src/index.crates.io-1949cf8c6b5b557f/ndarray-0.16.1/src/impl_ops.rs:284:55
    |
284 |             rhs.map(move |elt| self.clone() $operator elt.clone())
    |                                                       ^^^ cannot infer type
...
375 |     impl_scalar_lhs_op!(Complex<f64>, Ordered, /, Div, div, "division");
    |     ------------------------------------------------------------------- in this macro invocation
    |
    = note: this error originates in the macro `impl_scalar_lhs_op` (in Nightly builds, run with -Z macro-backtrace for more info)

error: could not compile `num-bigint-dig` (lib) due to 1 previous error; 6 warnings emitted
error: could not compile `ndarray` (lib) due to 7 previous errors
error[E0405]: cannot find trait `Coefficient` in this scope
  --> /home/andre/.cargo/registry/src/index.crates.io-1949cf8c6b5b557f/rav1e-0.7.1/src/transform/forward.rs:71:31
   |
71 |   pub fn forward_transform<T: Coefficient>(
   |                               ^^^^^^^^^^^ not found in this scope

error[E0405]: cannot find trait `Pixel` in this scope
    --> /home/andre/.cargo/registry/src/index.crates.io-1949cf8c6b5b557f/rav1e-0.7.1/src/transform/inverse.rs:1635:35
     |
1635 |   pub fn inverse_transform_add<T: Pixel>(
     |                                   ^^^^^ not found in this scope

error[E0425]: cannot find function `clamp` in this scope
   --> /home/andre/.cargo/registry/src/index.crates.io-1949cf8c6b5b557f/rav1e-0.7.1/src/transform/mod.rs:315:3
    |
315 |   clamp(value, min_value, max_value)
    |   ^^^^^ not found in this scope
    |
help: consider importing this function
    |
 16 + use num_traits::clamp;
    |

error[E0405]: cannot find trait `Pixel` in this scope
  --> /home/andre/.cargo/registry/src/index.crates.io-1949cf8c6b5b557f/rav1e-0.7.1/src/activity.rs:23:24
   |
23 |   pub fn from_plane<T: Pixel>(luma_plane: &Plane<T>) -> ActivityMask {
   |                        ^^^^^ not found in this scope

error[E0412]: cannot find type `Plane` in this scope
  --> /home/andre/.cargo/registry/src/index.crates.io-1949cf8c6b5b557f/rav1e-0.7.1/src/activity.rs:23:44
   |
23 |   pub fn from_plane<T: Pixel>(luma_plane: &Plane<T>) -> ActivityMask {
   |                                            ^^^^^ not found in this scope

error[E0422]: cannot find struct, variant or union type `PlaneConfig` in this scope
  --> /home/andre/.cargo/registry/src/index.crates.io-1949cf8c6b5b557f/rav1e-0.7.1/src/activity.rs:24:9
   |
24 |     let PlaneConfig { width, height, .. } = luma_plane.cfg;
   |         ^^^^^^^^^^^ not found in this scope

error[E0405]: cannot find trait `Pixel` in this scope
  --> /home/andre/.cargo/registry/src/index.crates.io-1949cf8c6b5b557f/rav1e-0.7.1/src/activity.rs:69:20
   |
69 | fn variance_8x8<T: Pixel>(src: &PlaneRegion<'_, T>) -> u32 {
   |                    ^^^^^ not found in this scope

error[E0405]: cannot find trait `Pixel` in this scope
  --> /home/andre/.cargo/registry/src/index.crates.io-1949cf8c6b5b557f/rav1e-0.7.1/src/dist.rs:31:21
   |
31 |   pub fn get_sad<T: Pixel>(
   |                     ^^^^^ not found in this scope

error[E0405]: cannot find trait `Pixel` in this scope
   --> /home/andre/.cargo/registry/src/index.crates.io-1949cf8c6b5b557f/rav1e-0.7.1/src/dist.rs:156:22
    |
156 |   pub fn get_satd<T: Pixel>(
    |                      ^^^^^ not found in this scope

error[E0405]: cannot find trait `Pixel` in this scope
   --> /home/andre/.cargo/registry/src/index.crates.io-1949cf8c6b5b557f/rav1e-0.7.1/src/dist.rs:234:30
    |
234 |   pub fn get_weighted_sse<T: Pixel>(
    |                              ^^^^^ not found in this scope

error[E0405]: cannot find trait `Pixel` in this scope
   --> /home/andre/.cargo/registry/src/index.crates.io-1949cf8c6b5b557f/rav1e-0.7.1/src/dist.rs:302:30
    |
302 |   pub fn cdef_dist_kernel<T: Pixel>(
    |                              ^^^^^ not found in this scope

error[E0405]: cannot find trait `Pixel` in this scope
   --> /home/andre/.cargo/registry/src/index.crates.io-1949cf8c6b5b557f/rav1e-0.7.1/src/partition.rs:610:29
    |
610 | pub struct IntraEdge<'a, T: Pixel>(&'a [T], &'a [T], &'a [T]);
    |                             ^^^^^ not found in this scope

error[E0405]: cannot find trait `Pixel` in this scope
   --> /home/andre/.cargo/registry/src/index.crates.io-1949cf8c6b5b557f/rav1e-0.7.1/src/partition.rs:612:13
    |
612 | impl<'a, T: Pixel> IntraEdge<'a, T> {
    |             ^^^^^ not found in this scope

error[E0405]: cannot find trait `Pixel` in this scope
   --> /home/andre/.cargo/registry/src/index.crates.io-1949cf8c6b5b557f/rav1e-0.7.1/src/partition.rs:644:31
    |
644 | pub fn get_intra_edges<'a, T: Pixel>(
    |                               ^^^^^ not found in this scope

error[E0412]: cannot find type `PlaneOffset` in this scope
   --> /home/andre/.cargo/registry/src/index.crates.io-1949cf8c6b5b557f/rav1e-0.7.1/src/partition.rs:651:7
    |
651 |   po: PlaneOffset,
    |       ^^^^^^^^^^^ not found in this scope

error[E0405]: cannot find trait `Pixel` in this scope
   --> /home/andre/.cargo/registry/src/index.crates.io-1949cf8c6b5b557f/rav1e-0.7.1/src/predict.rs:204:27
    |
204 |   pub fn predict_intra<T: Pixel>(
    |                           ^^^^^ not found in this scope

error[E0405]: cannot find trait `Pixel` in this scope
   --> /home/andre/.cargo/registry/src/index.crates.io-1949cf8c6b5b557f/rav1e-0.7.1/src/predict.rs:283:23
    |
283 |   fn get_mv_params<T: Pixel>(
    |                       ^^^^^ not found in this scope

error[E0412]: cannot find type `Plane` in this scope
   --> /home/andre/.cargo/registry/src/index.crates.io-1949cf8c6b5b557f/rav1e-0.7.1/src/predict.rs:284:17
    |
284 |     rec_plane: &Plane<T>, po: PlaneOffset, mv: MotionVector,
    |                 ^^^^^ not found in this scope

error[E0412]: cannot find type `PlaneOffset` in this scope
   --> /home/andre/.cargo/registry/src/index.crates.io-1949cf8c6b5b557f/rav1e-0.7.1/src/predict.rs:284:31
    |
284 |     rec_plane: &Plane<T>, po: PlaneOffset, mv: MotionVector,
    |                               ^^^^^^^^^^^ not found in this scope

error[E0412]: cannot find type `PlaneSlice` in this scope
   --> /home/andre/.cargo/registry/src/index.crates.io-1949cf8c6b5b557f/rav1e-0.7.1/src/predict.rs:285:19
    |
285 |   ) -> (i32, i32, PlaneSlice<T>) {
    |                   ^^^^^^^^^^ not found in this scope

error[E0422]: cannot find struct, variant or union type `PlaneConfig` in this scope
   --> /home/andre/.cargo/registry/src/index.crates.io-1949cf8c6b5b557f/rav1e-0.7.1/src/predict.rs:286:10
    |
286 |     let &PlaneConfig { xdec, ydec, .. } = &rec_plane.cfg;
    |          ^^^^^^^^^^^ not found in this scope

error[E0422]: cannot find struct, variant or union type `PlaneOffset` in this scope
   --> /home/andre/.cargo/registry/src/index.crates.io-1949cf8c6b5b557f/rav1e-0.7.1/src/predict.rs:291:14
    |
291 |     let qo = PlaneOffset {
    |              ^^^^^^^^^^^ not found in this scope

error[E0405]: cannot find trait `Pixel` in this scope
   --> /home/andre/.cargo/registry/src/index.crates.io-1949cf8c6b5b557f/rav1e-0.7.1/src/predict.rs:303:34
    |
303 |   pub fn predict_inter_single<T: Pixel>(
    |                                  ^^^^^ not found in this scope

error[E0412]: cannot find type `PlaneOffset` in this scope
   --> /home/andre/.cargo/registry/src/index.crates.io-1949cf8c6b5b557f/rav1e-0.7.1/src/predict.rs:305:9
    |
305 |     po: PlaneOffset, dst: &mut PlaneRegionMut<'_, T>, width: usize,
    |         ^^^^^^^^^^^ not found in this scope

error[E0405]: cannot find trait `Pixel` in this scope
   --> /home/andre/.cargo/registry/src/index.crates.io-1949cf8c6b5b557f/rav1e-0.7.1/src/predict.rs:338:36
    |
338 |   pub fn predict_inter_compound<T: Pixel>(
    |                                    ^^^^^ not found in this scope

error[E0412]: cannot find type `PlaneOffset` in this scope
   --> /home/andre/.cargo/registry/src/index.crates.io-1949cf8c6b5b557f/rav1e-0.7.1/src/predict.rs:340:9
    |
340 |     po: PlaneOffset, dst: &mut PlaneRegionMut<'_, T>, width: usize,
    |         ^^^^^^^^^^^ not found in this scope

error[E0405]: cannot find trait `Pixel` in this scope
   --> /home/andre/.cargo/registry/src/index.crates.io-1949cf8c6b5b557f/rav1e-0.7.1/src/predict.rs:385:27
    |
385 |   pub fn predict_inter<T: Pixel>(
    |                           ^^^^^ not found in this scope

error[E0412]: cannot find type `PlaneOffset` in this scope
   --> /home/andre/.cargo/registry/src/index.crates.io-1949cf8c6b5b557f/rav1e-0.7.1/src/predict.rs:387:9
    |
387 |     po: PlaneOffset, dst: &mut PlaneRegionMut<'_, T>, width: usize,
    |         ^^^^^^^^^^^ not found in this scope

error[E0405]: cannot find trait `Pixel` in this scope
   --> /home/andre/.cargo/registry/src/index.crates.io-1949cf8c6b5b557f/rav1e-0.7.1/src/predict.rs:643:24
    |
643 | pub fn luma_ac<'ac, T: Pixel>(
    |                        ^^^^^ not found in this scope

error[E0422]: cannot find struct, variant or union type `PlaneConfig` in this scope
   --> /home/andre/.cargo/registry/src/index.crates.io-1949cf8c6b5b557f/rav1e-0.7.1/src/predict.rs:650:7
    |
650 |   let PlaneConfig { xdec, ydec, .. } = ts.input.planes[1].cfg;
    |       ^^^^^^^^^^^ not found in this scope

error[E0405]: cannot find trait `Coefficient` in this scope
   --> /home/andre/.cargo/registry/src/index.crates.io-1949cf8c6b5b557f/rav1e-0.7.1/src/quantize/mod.rs:270:22
    |
270 |   pub fn quantize<T: Coefficient>(
    |                      ^^^^^^^^^^^ not found in this scope

error[E0405]: cannot find trait `Coefficient` in this scope
   --> /home/andre/.cargo/registry/src/index.crates.io-1949cf8c6b5b557f/rav1e-0.7.1/src/quantize/mod.rs:364:24
    |
364 |   pub fn dequantize<T: Coefficient>(
    |                        ^^^^^^^^^^^ not found in this scope

error[E0412]: cannot find type `ArrayVec` in this scope
  --> /home/andre/.cargo/registry/src/index.crates.io-1949cf8c6b5b557f/rav1e-0.7.1/src/rdo.rs:85:19
   |
85 |   pub part_modes: ArrayVec<PartitionParameters, 4>,
   |                   ^^^^^^^^ not found in this scope

error[E0422]: cannot find struct, variant or union type `PlaneConfig` in this scope
   --> /home/andre/.cargo/registry/src/index.crates.io-1949cf8c6b5b557f/rav1e-0.7.1/src/rdo.rs:311:9
    |
311 |     let PlaneConfig { xdec, ydec, .. } = ts.input.planes[1].cfg;
    |         ^^^^^^^^^^^ not found in this scope

error[E0422]: cannot find struct, variant or union type `PlaneConfig` in this scope
   --> /home/andre/.cargo/registry/src/index.crates.io-1949cf8c6b5b557f/rav1e-0.7.1/src/rdo.rs:399:9
    |
399 |     let PlaneConfig { xdec, ydec, .. } = ts.input.planes[1].cfg;
    |         ^^^^^^^^^^^ not found in this scope

error[E0412]: cannot find type `ArrayVec` in this scope
   --> /home/andre/.cargo/registry/src/index.crates.io-1949cf8c6b5b557f/rav1e-0.7.1/src/rdo.rs:821:35
    |
821 |   mode_context: usize, mv_stack: &ArrayVec<CandidateMV, 9>,
    |                                   ^^^^^^^^ not found in this scope

error[E0422]: cannot find struct, variant or union type `PlaneConfig` in this scope
   --> /home/andre/.cargo/registry/src/index.crates.io-1949cf8c6b5b557f/rav1e-0.7.1/src/rdo.rs:824:7
    |
824 |   let PlaneConfig { xdec, ydec, .. } = ts.input.planes[1].cfg;
    |       ^^^^^^^^^^^ not found in this scope

error[E0422]: cannot find struct, variant or union type `PlaneConfig` in this scope
   --> /home/andre/.cargo/registry/src/index.crates.io-1949cf8c6b5b557f/rav1e-0.7.1/src/rdo.rs:966:7
    |
966 |   let PlaneConfig { xdec, ydec, .. } = ts.input.planes[1].cfg;
    |       ^^^^^^^^^^^ not found in this scope

error[E0412]: cannot find type `ArrayVec` in this scope
    --> /home/andre/.cargo/registry/src/index.crates.io-1949cf8c6b5b557f/rav1e-0.7.1/src/rdo.rs:1358:53
     |
1358 |     izip!(inter_mode_set, mvs_set, satds).collect::<ArrayVec<_, 20>>();
     |                                                     ^^^^^^^^ not found in this scope

error[E0422]: cannot find struct, variant or union type `PlaneConfig` in this scope
    --> /home/andre/.cargo/registry/src/index.crates.io-1949cf8c6b5b557f/rav1e-0.7.1/src/rdo.rs:1595:7
     |
1595 |   let PlaneConfig { xdec, ydec, .. } = ts.input.planes[1].cfg;
     |       ^^^^^^^^^^^ not found in this scope

error[E0412]: cannot find type `ArrayVec` in this scope
    --> /home/andre/.cargo/registry/src/index.crates.io-1949cf8c6b5b557f/rav1e-0.7.1/src/rdo.rs:1615:19
     |
1615 |   let best_alpha: ArrayVec<i16, 2> = (1..3)
     |                   ^^^^^^^^ not found in this scope

error[E0422]: cannot find struct, variant or union type `PlaneConfig` in this scope
    --> /home/andre/.cargo/registry/src/index.crates.io-1949cf8c6b5b557f/rav1e-0.7.1/src/rdo.rs:1617:12
     |
1617 |       let &PlaneConfig { xdec, ydec, .. } = ts.rec.planes[p].plane_cfg;
     |            ^^^^^^^^^^^ not found in this scope

error[E0422]: cannot find struct, variant or union type `PlaneConfig` in this scope
    --> /home/andre/.cargo/registry/src/index.crates.io-1949cf8c6b5b557f/rav1e-0.7.1/src/rdo.rs:1709:7
     |
1709 |   let PlaneConfig { xdec, ydec, .. } = ts.input.planes[1].cfg;
     |       ^^^^^^^^^^^ not found in this scope

error[E0412]: cannot find type `ArrayVec` in this scope
    --> /home/andre/.cargo/registry/src/index.crates.io-1949cf8c6b5b557f/rav1e-0.7.1/src/rdo.rs:1825:6
     |
1825 | ) -> ArrayVec<TileBlockOffset, 4> {
     |      ^^^^^^^^ not found in this scope

error[E0412]: cannot find type `ArrayVec` in this scope
    --> /home/andre/.cargo/registry/src/index.crates.io-1949cf8c6b5b557f/rav1e-0.7.1/src/rdo.rs:1850:46
     |
1850 |   inter_cfg: &InterConfig, child_modes: &mut ArrayVec<PartitionParameters, 4>,
     |                                              ^^^^^^^^ not found in this scope

error[E0412]: cannot find type `ArrayVec` in this scope
    --> /home/andre/.cargo/registry/src/index.crates.io-1949cf8c6b5b557f/rav1e-0.7.1/src/rdo.rs:1869:21
     |
1869 |   child_modes: &mut ArrayVec<PartitionParameters, 4>,
     |                     ^^^^^^^^ not found in this scope

error[E0422]: cannot find struct, variant or union type `PlaneConfig` in this scope
    --> /home/andre/.cargo/registry/src/index.crates.io-1949cf8c6b5b557f/rav1e-0.7.1/src/rdo.rs:2043:13
     |
2043 |         let PlaneConfig { xdec, ydec, .. } = *src_plane.plane_cfg;
     |             ^^^^^^^^^^^ not found in this scope

error[E0422]: cannot find struct, variant or union type `PlaneConfig` in this scope
    --> /home/andre/.cargo/registry/src/index.crates.io-1949cf8c6b5b557f/rav1e-0.7.1/src/rdo.rs:2333:15
     |
2333 |           let PlaneConfig { xdec, ydec, width, height, .. } =
     |               ^^^^^^^^^^^ not found in this scope

error[E0422]: cannot find struct, variant or union type `PlaneConfig` in this scope
    --> /home/andre/.cargo/registry/src/index.crates.io-1949cf8c6b5b557f/rav1e-0.7.1/src/rdo.rs:2410:19
     |
2410 |               let PlaneConfig { xdec, ydec, .. } = cdef_ref.planes[pli].cfg;
     |                   ^^^^^^^^^^^ not found in this scope

error[E0422]: cannot find struct, variant or union type `PlaneConfig` in this scope
    --> /home/andre/.cargo/registry/src/index.crates.io-1949cf8c6b5b557f/rav1e-0.7.1/src/rdo.rs:2590:13
     |
2590 |         let PlaneConfig { xdec, ydec, .. } = lrf_ref.planes[pli].cfg;
     |             ^^^^^^^^^^^ not found in this scope

error[E0412]: cannot find type `PlaneSlice` in this scope
  --> /home/andre/.cargo/registry/src/index.crates.io-1949cf8c6b5b557f/rav1e-0.7.1/src/cdef.rs:85:11
   |
85 |     img: &PlaneSlice<'_, T>, var: &mut u32, coeff_shift: usize,
   |           ^^^^^^^^^^ not found in this scope

error[E0422]: cannot find struct, variant or union type `PlaneOffset` in this scope
   --> /home/andre/.cargo/registry/src/index.crates.io-1949cf8c6b5b557f/rav1e-0.7.1/src/cdef.rs:475:23
    |
475 |           let in_po = PlaneOffset {
    |                       ^^^^^^^^^^^ not found in this scope

error[E0412]: cannot find type `PlaneConfig` in this scope
  --> /home/andre/.cargo/registry/src/index.crates.io-1949cf8c6b5b557f/rav1e-0.7.1/src/context/superblock_unit.rs:65:39
   |
65 |   const fn plane_offset(self, plane: &PlaneConfig) -> PlaneOffset {
   |                                       ^^^^^^^^^^^ not found in this scope

error[E0412]: cannot find type `PlaneOffset` in this scope
  --> /home/andre/.cargo/registry/src/index.crates.io-1949cf8c6b5b557f/rav1e-0.7.1/src/context/superblock_unit.rs:65:55
   |
65 |   const fn plane_offset(self, plane: &PlaneConfig) -> PlaneOffset {
   |                                                       ^^^^^^^^^^^ not found in this scope

error[E0422]: cannot find struct, variant or union type `PlaneOffset` in this scope
  --> /home/andre/.cargo/registry/src/index.crates.io-1949cf8c6b5b557f/rav1e-0.7.1/src/context/superblock_unit.rs:66:5
   |
66 |     PlaneOffset {
   |     ^^^^^^^^^^^ not found in this scope

error[E0412]: cannot find type `PlaneConfig` in this scope
  --> /home/andre/.cargo/registry/src/index.crates.io-1949cf8c6b5b557f/rav1e-0.7.1/src/context/superblock_unit.rs:92:43
   |
92 |   pub const fn plane_offset(self, plane: &PlaneConfig) -> PlaneOffset {
   |                                           ^^^^^^^^^^^ not found in this scope

error[E0412]: cannot find type `PlaneOffset` in this scope
  --> /home/andre/.cargo/registry/src/index.crates.io-1949cf8c6b5b557f/rav1e-0.7.1/src/context/superblock_unit.rs:92:59
   |
92 |   pub const fn plane_offset(self, plane: &PlaneConfig) -> PlaneOffset {
   |                                                           ^^^^^^^^^^^ not found in this scope

error[E0412]: cannot find type `PlaneConfig` in this scope
   --> /home/andre/.cargo/registry/src/index.crates.io-1949cf8c6b5b557f/rav1e-0.7.1/src/context/superblock_unit.rs:116:43
    |
116 |   pub const fn plane_offset(self, plane: &PlaneConfig) -> PlaneOffset {
    |                                           ^^^^^^^^^^^ not found in this scope

error[E0412]: cannot find type `PlaneOffset` in this scope
   --> /home/andre/.cargo/registry/src/index.crates.io-1949cf8c6b5b557f/rav1e-0.7.1/src/context/superblock_unit.rs:116:59
    |
116 |   pub const fn plane_offset(self, plane: &PlaneConfig) -> PlaneOffset {
    |                                                           ^^^^^^^^^^^ not found in this scope

error[E0405]: cannot find trait `Coefficient` in this scope
   --> /home/andre/.cargo/registry/src/index.crates.io-1949cf8c6b5b557f/rav1e-0.7.1/src/context/transform_unit.rs:780:29
    |
780 |   pub fn txb_init_levels<T: Coefficient>(
    |                             ^^^^^^^^^^^ not found in this scope

error[E0412]: cannot find type `PlaneConfig` in this scope
  --> /home/andre/.cargo/registry/src/index.crates.io-1949cf8c6b5b557f/rav1e-0.7.1/src/context/block_unit.rs:69:39
   |
69 |   const fn plane_offset(self, plane: &PlaneConfig) -> PlaneOffset {
   |                                       ^^^^^^^^^^^ not found in this scope

error[E0412]: cannot find type `PlaneOffset` in this scope
  --> /home/andre/.cargo/registry/src/index.crates.io-1949cf8c6b5b557f/rav1e-0.7.1/src/context/block_unit.rs:69:55
   |
69 |   const fn plane_offset(self, plane: &PlaneConfig) -> PlaneOffset {
   |                                                       ^^^^^^^^^^^ not found in this scope

error[E0422]: cannot find struct, variant or union type `PlaneOffset` in this scope
  --> /home/andre/.cargo/registry/src/index.crates.io-1949cf8c6b5b557f/rav1e-0.7.1/src/context/block_unit.rs:70:5
   |
70 |     PlaneOffset {
   |     ^^^^^^^^^^^ not found in this scope

error[E0412]: cannot find type `PlaneOffset` in this scope
  --> /home/andre/.cargo/registry/src/index.crates.io-1949cf8c6b5b557f/rav1e-0.7.1/src/context/block_unit.rs:78:42
   |
78 |   const fn to_luma_plane_offset(self) -> PlaneOffset {
   |                                          ^^^^^^^^^^^ not found in this scope

error[E0422]: cannot find struct, variant or union type `PlaneOffset` in this scope
  --> /home/andre/.cargo/registry/src/index.crates.io-1949cf8c6b5b557f/rav1e-0.7.1/src/context/block_unit.rs:79:5
   |
79 |     PlaneOffset {
   |     ^^^^^^^^^^^ not found in this scope

error[E0412]: cannot find type `PlaneConfig` in this scope
   --> /home/andre/.cargo/registry/src/index.crates.io-1949cf8c6b5b557f/rav1e-0.7.1/src/context/block_unit.rs:110:43
    |
110 |   pub const fn plane_offset(self, plane: &PlaneConfig) -> PlaneOffset {
    |                                           ^^^^^^^^^^^ not found in this scope

error[E0412]: cannot find type `PlaneOffset` in this scope
   --> /home/andre/.cargo/registry/src/index.crates.io-1949cf8c6b5b557f/rav1e-0.7.1/src/context/block_unit.rs:110:59
    |
110 |   pub const fn plane_offset(self, plane: &PlaneConfig) -> PlaneOffset {
    |                                                           ^^^^^^^^^^^ not found in this scope

error[E0412]: cannot find type `PlaneOffset` in this scope
   --> /home/andre/.cargo/registry/src/index.crates.io-1949cf8c6b5b557f/rav1e-0.7.1/src/context/block_unit.rs:116:46
    |
116 |   pub const fn to_luma_plane_offset(self) -> PlaneOffset {
    |                                              ^^^^^^^^^^^ not found in this scope

error[E0412]: cannot find type `PlaneConfig` in this scope
   --> /home/andre/.cargo/registry/src/index.crates.io-1949cf8c6b5b557f/rav1e-0.7.1/src/context/block_unit.rs:142:43
    |
142 |   pub const fn plane_offset(self, plane: &PlaneConfig) -> PlaneOffset {
    |                                           ^^^^^^^^^^^ not found in this scope

error[E0412]: cannot find type `PlaneOffset` in this scope
   --> /home/andre/.cargo/registry/src/index.crates.io-1949cf8c6b5b557f/rav1e-0.7.1/src/context/block_unit.rs:142:59
    |
142 |   pub const fn plane_offset(self, plane: &PlaneConfig) -> PlaneOffset {
    |                                                           ^^^^^^^^^^^ not found in this scope

error[E0412]: cannot find type `PlaneOffset` in this scope
   --> /home/andre/.cargo/registry/src/index.crates.io-1949cf8c6b5b557f/rav1e-0.7.1/src/context/block_unit.rs:148:46
    |
148 |   pub const fn to_luma_plane_offset(self) -> PlaneOffset {
    |                                              ^^^^^^^^^^^ not found in this scope

error[E0412]: cannot find type `ArrayVec` in this scope
   --> /home/andre/.cargo/registry/src/index.crates.io-1949cf8c6b5b557f/rav1e-0.7.1/src/context/block_unit.rs:815:38
    |
815 |     mv: MotionVector, mv_stack: &mut ArrayVec<CandidateMV, 9>,
    |                                      ^^^^^^^^ not found in this scope

error[E0412]: cannot find type `ArrayVec` in this scope
   --> /home/andre/.cargo/registry/src/index.crates.io-1949cf8c6b5b557f/rav1e-0.7.1/src/context/block_unit.rs:826:38
    |
826 |     mv: MotionVector, mv_stack: &mut ArrayVec<CandidateMV, 9>, weight: u32,
    |                                      ^^^^^^^^ not found in this scope

error[E0412]: cannot find type `ArrayVec` in this scope
   --> /home/andre/.cargo/registry/src/index.crates.io-1949cf8c6b5b557f/rav1e-0.7.1/src/context/block_unit.rs:838:44
    |
838 |     mvs: [MotionVector; 2], mv_stack: &mut ArrayVec<CandidateMV, 9>,
    |                                            ^^^^^^^^ not found in this scope

error[E0412]: cannot find type `ArrayVec` in this scope
   --> /home/andre/.cargo/registry/src/index.crates.io-1949cf8c6b5b557f/rav1e-0.7.1/src/context/block_unit.rs:856:20
    |
856 |     mv_stack: &mut ArrayVec<CandidateMV, 9>, weight: u32,
    |                    ^^^^^^^^ not found in this scope

error[E0405]: cannot find trait `Pixel` in this scope
   --> /home/andre/.cargo/registry/src/index.crates.io-1949cf8c6b5b557f/rav1e-0.7.1/src/context/block_unit.rs:914:32
    |
914 |   fn add_extra_mv_candidate<T: Pixel>(
    |                                ^^^^^ not found in this scope

error[E0412]: cannot find type `ArrayVec` in this scope
   --> /home/andre/.cargo/registry/src/index.crates.io-1949cf8c6b5b557f/rav1e-0.7.1/src/context/block_unit.rs:916:20
    |
916 |     mv_stack: &mut ArrayVec<CandidateMV, 9>, fi: &FrameInvariants<T>,
    |                    ^^^^^^^^ not found in this scope

error[E0412]: cannot find type `ArrayVec` in this scope
   --> /home/andre/.cargo/registry/src/index.crates.io-1949cf8c6b5b557f/rav1e-0.7.1/src/context/block_unit.rs:971:20
    |
971 |     mv_stack: &mut ArrayVec<CandidateMV, 9>, newmv_count: &mut usize,
    |                    ^^^^^^^^ not found in this scope

error[E0412]: cannot find type `ArrayVec` in this scope
    --> /home/andre/.cargo/registry/src/index.crates.io-1949cf8c6b5b557f/rav1e-0.7.1/src/context/block_unit.rs:1037:20
     |
1037 |     mv_stack: &mut ArrayVec<CandidateMV, 9>, newmv_count: &mut usize,
     |                    ^^^^^^^^ not found in this scope

error[E0412]: cannot find type `ArrayVec` in this scope
    --> /home/andre/.cargo/registry/src/index.crates.io-1949cf8c6b5b557f/rav1e-0.7.1/src/context/block_unit.rs:1102:20
     |
1102 |     mv_stack: &mut ArrayVec<CandidateMV, 9>, newmv_count: &mut usize,
     |                    ^^^^^^^^ not found in this scope

error[E0412]: cannot find type `ArrayVec` in this scope
    --> /home/andre/.cargo/registry/src/index.crates.io-1949cf8c6b5b557f/rav1e-0.7.1/src/context/block_unit.rs:1121:32
     |
1121 |   fn add_offset(mv_stack: &mut ArrayVec<CandidateMV, 9>) {
     |                                ^^^^^^^^ not found in this scope

error[E0405]: cannot find trait `Pixel` in this scope
    --> /home/andre/.cargo/registry/src/index.crates.io-1949cf8c6b5b557f/rav1e-0.7.1/src/context/block_unit.rs:1128:26
     |
1128 |   fn setup_mvref_list<T: Pixel>(
     |                          ^^^^^ not found in this scope

error[E0412]: cannot find type `ArrayVec` in this scope
    --> /home/andre/.cargo/registry/src/index.crates.io-1949cf8c6b5b557f/rav1e-0.7.1/src/context/block_unit.rs:1130:20
     |
1130 |     mv_stack: &mut ArrayVec<CandidateMV, 9>, bsize: BlockSize,
     |                    ^^^^^^^^ not found in this scope

error[E0405]: cannot find trait `Pixel` in this scope
    --> /home/andre/.cargo/registry/src/index.crates.io-1949cf8c6b5b557f/rav1e-0.7.1/src/context/block_unit.rs:1424:25
     |
1424 |   pub fn find_mvrefs<T: Pixel>(
     |                         ^^^^^ not found in this scope

error[E0412]: cannot find type `ArrayVec` in this scope
    --> /home/andre/.cargo/registry/src/index.crates.io-1949cf8c6b5b557f/rav1e-0.7.1/src/context/block_unit.rs:1426:20
     |
1426 |     mv_stack: &mut ArrayVec<CandidateMV, 9>, bsize: BlockSize,
     |                    ^^^^^^^^ not found in this scope

error[E0405]: cannot find trait `Coefficient` in this scope
    --> /home/andre/.cargo/registry/src/index.crates.io-1949cf8c6b5b557f/rav1e-0.7.1/src/context/block_unit.rs:1784:33
     |
1784 |   pub fn write_coeffs_lv_map<T: Coefficient, W: Writer>(
     |                                 ^^^^^^^^^^^ not found in this scope

error[E0412]: cannot find type `ArrayVec` in this scope
    --> /home/andre/.cargo/registry/src/index.crates.io-1949cf8c6b5b557f/rav1e-0.7.1/src/context/block_unit.rs:1802:37
     |
1802 |     let mut coeffs_storage: Aligned<ArrayVec<T, { 32 * 32 }>> =
     |                                     ^^^^^^^^ not found in this scope

error[E0405]: cannot find trait `Coefficient` in this scope
    --> /home/andre/.cargo/registry/src/index.crates.io-1949cf8c6b5b557f/rav1e-0.7.1/src/context/block_unit.rs:1917:23
     |
1917 |   fn encode_coeffs<T: Coefficient, W: Writer>(
     |                       ^^^^^^^^^^^ not found in this scope

error[E0405]: cannot find trait `Coefficient` in this scope
    --> /home/andre/.cargo/registry/src/index.crates.io-1949cf8c6b5b557f/rav1e-0.7.1/src/context/block_unit.rs:1984:28
     |
1984 |   fn encode_coeff_signs<T: Coefficient, W: Writer>(
     |                            ^^^^^^^^^^^ not found in this scope

error[E0405]: cannot find trait `Pixel` in this scope
  --> /home/andre/.cargo/registry/src/index.crates.io-1949cf8c6b5b557f/rav1e-0.7.1/src/context/frame_header.rs:67:30
   |
67 |   pub fn write_ref_frames<T: Pixel, W: Writer>(
   |                              ^^^^^ not found in this scope

error[E0425]: cannot find function `clamp` in this scope
  --> /home/andre/.cargo/registry/src/index.crates.io-1949cf8c6b5b557f/rav1e-0.7.1/src/encoder.rs:62:3
   |
62 |   clamp((q * q).mul_add(a, q.mul_add(b, c)).round() as i32, 0, max)
   |   ^^^^^ not found in this scope
   |
help: consider importing this function
   |
10 + use num_traits::clamp;
   |

error[E0405]: cannot find trait `Pixel` in this scope
  --> /home/andre/.cargo/registry/src/index.crates.io-1949cf8c6b5b557f/rav1e-0.7.1/src/encoder.rs:77:30
   |
77 | pub struct ReferenceFrame<T: Pixel> {
   |                              ^^^^^ not found in this scope

error[E0412]: cannot find type `Plane` in this scope
  --> /home/andre/.cargo/registry/src/index.crates.io-1949cf8c6b5b557f/rav1e-0.7.1/src/encoder.rs:84:23
   |
84 |   pub input_hres: Arc<Plane<T>>,
   |                       ^^^^^ not found in this scope

error[E0412]: cannot find type `Plane` in this scope
  --> /home/andre/.cargo/registry/src/index.crates.io-1949cf8c6b5b557f/rav1e-0.7.1/src/encoder.rs:85:23
   |
85 |   pub input_qres: Arc<Plane<T>>,
   |                       ^^^^^ not found in this scope

error[E0405]: cannot find trait `Pixel` in this scope
  --> /home/andre/.cargo/registry/src/index.crates.io-1949cf8c6b5b557f/rav1e-0.7.1/src/encoder.rs:93:34
   |
93 | pub struct ReferenceFramesSet<T: Pixel> {
   |                                  ^^^^^ not found in this scope

error[E0405]: cannot find trait `Pixel` in this scope
  --> /home/andre/.cargo/registry/src/index.crates.io-1949cf8c6b5b557f/rav1e-0.7.1/src/encoder.rs:98:9
   |
98 | impl<T: Pixel> ReferenceFramesSet<T> {
   |         ^^^^^ not found in this scope

error[E0405]: cannot find trait `Pixel` in this scope
   --> /home/andre/.cargo/registry/src/index.crates.io-1949cf8c6b5b557f/rav1e-0.7.1/src/encoder.rs:340:35
    |
340 |   pub fn get_skip_mode_allowed<T: Pixel>(
    |                                   ^^^^^ not found in this scope

error[E0405]: cannot find trait `Pixel` in this scope
   --> /home/andre/.cargo/registry/src/index.crates.io-1949cf8c6b5b557f/rav1e-0.7.1/src/encoder.rs:410:26
    |
410 | pub struct FrameState<T: Pixel> {
    |                          ^^^^^ not found in this scope

error[E0412]: cannot find type `Plane` in this scope
   --> /home/andre/.cargo/registry/src/index.crates.io-1949cf8c6b5b557f/rav1e-0.7.1/src/encoder.rs:413:23
    |
413 |   pub input_hres: Arc<Plane<T>>, // half-resolution version of input luma
    |                       ^^^^^ not found in this scope

error[E0412]: cannot find type `Plane` in this scope
   --> /home/andre/.cargo/registry/src/index.crates.io-1949cf8c6b5b557f/rav1e-0.7.1/src/encoder.rs:414:23
    |
414 |   pub input_qres: Arc<Plane<T>>, // quarter-resolution version of input luma
    |                       ^^^^^ not found in this scope

error[E0405]: cannot find trait `Pixel` in this scope
   --> /home/andre/.cargo/registry/src/index.crates.io-1949cf8c6b5b557f/rav1e-0.7.1/src/encoder.rs:428:9
    |
428 | impl<T: Pixel> FrameState<T> {
    |         ^^^^^ not found in this scope

error[E0422]: cannot find struct, variant or union type `PlaneConfig` in this scope
   --> /home/andre/.cargo/registry/src/index.crates.io-1949cf8c6b5b557f/rav1e-0.7.1/src/encoder.rs:505:9
    |
505 |     let PlaneConfig { width, height, .. } = self.rec.planes[0].cfg;
    |         ^^^^^^^^^^^ not found in this scope

error[E0405]: cannot find trait `Pixel` in this scope
   --> /home/andre/.cargo/registry/src/index.crates.io-1949cf8c6b5b557f/rav1e-0.7.1/src/encoder.rs:604:31
    |
604 | pub struct FrameInvariants<T: Pixel> {
    |                               ^^^^^ not found in this scope

error[E0405]: cannot find trait `Pixel` in this scope
   --> /home/andre/.cargo/registry/src/index.crates.io-1949cf8c6b5b557f/rav1e-0.7.1/src/encoder.rs:687:30
    |
687 | pub struct CodedFrameData<T: Pixel> {
    |                              ^^^^^ not found in this scope

error[E0405]: cannot find trait `Pixel` in this scope
   --> /home/andre/.cargo/registry/src/index.crates.io-1949cf8c6b5b557f/rav1e-0.7.1/src/encoder.rs:713:9
    |
713 | impl<T: Pixel> CodedFrameData<T> {
    |         ^^^^^ not found in this scope

error[E0405]: cannot find trait `Pixel` in this scope
   --> /home/andre/.cargo/registry/src/index.crates.io-1949cf8c6b5b557f/rav1e-0.7.1/src/encoder.rs:829:9
    |
829 | impl<T: Pixel> FrameInvariants<T> {
    |         ^^^^^ not found in this scope

error[E0425]: cannot find value `DEFAULT_GRAIN_SEED` in this scope
    --> /home/andre/.cargo/registry/src/index.crates.io-1949cf8c6b5b557f/rav1e-0.7.1/src/encoder.rs:1113:32
     |
1113 |           params.random_seed = DEFAULT_GRAIN_SEED;
     |                                ^^^^^^^^^^^^^^^^^^ not found in this scope

error[E0405]: cannot find trait `Pixel` in this scope
    --> /home/andre/.cargo/registry/src/index.crates.io-1949cf8c6b5b557f/rav1e-0.7.1/src/encoder.rs:1288:9
     |
1288 | impl<T: Pixel> fmt::Display for FrameInvariants<T> {
     |         ^^^^^ not found in this scope

error[E0405]: cannot find trait `Pixel` in this scope
    --> /home/andre/.cargo/registry/src/index.crates.io-1949cf8c6b5b557f/rav1e-0.7.1/src/encoder.rs:1302:28
     |
1302 | fn write_key_frame_obus<T: Pixel>(
     |                            ^^^^^ not found in this scope

error[E0405]: cannot find trait `Pixel` in this scope
    --> /home/andre/.cargo/registry/src/index.crates.io-1949cf8c6b5b557f/rav1e-0.7.1/src/encoder.rs:1356:12
     |
1356 | fn diff<T: Pixel>(
     |            ^^^^^ not found in this scope

error[E0405]: cannot find trait `Pixel` in this scope
    --> /home/andre/.cargo/registry/src/index.crates.io-1949cf8c6b5b557f/rav1e-0.7.1/src/encoder.rs:1384:16
     |
1384 | fn get_qidx<T: Pixel>(
     |                ^^^^^ not found in this scope

error[E0425]: cannot find function `clamp` in this scope
    --> /home/andre/.cargo/registry/src/index.crates.io-1949cf8c6b5b557f/rav1e-0.7.1/src/encoder.rs:1392:12
     |
1392 |     qidx = clamp((qidx as i16) + delta, 0, 255) as u8;
     |            ^^^^^ not found in this scope
     |
help: consider importing this function
     |
  10 + use num_traits::clamp;
     |

error[E0405]: cannot find trait `Pixel` in this scope
    --> /home/andre/.cargo/registry/src/index.crates.io-1949cf8c6b5b557f/rav1e-0.7.1/src/encoder.rs:1405:27
     |
1405 | pub fn encode_tx_block<T: Pixel, W: Writer>(
     |                           ^^^^^ not found in this scope

error[E0412]: cannot find type `PlaneOffset` in this scope
    --> /home/andre/.cargo/registry/src/index.crates.io-1949cf8c6b5b557f/rav1e-0.7.1/src/encoder.rs:1426:7
     |
1426 |   po: PlaneOffset,
     |       ^^^^^^^^^^^ not found in this scope

error[E0422]: cannot find struct, variant or union type `PlaneConfig` in this scope
    --> /home/andre/.cargo/registry/src/index.crates.io-1949cf8c6b5b557f/rav1e-0.7.1/src/encoder.rs:1434:7
     |
1434 |   let PlaneConfig { xdec, ydec, .. } = ts.input.planes[p].cfg;
     |       ^^^^^^^^^^^ not found in this scope

error[E0405]: cannot find trait `Pixel` in this scope
    --> /home/andre/.cargo/registry/src/index.crates.io-1949cf8c6b5b557f/rav1e-0.7.1/src/encoder.rs:1668:29
     |
1668 | pub fn motion_compensate<T: Pixel>(
     |                             ^^^^^ not found in this scope

error[E0422]: cannot find struct, variant or union type `PlaneConfig` in this scope
    --> /home/andre/.cargo/registry/src/index.crates.io-1949cf8c6b5b557f/rav1e-0.7.1/src/encoder.rs:1676:7
     |
1676 |   let PlaneConfig { xdec: u_xdec, ydec: u_ydec, .. } = ts.input.planes[1].cfg;
     |       ^^^^^^^^^^^ not found in this scope

error[E0422]: cannot find struct, variant or union type `PlaneConfig` in this scope
    --> /home/andre/.cargo/registry/src/index.crates.io-1949cf8c6b5b557f/rav1e-0.7.1/src/encoder.rs:1705:10
     |
1705 |     let &PlaneConfig { xdec, ydec, .. } = rec.plane_cfg;
     |          ^^^^^^^^^^^ not found in this scope

error[E0422]: cannot find struct, variant or union type `PlaneOffset` in this scope
    --> /home/andre/.cargo/registry/src/index.crates.io-1949cf8c6b5b557f/rav1e-0.7.1/src/encoder.rs:1747:21
     |
1747 |           let po1 = PlaneOffset { x: po.x + 2, y: po.y };
     |                     ^^^^^^^^^^^ not found in this scope

error[E0422]: cannot find struct, variant or union type `PlaneOffset` in this scope
    --> /home/andre/.cargo/registry/src/index.crates.io-1949cf8c6b5b557f/rav1e-0.7.1/src/encoder.rs:1751:21
     |
1751 |           let po2 = PlaneOffset { x: po.x, y: po.y + 2 };
     |                     ^^^^^^^^^^^ not found in this scope

error[E0422]: cannot find struct, variant or union type `PlaneOffset` in this scope
    --> /home/andre/.cargo/registry/src/index.crates.io-1949cf8c6b5b557f/rav1e-0.7.1/src/encoder.rs:1753:21
     |
1753 |           let po3 = PlaneOffset { x: po.x + 2, y: po.y + 2 };
     |                     ^^^^^^^^^^^ not found in this scope

error[E0422]: cannot find struct, variant or union type `PlaneOffset` in this scope
    --> /home/andre/.cargo/registry/src/index.crates.io-1949cf8c6b5b557f/rav1e-0.7.1/src/encoder.rs:1819:21
     |
1819 |           let po3 = PlaneOffset { x: po.x, y: po.y + 2 };
     |                     ^^^^^^^^^^^ not found in this scope

error[E0422]: cannot find struct, variant or union type `PlaneOffset` in this scope
    --> /home/andre/.cargo/registry/src/index.crates.io-1949cf8c6b5b557f/rav1e-0.7.1/src/encoder.rs:1849:21
     |
1849 |           let po3 = PlaneOffset { x: po.x + 2, y: po.y };
     |                     ^^^^^^^^^^^ not found in this scope

error[E0405]: cannot find trait `Pixel` in this scope
    --> /home/andre/.cargo/registry/src/index.crates.io-1949cf8c6b5b557f/rav1e-0.7.1/src/encoder.rs:1882:29
     |
1882 | pub fn save_block_motion<T: Pixel>(
     |                             ^^^^^ not found in this scope

error[E0405]: cannot find trait `Pixel` in this scope
    --> /home/andre/.cargo/registry/src/index.crates.io-1949cf8c6b5b557f/rav1e-0.7.1/src/encoder.rs:1897:33
     |
1897 | pub fn encode_block_pre_cdef<T: Pixel, W: Writer>(
     |                                 ^^^^^ not found in this scope

error[E0405]: cannot find trait `Pixel` in this scope
    --> /home/andre/.cargo/registry/src/index.crates.io-1949cf8c6b5b557f/rav1e-0.7.1/src/encoder.rs:1938:34
     |
1938 | pub fn encode_block_post_cdef<T: Pixel, W: Writer>(
     |                                  ^^^^^ not found in this scope

error[E0422]: cannot find struct, variant or union type `PlaneConfig` in this scope
    --> /home/andre/.cargo/registry/src/index.crates.io-1949cf8c6b5b557f/rav1e-0.7.1/src/encoder.rs:1959:7
     |
1959 |   let PlaneConfig { xdec, ydec, .. } = ts.input.planes[1].cfg;
     |       ^^^^^^^^^^^ not found in this scope

error[E0405]: cannot find trait `Pixel` in this scope
    --> /home/andre/.cargo/registry/src/index.crates.io-1949cf8c6b5b557f/rav1e-0.7.1/src/encoder.rs:2244:27
     |
2244 | pub fn write_tx_blocks<T: Pixel, W: Writer>(
     |                           ^^^^^ not found in this scope

error[E0422]: cannot find struct, variant or union type `PlaneConfig` in this scope
    --> /home/andre/.cargo/registry/src/index.crates.io-1949cf8c6b5b557f/rav1e-0.7.1/src/encoder.rs:2261:7
     |
2261 |   let PlaneConfig { xdec, ydec, .. } = ts.input.planes[1].cfg;
     |       ^^^^^^^^^^^ not found in this scope

error[E0405]: cannot find trait `Pixel` in this scope
    --> /home/andre/.cargo/registry/src/index.crates.io-1949cf8c6b5b557f/rav1e-0.7.1/src/encoder.rs:2410:25
     |
2410 | pub fn write_tx_tree<T: Pixel, W: Writer>(
     |                         ^^^^^ not found in this scope

error[E0422]: cannot find struct, variant or union type `PlaneConfig` in this scope
    --> /home/andre/.cargo/registry/src/index.crates.io-1949cf8c6b5b557f/rav1e-0.7.1/src/encoder.rs:2424:7
     |
2424 |   let PlaneConfig { xdec, ydec, .. } = ts.input.planes[1].cfg;
     |       ^^^^^^^^^^^ not found in this scope

error[E0405]: cannot find trait `Pixel` in this scope
    --> /home/andre/.cargo/registry/src/index.crates.io-1949cf8c6b5b557f/rav1e-0.7.1/src/encoder.rs:2568:35
     |
2568 | pub fn encode_block_with_modes<T: Pixel, W: Writer>(
     |                                   ^^^^^ not found in this scope

error[E0405]: cannot find trait `Pixel` in this scope
    --> /home/andre/.cargo/registry/src/index.crates.io-1949cf8c6b5b557f/rav1e-0.7.1/src/encoder.rs:2635:33
     |
2635 | fn encode_partition_bottomup<T: Pixel, W: Writer>(
     |                                 ^^^^^ not found in this scope

error[E0405]: cannot find trait `Pixel` in this scope
    --> /home/andre/.cargo/registry/src/index.crates.io-1949cf8c6b5b557f/rav1e-0.7.1/src/encoder.rs:2918:32
     |
2918 | fn encode_partition_topdown<T: Pixel, W: Writer>(
     |                                ^^^^^ not found in this scope

error[E0405]: cannot find trait `Pixel` in this scope
    --> /home/andre/.cargo/registry/src/index.crates.io-1949cf8c6b5b557f/rav1e-0.7.1/src/encoder.rs:3224:30
     |
3224 | fn get_initial_cdfcontext<T: Pixel>(fi: &FrameInvariants<T>) -> CDFContext {
     |                              ^^^^^ not found in this scope

error[E0405]: cannot find trait `Pixel` in this scope
    --> /home/andre/.cargo/registry/src/index.crates.io-1949cf8c6b5b557f/rav1e-0.7.1/src/encoder.rs:3238:25
     |
3238 | fn encode_tile_group<T: Pixel>(
     |                         ^^^^^ not found in this scope

error[E0405]: cannot find trait `Pixel` in this scope
    --> /home/andre/.cargo/registry/src/index.crates.io-1949cf8c6b5b557f/rav1e-0.7.1/src/encoder.rs:3377:22
     |
3377 | fn check_lf_queue<T: Pixel>(
     |                      ^^^^^ not found in this scope

error[E0405]: cannot find trait `Pixel` in this scope
    --> /home/andre/.cargo/registry/src/index.crates.io-1949cf8c6b5b557f/rav1e-0.7.1/src/encoder.rs:3469:23
     |
3469 | fn encode_tile<'a, T: Pixel>(
     |                       ^^^^^ not found in this scope

error[E0405]: cannot find trait `Pixel` in this scope
    --> /home/andre/.cargo/registry/src/index.crates.io-1949cf8c6b5b557f/rav1e-0.7.1/src/encoder.rs:3694:38
     |
3694 | pub fn encode_show_existing_frame<T: Pixel>(
     |                                      ^^^^^ not found in this scope

error[E0405]: cannot find trait `Pixel` in this scope
    --> /home/andre/.cargo/registry/src/index.crates.io-1949cf8c6b5b557f/rav1e-0.7.1/src/encoder.rs:3750:32
     |
3750 | fn get_initial_segmentation<T: Pixel>(
     |                                ^^^^^ not found in this scope

error[E0405]: cannot find trait `Pixel` in this scope
    --> /home/andre/.cargo/registry/src/index.crates.io-1949cf8c6b5b557f/rav1e-0.7.1/src/encoder.rs:3769:24
     |
3769 | pub fn encode_frame<T: Pixel>(
     |                        ^^^^^ not found in this scope

error[E0405]: cannot find trait `Pixel` in this scope
    --> /home/andre/.cargo/registry/src/index.crates.io-1949cf8c6b5b557f/rav1e-0.7.1/src/encoder.rs:3823:29
     |
3823 | pub fn update_rec_buffer<T: Pixel>(
     |                             ^^^^^ not found in this scope

error[E0405]: cannot find trait `Pixel` in this scope
   --> /home/andre/.cargo/registry/src/index.crates.io-1949cf8c6b5b557f/rav1e-0.7.1/src/mc.rs:250:22
    |
250 |   pub fn put_8tap<T: Pixel>(
    |                      ^^^^^ not found in this scope

error[E0412]: cannot find type `PlaneSlice` in this scope
   --> /home/andre/.cargo/registry/src/index.crates.io-1949cf8c6b5b557f/rav1e-0.7.1/src/mc.rs:251:43
    |
251 |     dst: &mut PlaneRegionMut<'_, T>, src: PlaneSlice<'_, T>, width: usize,
    |                                           ^^^^^^^^^^ not found in this scope

error[E0405]: cannot find trait `Pixel` in this scope
   --> /home/andre/.cargo/registry/src/index.crates.io-1949cf8c6b5b557f/rav1e-0.7.1/src/mc.rs:360:23
    |
360 |   pub fn prep_8tap<T: Pixel>(
    |                       ^^^^^ not found in this scope

error[E0412]: cannot find type `PlaneSlice` in this scope
   --> /home/andre/.cargo/registry/src/index.crates.io-1949cf8c6b5b557f/rav1e-0.7.1/src/mc.rs:361:27
    |
361 |     tmp: &mut [i16], src: PlaneSlice<'_, T>, width: usize, height: usize,
    |                           ^^^^^^^^^^ not found in this scope

error[E0405]: cannot find trait `Pixel` in this scope
   --> /home/andre/.cargo/registry/src/index.crates.io-1949cf8c6b5b557f/rav1e-0.7.1/src/mc.rs:454:20
    |
454 |   pub fn mc_avg<T: Pixel>(
    |                    ^^^^^ not found in this scope

error[E0412]: cannot find type `ArrayVec` in this scope
   --> /home/andre/.cargo/registry/src/index.crates.io-1949cf8c6b5b557f/rav1e-0.7.1/src/me.rs:367:13
    |
367 |   subset_b: ArrayVec<MotionVector, 5>,
    |             ^^^^^^^^ not found in this scope

error[E0412]: cannot find type `ArrayVec` in this scope
   --> /home/andre/.cargo/registry/src/index.crates.io-1949cf8c6b5b557f/rav1e-0.7.1/src/me.rs:368:13
    |
368 |   subset_c: ArrayVec<MotionVector, 5>,
    |             ^^^^^^^^ not found in this scope

error[E0412]: cannot find type `ArrayVec` in this scope
   --> /home/andre/.cargo/registry/src/index.crates.io-1949cf8c6b5b557f/rav1e-0.7.1/src/me.rs:372:24
    |
372 |   fn all_mvs(&self) -> ArrayVec<MotionVector, 11> {
    |                        ^^^^^^^^ not found in this scope

error[E0412]: cannot find type `ArrayVec` in this scope
   --> /home/andre/.cargo/registry/src/index.crates.io-1949cf8c6b5b557f/rav1e-0.7.1/src/me.rs:462:19
    |
462 |     let mut rows: ArrayVec<i16, 3> = subset_b.iter().map(|&a| a.row).collect();
    |                   ^^^^^^^^ not found in this scope

error[E0412]: cannot find type `ArrayVec` in this scope
   --> /home/andre/.cargo/registry/src/index.crates.io-1949cf8c6b5b557f/rav1e-0.7.1/src/me.rs:463:19
    |
463 |     let mut cols: ArrayVec<i16, 3> = subset_b.iter().map(|&a| a.col).collect();
    |                   ^^^^^^^^ not found in this scope

error[E0422]: cannot find struct, variant or union type `PlaneOffset` in this scope
   --> /home/andre/.cargo/registry/src/index.crates.io-1949cf8c6b5b557f/rav1e-0.7.1/src/me.rs:559:14
    |
559 |     let po = PlaneOffset { x: po.x >> ssdec, y: po.y >> ssdec };
    |              ^^^^^^^^^^^ not found in this scope

error[E0422]: cannot find struct, variant or union type `PlaneOffset` in this scope
   --> /home/andre/.cargo/registry/src/index.crates.io-1949cf8c6b5b557f/rav1e-0.7.1/src/me.rs:650:14
    |
650 |     let po = PlaneOffset { x: po.x >> ssdec, y: po.y >> ssdec };
    |              ^^^^^^^^^^^ not found in this scope

error[E0412]: cannot find type `Plane` in this scope
   --> /home/andre/.cargo/registry/src/index.crates.io-1949cf8c6b5b557f/rav1e-0.7.1/src/me.rs:695:40
    |
695 |   org_region: &PlaneRegion<T>, p_ref: &Plane<T>, tile_bo: TileBlockOffset,
    |                                        ^^^^^ not found in this scope

error[E0412]: cannot find type `PlaneOffset` in this scope
   --> /home/andre/.cargo/registry/src/index.crates.io-1949cf8c6b5b557f/rav1e-0.7.1/src/me.rs:696:7
    |
696 |   po: PlaneOffset, lambda: u32, pmv: [MotionVector; 2], w: usize, h: usize,
    |       ^^^^^^^^^^^ not found in this scope

error[E0412]: cannot find type `PlaneOffset` in this scope
   --> /home/andre/.cargo/registry/src/index.crates.io-1949cf8c6b5b557f/rav1e-0.7.1/src/me.rs:858:32
    |
858 |   fi: &FrameInvariants<T>, po: PlaneOffset, org_region: &PlaneRegion<T>,
    |                                ^^^^^^^^^^^ not found in this scope

error[E0412]: cannot find type `Plane` in this scope
   --> /home/andre/.cargo/registry/src/index.crates.io-1949cf8c6b5b557f/rav1e-0.7.1/src/me.rs:859:11
    |
859 |   p_ref: &Plane<T>, lambda: u32, pmv: [MotionVector; 2], mvx_min: isize,
    |           ^^^^^ not found in this scope

error[E0412]: cannot find type `PlaneOffset` in this scope
   --> /home/andre/.cargo/registry/src/index.crates.io-1949cf8c6b5b557f/rav1e-0.7.1/src/me.rs:885:32
    |
885 |   fi: &FrameInvariants<T>, po: PlaneOffset, org_region: &PlaneRegion<T>,
    |                                ^^^^^^^^^^^ not found in this scope

error[E0412]: cannot find type `Plane` in this scope
   --> /home/andre/.cargo/registry/src/index.crates.io-1949cf8c6b5b557f/rav1e-0.7.1/src/me.rs:886:11
    |
886 |   p_ref: &Plane<T>, predictors: &[MotionVector], bit_depth: usize,
    |           ^^^^^ not found in this scope

error[E0412]: cannot find type `PlaneOffset` in this scope
   --> /home/andre/.cargo/registry/src/index.crates.io-1949cf8c6b5b557f/rav1e-0.7.1/src/me.rs:956:32
    |
956 |   fi: &FrameInvariants<T>, po: PlaneOffset, org_region: &PlaneRegion<T>,
    |                                ^^^^^^^^^^^ not found in this scope

error[E0412]: cannot find type `Plane` in this scope
   --> /home/andre/.cargo/registry/src/index.crates.io-1949cf8c6b5b557f/rav1e-0.7.1/src/me.rs:957:11
    |
957 |   p_ref: &Plane<T>, current: &mut MotionSearchResult, bit_depth: usize,
    |           ^^^^^ not found in this scope

error[E0412]: cannot find type `PlaneOffset` in this scope
    --> /home/andre/.cargo/registry/src/index.crates.io-1949cf8c6b5b557f/rav1e-0.7.1/src/me.rs:1056:32
     |
1056 |   fi: &FrameInvariants<T>, po: PlaneOffset, org_region: &PlaneRegion<T>,
     |                                ^^^^^^^^^^^ not found in this scope

error[E0412]: cannot find type `Plane` in this scope
    --> /home/andre/.cargo/registry/src/index.crates.io-1949cf8c6b5b557f/rav1e-0.7.1/src/me.rs:1057:11
     |
1057 |   p_ref: &Plane<T>, current: &mut MotionSearchResult, bit_depth: usize,
     |           ^^^^^ not found in this scope

error[E0412]: cannot find type `PlaneOffset` in this scope
    --> /home/andre/.cargo/registry/src/index.crates.io-1949cf8c6b5b557f/rav1e-0.7.1/src/me.rs:1171:32
     |
1171 |   fi: &FrameInvariants<T>, po: PlaneOffset, org_region: &PlaneRegion<T>,
     |                                ^^^^^^^^^^^ not found in this scope

error[E0412]: cannot find type `Plane` in this scope
    --> /home/andre/.cargo/registry/src/index.crates.io-1949cf8c6b5b557f/rav1e-0.7.1/src/me.rs:1172:11
     |
1172 |   p_ref: &Plane<T>, current: &mut MotionSearchResult, bit_depth: usize,
     |           ^^^^^ not found in this scope

error[E0412]: cannot find type `PlaneOffset` in this scope
    --> /home/andre/.cargo/registry/src/index.crates.io-1949cf8c6b5b557f/rav1e-0.7.1/src/me.rs:1312:32
     |
1312 |   fi: &FrameInvariants<T>, po: PlaneOffset, org_region: &PlaneRegion<T>,
     |                                ^^^^^^^^^^^ not found in this scope

error[E0412]: cannot find type `Plane` in this scope
    --> /home/andre/.cargo/registry/src/index.crates.io-1949cf8c6b5b557f/rav1e-0.7.1/src/me.rs:1313:12
     |
1313 |   _p_ref: &Plane<T>, bit_depth: usize, pmv: [MotionVector; 2], lambda: u32,
     |            ^^^^^ not found in this scope

error[E0412]: cannot find type `PlaneOffset` in this scope
    --> /home/andre/.cargo/registry/src/index.crates.io-1949cf8c6b5b557f/rav1e-0.7.1/src/me.rs:1387:32
     |
1387 |   fi: &FrameInvariants<T>, po: PlaneOffset, org_region: &PlaneRegion<T>,
     |                                ^^^^^^^^^^^ not found in this scope

error[E0412]: cannot find type `Plane` in this scope
    --> /home/andre/.cargo/registry/src/index.crates.io-1949cf8c6b5b557f/rav1e-0.7.1/src/me.rs:1388:11
     |
1388 |   p_ref: &Plane<T>, bit_depth: usize, pmv: [MotionVector; 2], lambda: u32,
     |           ^^^^^ not found in this scope

error[E0412]: cannot find type `PlaneOffset` in this scope
    --> /home/andre/.cargo/registry/src/index.crates.io-1949cf8c6b5b557f/rav1e-0.7.1/src/me.rs:1412:32
     |
1412 |   fi: &FrameInvariants<T>, po: PlaneOffset, org_region: &PlaneRegion<T>,
     |                                ^^^^^^^^^^^ not found in this scope

error[E0412]: cannot find type `Plane` in this scope
    --> /home/andre/.cargo/registry/src/index.crates.io-1949cf8c6b5b557f/rav1e-0.7.1/src/me.rs:1466:60
     |
1466 |   w: usize, h: usize, org_region: &PlaneRegion<T>, p_ref: &Plane<T>,
     |                                                            ^^^^^ not found in this scope

error[E0412]: cannot find type `PlaneOffset` in this scope
    --> /home/andre/.cargo/registry/src/index.crates.io-1949cf8c6b5b557f/rav1e-0.7.1/src/me.rs:1467:7
     |
1467 |   po: PlaneOffset, step: usize, lambda: u32, pmv: [MotionVector; 2],
     |       ^^^^^^^^^^^ not found in this scope

error[E0412]: cannot find type `Plane` in this scope
  --> /home/andre/.cargo/registry/src/index.crates.io-1949cf8c6b5b557f/rav1e-0.7.1/src/scenechange/mod.rs:39:22
   |
39 |     fn(/* &self: */ &Plane<T>, /* in_plane: */ &mut Plane<T>),
   |                      ^^^^^ not found in this scope

error[E0412]: cannot find type `Plane` in this scope
  --> /home/andre/.cargo/registry/src/index.crates.io-1949cf8c6b5b557f/rav1e-0.7.1/src/scenechange/mod.rs:39:53
   |
39 |     fn(/* &self: */ &Plane<T>, /* in_plane: */ &mut Plane<T>),
   |                                                     ^^^^^ not found in this scope

error[E0412]: cannot find type `Plane` in this scope
  --> /home/andre/.cargo/registry/src/index.crates.io-1949cf8c6b5b557f/rav1e-0.7.1/src/scenechange/mod.rs:40:31
   |
40 |   downscale: fn(/* &self: */ &Plane<T>) -> Plane<T>,
   |                               ^^^^^ not found in this scope

error[E0412]: cannot find type `Plane` in this scope
  --> /home/andre/.cargo/registry/src/index.crates.io-1949cf8c6b5b557f/rav1e-0.7.1/src/scenechange/mod.rs:40:44
   |
40 |   downscale: fn(/* &self: */ &Plane<T>) -> Plane<T>,
   |                                            ^^^^^ not found in this scope

error[E0412]: cannot find type `Plane` in this scope
  --> /home/andre/.cargo/registry/src/index.crates.io-1949cf8c6b5b557f/rav1e-0.7.1/src/scenechange/mod.rs:67:36
   |
67 |   downscaled_frame_buffer: Option<[Plane<T>; 2]>,
   |                                    ^^^^^ not found in this scope

error[E0412]: cannot find type `Plane` in this scope
  --> /home/andre/.cargo/registry/src/index.crates.io-1949cf8c6b5b557f/rav1e-0.7.1/src/scenechange/mod.rs:88:33
   |
88 |   pub(crate) temp_plane: Option<Plane<T>>,
   |                                 ^^^^^ not found in this scope

error[E0405]: cannot find trait `Pixel` in this scope
   --> /home/andre/.cargo/registry/src/index.crates.io-1949cf8c6b5b557f/rav1e-0.7.1/src/tiling/plane_region.rs:116:31
    |
116 | pub struct PlaneRegion<'a, T: Pixel> {
    |                               ^^^^^ not found in this scope

error[E0412]: cannot find type `PlaneConfig` in this scope
   --> /home/andre/.cargo/registry/src/index.crates.io-1949cf8c6b5b557f/rav1e-0.7.1/src/tiling/plane_region.rs:118:22
    |
118 |   pub plane_cfg: &'a PlaneConfig,
    |                      ^^^^^^^^^^^ not found in this scope

error[E0405]: cannot find trait `Pixel` in this scope
   --> /home/andre/.cargo/registry/src/index.crates.io-1949cf8c6b5b557f/rav1e-0.7.1/src/tiling/plane_region.rs:129:34
    |
129 | pub struct PlaneRegionMut<'a, T: Pixel> {
    |                                  ^^^^^ not found in this scope

error[E0412]: cannot find type `PlaneConfig` in this scope
   --> /home/andre/.cargo/registry/src/index.crates.io-1949cf8c6b5b557f/rav1e-0.7.1/src/tiling/plane_region.rs:131:22
    |
131 |   pub plane_cfg: &'a PlaneConfig,
    |                      ^^^^^^^^^^^ not found in this scope

error[E0405]: cannot find trait `Pixel` in this scope
   --> /home/andre/.cargo/registry/src/index.crates.io-1949cf8c6b5b557f/rav1e-0.7.1/src/tiling/plane_region.rs:142:17
    |
142 |     impl<'a, T: Pixel> $name<'a, T> {
    |                 ^^^^^ not found in this scope
...
423 | plane_region_common!(PlaneRegion, as_ptr);
    | ----------------------------------------- in this macro invocation
    |
    = note: this error originates in the macro `plane_region_common` (in Nightly builds, run with -Z macro-backtrace for more info)

error[E0412]: cannot find type `PlaneConfig` in this scope
   --> /home/andre/.cargo/registry/src/index.crates.io-1949cf8c6b5b557f/rav1e-0.7.1/src/tiling/plane_region.rs:149:36
    |
149 |       pub fn empty(plane_cfg : &'a PlaneConfig) -> Self {
    |                                    ^^^^^^^^^^^ not found in this scope
...
423 | plane_region_common!(PlaneRegion, as_ptr);
    | ----------------------------------------- in this macro invocation
    |
    = note: this error originates in the macro `plane_region_common` (in Nightly builds, run with -Z macro-backtrace for more info)

error[E0412]: cannot find type `PlaneConfig` in this scope
   --> /home/andre/.cargo/registry/src/index.crates.io-1949cf8c6b5b557f/rav1e-0.7.1/src/tiling/plane_region.rs:165:62
    |
165 |       pub fn from_slice(data: &'a $($opt_mut)? [T], cfg: &'a PlaneConfig, rect: Rect) -> Self {
    |                                                              ^^^^^^^^^^^ not found in this scope
...
423 | plane_region_common!(PlaneRegion, as_ptr);
    | ----------------------------------------- in this macro invocation
    |
    = note: this error originates in the macro `plane_region_common` (in Nightly builds, run with -Z macro-backtrace for more info)

error[E0412]: cannot find type `PlaneConfig` in this scope
   --> /home/andre/.cargo/registry/src/index.crates.io-1949cf8c6b5b557f/rav1e-0.7.1/src/tiling/plane_region.rs:179:76
    |
179 |       pub unsafe fn from_slice_unsafe(data: &'a $($opt_mut)? [T], cfg: &'a PlaneConfig, rect: Rect) -> Self {
    |                                                                            ^^^^^^^^^^^ not found in this scope
...
423 | plane_region_common!(PlaneRegion, as_ptr);
    | ----------------------------------------- in this macro invocation
    |
    = note: this error originates in the macro `plane_region_common` (in Nightly builds, run with -Z macro-backtrace for more info)

error[E0412]: cannot find type `Plane` in this scope
   --> /home/andre/.cargo/registry/src/index.crates.io-1949cf8c6b5b557f/rav1e-0.7.1/src/tiling/plane_region.rs:195:42
    |
195 |       pub fn new(plane: &'a $($opt_mut)? Plane<T>, rect: Rect) -> Self {
    |                                          ^^^^^ not found in this scope
...
423 | plane_region_common!(PlaneRegion, as_ptr);
    | ----------------------------------------- in this macro invocation
    |
    = note: this error originates in the macro `plane_region_common` (in Nightly builds, run with -Z macro-backtrace for more info)

error[E0412]: cannot find type `Plane` in this scope
   --> /home/andre/.cargo/registry/src/index.crates.io-1949cf8c6b5b557f/rav1e-0.7.1/src/tiling/plane_region.rs:200:53
    |
200 |       pub fn new_from_plane(plane: &'a $($opt_mut)? Plane<T>) -> Self {
    |                                                     ^^^^^ not found in this scope
...
423 | plane_region_common!(PlaneRegion, as_ptr);
    | ----------------------------------------- in this macro invocation
    |
    = note: this error originates in the macro `plane_region_common` (in Nightly builds, run with -Z macro-backtrace for more info)

error[E0412]: cannot find type `PlaneOffset` in this scope
   --> /home/andre/.cargo/registry/src/index.crates.io-1949cf8c6b5b557f/rav1e-0.7.1/src/tiling/plane_region.rs:342:52
    |
342 |       pub fn to_frame_plane_offset(&self, tile_po: PlaneOffset) -> PlaneOffset {
    |                                                    ^^^^^^^^^^^ not found in this scope
...
423 | plane_region_common!(PlaneRegion, as_ptr);
    | ----------------------------------------- in this macro invocation
    |
    = note: this error originates in the macro `plane_region_common` (in Nightly builds, run with -Z macro-backtrace for more info)

error[E0412]: cannot find type `PlaneOffset` in this scope
   --> /home/andre/.cargo/registry/src/index.crates.io-1949cf8c6b5b557f/rav1e-0.7.1/src/tiling/plane_region.rs:342:68
    |
342 |       pub fn to_frame_plane_offset(&self, tile_po: PlaneOffset) -> PlaneOffset {
    |                                                                    ^^^^^^^^^^^ not found in this scope
...
423 | plane_region_common!(PlaneRegion, as_ptr);
    | ----------------------------------------- in this macro invocation
    |
    = note: this error originates in the macro `plane_region_common` (in Nightly builds, run with -Z macro-backtrace for more info)

error[E0422]: cannot find struct, variant or union type `PlaneOffset` in this scope
   --> /home/andre/.cargo/registry/src/index.crates.io-1949cf8c6b5b557f/rav1e-0.7.1/src/tiling/plane_region.rs:343:9
    |
343 |         PlaneOffset {
    |         ^^^^^^^^^^^ not found in this scope
...
423 | plane_region_common!(PlaneRegion, as_ptr);
    | ----------------------------------------- in this macro invocation
    |
    = note: this error originates in the macro `plane_region_common` (in Nightly builds, run with -Z macro-backtrace for more info)

error[E0422]: cannot find struct, variant or union type `PlaneConfig` in this scope
   --> /home/andre/.cargo/registry/src/index.crates.io-1949cf8c6b5b557f/rav1e-0.7.1/src/tiling/plane_region.rs:353:13
    |
353 |         let PlaneConfig { xdec, ydec, .. } = self.plane_cfg;
    |             ^^^^^^^^^^^ not found in this scope
...
423 | plane_region_common!(PlaneRegion, as_ptr);
    | ----------------------------------------- in this macro invocation
    |
    = note: this error originates in the macro `plane_region_common` (in Nightly builds, run with -Z macro-backtrace for more info)

error[E0422]: cannot find struct, variant or union type `PlaneConfig` in this scope
   --> /home/andre/.cargo/registry/src/index.crates.io-1949cf8c6b5b557f/rav1e-0.7.1/src/tiling/plane_region.rs:373:13
    |
373 |         let PlaneConfig { xdec, ydec, .. } = self.plane_cfg;
    |             ^^^^^^^^^^^ not found in this scope
...
423 | plane_region_common!(PlaneRegion, as_ptr);
    | ----------------------------------------- in this macro invocation
    |
    = note: this error originates in the macro `plane_region_common` (in Nightly builds, run with -Z macro-backtrace for more info)

error[E0412]: cannot find type `Plane` in this scope
   --> /home/andre/.cargo/registry/src/index.crates.io-1949cf8c6b5b557f/rav1e-0.7.1/src/tiling/plane_region.rs:390:44
    |
390 |       pub(crate) fn scratch_copy(&self) -> Plane<T> {
    |                                            ^^^^^ not found in this scope
...
423 | plane_region_common!(PlaneRegion, as_ptr);
    | ----------------------------------------- in this macro invocation
    |
    = note: this error originates in the macro `plane_region_common` (in Nightly builds, run with -Z macro-backtrace for more info)

error[E0422]: cannot find struct, variant or union type `PlaneConfig` in this scope
   --> /home/andre/.cargo/registry/src/index.crates.io-1949cf8c6b5b557f/rav1e-0.7.1/src/tiling/plane_region.rs:392:14
    |
392 |         let &PlaneConfig { xdec, ydec, .. } = self.plane_cfg;
    |              ^^^^^^^^^^^ not found in this scope
...
423 | plane_region_common!(PlaneRegion, as_ptr);
    | ----------------------------------------- in this macro invocation
    |
    = note: this error originates in the macro `plane_region_common` (in Nightly builds, run with -Z macro-backtrace for more info)

error[E0412]: cannot find type `Plane` in this scope
   --> /home/andre/.cargo/registry/src/index.crates.io-1949cf8c6b5b557f/rav1e-0.7.1/src/tiling/plane_region.rs:393:22
    |
393 |         let mut ret: Plane<T> = Plane::new(width, height, xdec, ydec, 0, 0);
    |                      ^^^^^ not found in this scope
...
423 | plane_region_common!(PlaneRegion, as_ptr);
    | ----------------------------------------- in this macro invocation
    |
    = note: this error originates in the macro `plane_region_common` (in Nightly builds, run with -Z macro-backtrace for more info)

error[E0405]: cannot find trait `Pixel` in this scope
   --> /home/andre/.cargo/registry/src/index.crates.io-1949cf8c6b5b557f/rav1e-0.7.1/src/tiling/plane_region.rs:404:20
    |
404 |     unsafe impl<T: Pixel> Send for $name<'_, T> {}
    |                    ^^^^^ not found in this scope
...
423 | plane_region_common!(PlaneRegion, as_ptr);
    | ----------------------------------------- in this macro invocation
    |
    = note: this error originates in the macro `plane_region_common` (in Nightly builds, run with -Z macro-backtrace for more info)

error[E0405]: cannot find trait `Pixel` in this scope
   --> /home/andre/.cargo/registry/src/index.crates.io-1949cf8c6b5b557f/rav1e-0.7.1/src/tiling/plane_region.rs:405:20
    |
405 |     unsafe impl<T: Pixel> Sync for $name<'_, T> {}
    |                    ^^^^^ not found in this scope
...
423 | plane_region_common!(PlaneRegion, as_ptr);
    | ----------------------------------------- in this macro invocation
    |
    = note: this error originates in the macro `plane_region_common` (in Nightly builds, run with -Z macro-backtrace for more info)

error[E0405]: cannot find trait `Pixel` in this scope
   --> /home/andre/.cargo/registry/src/index.crates.io-1949cf8c6b5b557f/rav1e-0.7.1/src/tiling/plane_region.rs:407:13
    |
407 |     impl<T: Pixel> Index<usize> for $name<'_, T> {
    |             ^^^^^ not found in this scope
...
423 | plane_region_common!(PlaneRegion, as_ptr);
    | ----------------------------------------- in this macro invocation
    |
    = note: this error originates in the macro `plane_region_common` (in Nightly builds, run with -Z macro-backtrace for more info)

error[E0405]: cannot find trait `Pixel` in this scope
   --> /home/andre/.cargo/registry/src/index.crates.io-1949cf8c6b5b557f/rav1e-0.7.1/src/tiling/plane_region.rs:142:17
    |
142 |     impl<'a, T: Pixel> $name<'a, T> {
    |                 ^^^^^ not found in this scope
...
424 | plane_region_common!(PlaneRegionMut, as_mut_ptr, mut);
    | ----------------------------------------------------- in this macro invocation
    |
    = note: this error originates in the macro `plane_region_common` (in Nightly builds, run with -Z macro-backtrace for more info)

error[E0412]: cannot find type `PlaneConfig` in this scope
   --> /home/andre/.cargo/registry/src/index.crates.io-1949cf8c6b5b557f/rav1e-0.7.1/src/tiling/plane_region.rs:149:36
    |
149 |       pub fn empty(plane_cfg : &'a PlaneConfig) -> Self {
    |                                    ^^^^^^^^^^^ not found in this scope
...
424 | plane_region_common!(PlaneRegionMut, as_mut_ptr, mut);
    | ----------------------------------------------------- in this macro invocation
    |
    = note: this error originates in the macro `plane_region_common` (in Nightly builds, run with -Z macro-backtrace for more info)

error[E0412]: cannot find type `PlaneConfig` in this scope
   --> /home/andre/.cargo/registry/src/index.crates.io-1949cf8c6b5b557f/rav1e-0.7.1/src/tiling/plane_region.rs:165:62
    |
165 |       pub fn from_slice(data: &'a $($opt_mut)? [T], cfg: &'a PlaneConfig, rect: Rect) -> Self {
    |                                                              ^^^^^^^^^^^ not found in this scope
...
424 | plane_region_common!(PlaneRegionMut, as_mut_ptr, mut);
    | ----------------------------------------------------- in this macro invocation
    |
    = note: this error originates in the macro `plane_region_common` (in Nightly builds, run with -Z macro-backtrace for more info)

error[E0412]: cannot find type `PlaneConfig` in this scope
   --> /home/andre/.cargo/registry/src/index.crates.io-1949cf8c6b5b557f/rav1e-0.7.1/src/tiling/plane_region.rs:179:76
    |
179 |       pub unsafe fn from_slice_unsafe(data: &'a $($opt_mut)? [T], cfg: &'a PlaneConfig, rect: Rect) -> Self {
    |                                                                            ^^^^^^^^^^^ not found in this scope
...
424 | plane_region_common!(PlaneRegionMut, as_mut_ptr, mut);
    | ----------------------------------------------------- in this macro invocation
    |
    = note: this error originates in the macro `plane_region_common` (in Nightly builds, run with -Z macro-backtrace for more info)

error[E0412]: cannot find type `Plane` in this scope
   --> /home/andre/.cargo/registry/src/index.crates.io-1949cf8c6b5b557f/rav1e-0.7.1/src/tiling/plane_region.rs:195:42
    |
195 |       pub fn new(plane: &'a $($opt_mut)? Plane<T>, rect: Rect) -> Self {
    |                                          ^^^^^ not found in this scope
...
424 | plane_region_common!(PlaneRegionMut, as_mut_ptr, mut);
    | ----------------------------------------------------- in this macro invocation
    |
    = note: this error originates in the macro `plane_region_common` (in Nightly builds, run with -Z macro-backtrace for more info)

error[E0412]: cannot find type `Plane` in this scope
   --> /home/andre/.cargo/registry/src/index.crates.io-1949cf8c6b5b557f/rav1e-0.7.1/src/tiling/plane_region.rs:200:53
    |
200 |       pub fn new_from_plane(plane: &'a $($opt_mut)? Plane<T>) -> Self {
    |                                                     ^^^^^ not found in this scope
...
424 | plane_region_common!(PlaneRegionMut, as_mut_ptr, mut);
    | ----------------------------------------------------- in this macro invocation
    |
    = note: this error originates in the macro `plane_region_common` (in Nightly builds, run with -Z macro-backtrace for more info)

error[E0412]: cannot find type `PlaneOffset` in this scope
   --> /home/andre/.cargo/registry/src/index.crates.io-1949cf8c6b5b557f/rav1e-0.7.1/src/tiling/plane_region.rs:342:52
    |
342 |       pub fn to_frame_plane_offset(&self, tile_po: PlaneOffset) -> PlaneOffset {
    |                                                    ^^^^^^^^^^^ not found in this scope
...
424 | plane_region_common!(PlaneRegionMut, as_mut_ptr, mut);
    | ----------------------------------------------------- in this macro invocation
    |
    = note: this error originates in the macro `plane_region_common` (in Nightly builds, run with -Z macro-backtrace for more info)

error[E0412]: cannot find type `PlaneOffset` in this scope
   --> /home/andre/.cargo/registry/src/index.crates.io-1949cf8c6b5b557f/rav1e-0.7.1/src/tiling/plane_region.rs:342:68
    |
342 |       pub fn to_frame_plane_offset(&self, tile_po: PlaneOffset) -> PlaneOffset {
    |                                                                    ^^^^^^^^^^^ not found in this scope
...
424 | plane_region_common!(PlaneRegionMut, as_mut_ptr, mut);
    | ----------------------------------------------------- in this macro invocation
    |
    = note: this error originates in the macro `plane_region_common` (in Nightly builds, run with -Z macro-backtrace for more info)

error[E0422]: cannot find struct, variant or union type `PlaneOffset` in this scope
   --> /home/andre/.cargo/registry/src/index.crates.io-1949cf8c6b5b557f/rav1e-0.7.1/src/tiling/plane_region.rs:343:9
    |
343 |         PlaneOffset {
    |         ^^^^^^^^^^^ not found in this scope
...
424 | plane_region_common!(PlaneRegionMut, as_mut_ptr, mut);
    | ----------------------------------------------------- in this macro invocation
    |
    = note: this error originates in the macro `plane_region_common` (in Nightly builds, run with -Z macro-backtrace for more info)

error[E0422]: cannot find struct, variant or union type `PlaneConfig` in this scope
   --> /home/andre/.cargo/registry/src/index.crates.io-1949cf8c6b5b557f/rav1e-0.7.1/src/tiling/plane_region.rs:353:13
    |
353 |         let PlaneConfig { xdec, ydec, .. } = self.plane_cfg;
    |             ^^^^^^^^^^^ not found in this scope
...
424 | plane_region_common!(PlaneRegionMut, as_mut_ptr, mut);
    | ----------------------------------------------------- in this macro invocation
    |
    = note: this error originates in the macro `plane_region_common` (in Nightly builds, run with -Z macro-backtrace for more info)

error[E0422]: cannot find struct, variant or union type `PlaneConfig` in this scope
   --> /home/andre/.cargo/registry/src/index.crates.io-1949cf8c6b5b557f/rav1e-0.7.1/src/tiling/plane_region.rs:373:13
    |
373 |         let PlaneConfig { xdec, ydec, .. } = self.plane_cfg;
    |             ^^^^^^^^^^^ not found in this scope
...
424 | plane_region_common!(PlaneRegionMut, as_mut_ptr, mut);
    | ----------------------------------------------------- in this macro invocation
    |
    = note: this error originates in the macro `plane_region_common` (in Nightly builds, run with -Z macro-backtrace for more info)

error[E0412]: cannot find type `Plane` in this scope
   --> /home/andre/.cargo/registry/src/index.crates.io-1949cf8c6b5b557f/rav1e-0.7.1/src/tiling/plane_region.rs:390:44
    |
390 |       pub(crate) fn scratch_copy(&self) -> Plane<T> {
    |                                            ^^^^^ not found in this scope
...
424 | plane_region_common!(PlaneRegionMut, as_mut_ptr, mut);
    | ----------------------------------------------------- in this macro invocation
    |
    = note: this error originates in the macro `plane_region_common` (in Nightly builds, run with -Z macro-backtrace for more info)

error[E0422]: cannot find struct, variant or union type `PlaneConfig` in this scope
   --> /home/andre/.cargo/registry/src/index.crates.io-1949cf8c6b5b557f/rav1e-0.7.1/src/tiling/plane_region.rs:392:14
    |
392 |         let &PlaneConfig { xdec, ydec, .. } = self.plane_cfg;
    |              ^^^^^^^^^^^ not found in this scope
...
424 | plane_region_common!(PlaneRegionMut, as_mut_ptr, mut);
    | ----------------------------------------------------- in this macro invocation
    |
    = note: this error originates in the macro `plane_region_common` (in Nightly builds, run with -Z macro-backtrace for more info)

error[E0412]: cannot find type `Plane` in this scope
   --> /home/andre/.cargo/registry/src/index.crates.io-1949cf8c6b5b557f/rav1e-0.7.1/src/tiling/plane_region.rs:393:22
    |
393 |         let mut ret: Plane<T> = Plane::new(width, height, xdec, ydec, 0, 0);
    |                      ^^^^^ not found in this scope
...
424 | plane_region_common!(PlaneRegionMut, as_mut_ptr, mut);
    | ----------------------------------------------------- in this macro invocation
    |
    = note: this error originates in the macro `plane_region_common` (in Nightly builds, run with -Z macro-backtrace for more info)

error[E0405]: cannot find trait `Pixel` in this scope
   --> /home/andre/.cargo/registry/src/index.crates.io-1949cf8c6b5b557f/rav1e-0.7.1/src/tiling/plane_region.rs:404:20
    |
404 |     unsafe impl<T: Pixel> Send for $name<'_, T> {}
    |                    ^^^^^ not found in this scope
...
424 | plane_region_common!(PlaneRegionMut, as_mut_ptr, mut);
    | ----------------------------------------------------- in this macro invocation
    |
    = note: this error originates in the macro `plane_region_common` (in Nightly builds, run with -Z macro-backtrace for more info)

error[E0405]: cannot find trait `Pixel` in this scope
   --> /home/andre/.cargo/registry/src/index.crates.io-1949cf8c6b5b557f/rav1e-0.7.1/src/tiling/plane_region.rs:405:20
    |
405 |     unsafe impl<T: Pixel> Sync for $name<'_, T> {}
    |                    ^^^^^ not found in this scope
...
424 | plane_region_common!(PlaneRegionMut, as_mut_ptr, mut);
    | ----------------------------------------------------- in this macro invocation
    |
    = note: this error originates in the macro `plane_region_common` (in Nightly builds, run with -Z macro-backtrace for more info)

error[E0405]: cannot find trait `Pixel` in this scope
   --> /home/andre/.cargo/registry/src/index.crates.io-1949cf8c6b5b557f/rav1e-0.7.1/src/tiling/plane_region.rs:407:13
    |
407 |     impl<T: Pixel> Index<usize> for $name<'_, T> {
    |             ^^^^^ not found in this scope
...
424 | plane_region_common!(PlaneRegionMut, as_mut_ptr, mut);
    | ----------------------------------------------------- in this macro invocation
    |
    = note: this error originates in the macro `plane_region_common` (in Nightly builds, run with -Z macro-backtrace for more info)

error[E0405]: cannot find trait `Pixel` in this scope
   --> /home/andre/.cargo/registry/src/index.crates.io-1949cf8c6b5b557f/rav1e-0.7.1/src/tiling/plane_region.rs:426:13
    |
426 | impl<'a, T: Pixel> PlaneRegionMut<'a, T> {
    |             ^^^^^ not found in this scope

error[E0405]: cannot find trait `Pixel` in this scope
   --> /home/andre/.cargo/registry/src/index.crates.io-1949cf8c6b5b557f/rav1e-0.7.1/src/tiling/plane_region.rs:511:9
    |
511 | impl<T: Pixel> IndexMut<usize> for PlaneRegionMut<'_, T> {
    |         ^^^^^ not found in this scope

error[E0405]: cannot find trait `Pixel` in this scope
   --> /home/andre/.cargo/registry/src/index.crates.io-1949cf8c6b5b557f/rav1e-0.7.1/src/tiling/plane_region.rs:524:28
    |
524 | pub struct RowsIter<'a, T: Pixel> {
    |                            ^^^^^ not found in this scope

error[E0405]: cannot find trait `Pixel` in this scope
   --> /home/andre/.cargo/registry/src/index.crates.io-1949cf8c6b5b557f/rav1e-0.7.1/src/tiling/plane_region.rs:533:31
    |
533 | pub struct RowsIterMut<'a, T: Pixel> {
    |                               ^^^^^ not found in this scope

error[E0405]: cannot find trait `Pixel` in this scope
   --> /home/andre/.cargo/registry/src/index.crates.io-1949cf8c6b5b557f/rav1e-0.7.1/src/tiling/plane_region.rs:541:13
    |
541 | impl<'a, T: Pixel> Iterator for RowsIter<'a, T> {
    |             ^^^^^ not found in this scope

error[E0405]: cannot find trait `Pixel` in this scope
   --> /home/andre/.cargo/registry/src/index.crates.io-1949cf8c6b5b557f/rav1e-0.7.1/src/tiling/plane_region.rs:567:13
    |
567 | impl<'a, T: Pixel> Iterator for RowsIterMut<'a, T> {
    |             ^^^^^ not found in this scope

error[E0405]: cannot find trait `Pixel` in this scope
   --> /home/andre/.cargo/registry/src/index.crates.io-1949cf8c6b5b557f/rav1e-0.7.1/src/tiling/plane_region.rs:593:9
    |
593 | impl<T: Pixel> ExactSizeIterator for RowsIter<'_, T> {}
    |         ^^^^^ not found in this scope

error[E0405]: cannot find trait `Pixel` in this scope
   --> /home/andre/.cargo/registry/src/index.crates.io-1949cf8c6b5b557f/rav1e-0.7.1/src/tiling/plane_region.rs:594:9
    |
594 | impl<T: Pixel> FusedIterator for RowsIter<'_, T> {}
    |         ^^^^^ not found in this scope

error[E0405]: cannot find trait `Pixel` in this scope
   --> /home/andre/.cargo/registry/src/index.crates.io-1949cf8c6b5b557f/rav1e-0.7.1/src/tiling/plane_region.rs:595:9
    |
595 | impl<T: Pixel> ExactSizeIterator for RowsIterMut<'_, T> {}
    |         ^^^^^ not found in this scope

error[E0405]: cannot find trait `Pixel` in this scope
   --> /home/andre/.cargo/registry/src/index.crates.io-1949cf8c6b5b557f/rav1e-0.7.1/src/tiling/plane_region.rs:596:9
    |
596 | impl<T: Pixel> FusedIterator for RowsIterMut<'_, T> {}
    |         ^^^^^ not found in this scope

error[E0405]: cannot find trait `Pixel` in this scope
   --> /home/andre/.cargo/registry/src/index.crates.io-1949cf8c6b5b557f/rav1e-0.7.1/src/tiling/plane_region.rs:598:31
    |
598 | pub struct VertWindows<'a, T: Pixel> {
    |                               ^^^^^ not found in this scope

error[E0412]: cannot find type `PlaneConfig` in this scope
   --> /home/andre/.cargo/registry/src/index.crates.io-1949cf8c6b5b557f/rav1e-0.7.1/src/tiling/plane_region.rs:600:18
    |
600 |   plane_cfg: &'a PlaneConfig,
    |                  ^^^^^^^^^^^ not found in this scope

error[E0405]: cannot find trait `Pixel` in this scope
   --> /home/andre/.cargo/registry/src/index.crates.io-1949cf8c6b5b557f/rav1e-0.7.1/src/tiling/plane_region.rs:605:31
    |
605 | pub struct HorzWindows<'a, T: Pixel> {
    |                               ^^^^^ not found in this scope

error[E0412]: cannot find type `PlaneConfig` in this scope
   --> /home/andre/.cargo/registry/src/index.crates.io-1949cf8c6b5b557f/rav1e-0.7.1/src/tiling/plane_region.rs:607:18
    |
607 |   plane_cfg: &'a PlaneConfig,
    |                  ^^^^^^^^^^^ not found in this scope

error[E0405]: cannot find trait `Pixel` in this scope
   --> /home/andre/.cargo/registry/src/index.crates.io-1949cf8c6b5b557f/rav1e-0.7.1/src/tiling/plane_region.rs:612:13
    |
612 | impl<'a, T: Pixel> Iterator for VertWindows<'a, T> {
    |             ^^^^^ not found in this scope

error[E0405]: cannot find trait `Pixel` in this scope
   --> /home/andre/.cargo/registry/src/index.crates.io-1949cf8c6b5b557f/rav1e-0.7.1/src/tiling/plane_region.rs:648:13
    |
648 | impl<'a, T: Pixel> Iterator for HorzWindows<'a, T> {
    |             ^^^^^ not found in this scope

error[E0405]: cannot find trait `Pixel` in this scope
   --> /home/andre/.cargo/registry/src/index.crates.io-1949cf8c6b5b557f/rav1e-0.7.1/src/tiling/plane_region.rs:684:9
    |
684 | impl<T: Pixel> ExactSizeIterator for VertWindows<'_, T> {}
    |         ^^^^^ not found in this scope

error[E0405]: cannot find trait `Pixel` in this scope
   --> /home/andre/.cargo/registry/src/index.crates.io-1949cf8c6b5b557f/rav1e-0.7.1/src/tiling/plane_region.rs:685:9
    |
685 | impl<T: Pixel> FusedIterator for VertWindows<'_, T> {}
    |         ^^^^^ not found in this scope

error[E0405]: cannot find trait `Pixel` in this scope
   --> /home/andre/.cargo/registry/src/index.crates.io-1949cf8c6b5b557f/rav1e-0.7.1/src/tiling/plane_region.rs:686:9
    |
686 | impl<T: Pixel> ExactSizeIterator for HorzWindows<'_, T> {}
    |         ^^^^^ not found in this scope

error[E0405]: cannot find trait `Pixel` in this scope
   --> /home/andre/.cargo/registry/src/index.crates.io-1949cf8c6b5b557f/rav1e-0.7.1/src/tiling/plane_region.rs:687:9
    |
687 | impl<T: Pixel> FusedIterator for HorzWindows<'_, T> {}
    |         ^^^^^ not found in this scope

error[E0412]: cannot find type `PlaneOffset` in this scope
  --> /home/andre/.cargo/registry/src/index.crates.io-1949cf8c6b5b557f/rav1e-0.7.1/src/tiling/tile.rs:40:21
   |
40 |     &self, tile_po: PlaneOffset,
   |                     ^^^^^^^^^^^ not found in this scope

error[E0412]: cannot find type `PlaneOffset` in this scope
  --> /home/andre/.cargo/registry/src/index.crates.io-1949cf8c6b5b557f/rav1e-0.7.1/src/tiling/tile.rs:41:8
   |
41 |   ) -> PlaneOffset {
   |        ^^^^^^^^^^^ not found in this scope

error[E0422]: cannot find struct, variant or union type `PlaneOffset` in this scope
  --> /home/andre/.cargo/registry/src/index.crates.io-1949cf8c6b5b557f/rav1e-0.7.1/src/tiling/tile.rs:42:5
   |
42 |     PlaneOffset {
   |     ^^^^^^^^^^^ not found in this scope

error[E0405]: cannot find trait `Pixel` in this scope
  --> /home/andre/.cargo/registry/src/index.crates.io-1949cf8c6b5b557f/rav1e-0.7.1/src/tiling/tile.rs:90:24
   |
90 | pub struct Tile<'a, T: Pixel> {
   |                        ^^^^^ not found in this scope

error[E0405]: cannot find trait `Pixel` in this scope
  --> /home/andre/.cargo/registry/src/index.crates.io-1949cf8c6b5b557f/rav1e-0.7.1/src/tiling/tile.rs:96:27
   |
96 | pub struct TileMut<'a, T: Pixel> {
   |                           ^^^^^ not found in this scope

error[E0405]: cannot find trait `Pixel` in this scope
   --> /home/andre/.cargo/registry/src/index.crates.io-1949cf8c6b5b557f/rav1e-0.7.1/src/tiling/tile.rs:107:17
    |
107 |     impl<'a, T: Pixel> $name<'a, T> {
    |                 ^^^^^ not found in this scope
...
203 | tile_common!(Tile, PlaneRegion, iter);
    | ------------------------------------- in this macro invocation
    |
    = note: this error originates in the macro `tile_common` (in Nightly builds, run with -Z macro-backtrace for more info)

error[E0422]: cannot find struct, variant or union type `PlaneConfig` in this scope
   --> /home/andre/.cargo/registry/src/index.crates.io-1949cf8c6b5b557f/rav1e-0.7.1/src/tiling/tile.rs:157:20
    |
157 |               let &PlaneConfig { xdec, ydec, .. } = plane.plane_cfg;
    |                    ^^^^^^^^^^^ not found in this scope
...
203 | tile_common!(Tile, PlaneRegion, iter);
    | ------------------------------------- in this macro invocation
    |
    = note: this error originates in the macro `tile_common` (in Nightly builds, run with -Z macro-backtrace for more info)

error[E0405]: cannot find trait `Pixel` in this scope
   --> /home/andre/.cargo/registry/src/index.crates.io-1949cf8c6b5b557f/rav1e-0.7.1/src/tiling/tile.rs:107:17
    |
107 |     impl<'a, T: Pixel> $name<'a, T> {
    |                 ^^^^^ not found in this scope
...
204 | tile_common!(TileMut, PlaneRegionMut, iter_mut, mut);
    | ---------------------------------------------------- in this macro invocation
    |
    = note: this error originates in the macro `tile_common` (in Nightly builds, run with -Z macro-backtrace for more info)

error[E0422]: cannot find struct, variant or union type `PlaneConfig` in this scope
   --> /home/andre/.cargo/registry/src/index.crates.io-1949cf8c6b5b557f/rav1e-0.7.1/src/tiling/tile.rs:157:20
    |
157 |               let &PlaneConfig { xdec, ydec, .. } = plane.plane_cfg;
    |                    ^^^^^^^^^^^ not found in this scope
...
204 | tile_common!(TileMut, PlaneRegionMut, iter_mut, mut);
    | ---------------------------------------------------- in this macro invocation
    |
    = note: this error originates in the macro `tile_common` (in Nightly builds, run with -Z macro-backtrace for more info)

error[E0405]: cannot find trait `Pixel` in this scope
   --> /home/andre/.cargo/registry/src/index.crates.io-1949cf8c6b5b557f/rav1e-0.7.1/src/tiling/tile.rs:206:13
    |
206 | impl<'a, T: Pixel> TileMut<'a, T> {
    |             ^^^^^ not found in this scope

error[E0405]: cannot find trait `Pixel` in this scope
  --> /home/andre/.cargo/registry/src/index.crates.io-1949cf8c6b5b557f/rav1e-0.7.1/src/tiling/tile_state.rs:49:32
   |
49 | pub struct TileStateMut<'a, T: Pixel> {
   |                                ^^^^^ not found in this scope

error[E0412]: cannot find type `Plane` in this scope
  --> /home/andre/.cargo/registry/src/index.crates.io-1949cf8c6b5b557f/rav1e-0.7.1/src/tiling/tile_state.rs:60:23
   |
60 |   pub input_hres: &'a Plane<T>,
   |                       ^^^^^ not found in this scope

error[E0412]: cannot find type `Plane` in this scope
  --> /home/andre/.cargo/registry/src/index.crates.io-1949cf8c6b5b557f/rav1e-0.7.1/src/tiling/tile_state.rs:61:23
   |
61 |   pub input_qres: &'a Plane<T>,
   |                       ^^^^^ not found in this scope

error[E0405]: cannot find trait `Pixel` in this scope
   --> /home/andre/.cargo/registry/src/index.crates.io-1949cf8c6b5b557f/rav1e-0.7.1/src/tiling/tile_state.rs:126:13
    |
126 | impl<'a, T: Pixel> TileStateMut<'a, T> {
    |             ^^^^^ not found in this scope

error[E0405]: cannot find trait `Pixel` in this scope
   --> /home/andre/.cargo/registry/src/index.crates.io-1949cf8c6b5b557f/rav1e-0.7.1/src/tiling/tiler.rs:180:31
    |
180 |   pub fn tile_iter_mut<'a, T: Pixel>(
    |                               ^^^^^ not found in this scope

error[E0405]: cannot find trait `Pixel` in this scope
   --> /home/andre/.cargo/registry/src/index.crates.io-1949cf8c6b5b557f/rav1e-0.7.1/src/tiling/tiler.rs:191:34
    |
191 | pub struct TileContextMut<'a, T: Pixel> {
    |                                  ^^^^^ not found in this scope

error[E0405]: cannot find trait `Pixel` in this scope
   --> /home/andre/.cargo/registry/src/index.crates.io-1949cf8c6b5b557f/rav1e-0.7.1/src/tiling/tiler.rs:197:38
    |
197 | pub struct TileContextIterMut<'a, T: Pixel> {
    |                                      ^^^^^ not found in this scope

error[E0405]: cannot find trait `Pixel` in this scope
   --> /home/andre/.cargo/registry/src/index.crates.io-1949cf8c6b5b557f/rav1e-0.7.1/src/tiling/tiler.rs:205:13
    |
205 | impl<'a, T: Pixel> Iterator for TileContextIterMut<'a, T> {
    |             ^^^^^ not found in this scope

error[E0405]: cannot find trait `Pixel` in this scope
   --> /home/andre/.cargo/registry/src/index.crates.io-1949cf8c6b5b557f/rav1e-0.7.1/src/tiling/tiler.rs:272:9
    |
272 | impl<T: Pixel> ExactSizeIterator for TileContextIterMut<'_, T> {}
    |         ^^^^^ not found in this scope

error[E0405]: cannot find trait `Pixel` in this scope
   --> /home/andre/.cargo/registry/src/index.crates.io-1949cf8c6b5b557f/rav1e-0.7.1/src/tiling/tiler.rs:273:9
    |
273 | impl<T: Pixel> FusedIterator for TileContextIterMut<'_, T> {}
    |         ^^^^^ not found in this scope

error[E0425]: cannot find value `BigEndian` in this scope
   --> /home/andre/.cargo/registry/src/index.crates.io-1949cf8c6b5b557f/rav1e-0.7.1/src/api/context.rs:347:50
    |
347 |         let mut bw = BitWriter::endian(&mut buf, BigEndian);
    |                                                  ^^^^^^^^^ not found in this scope

error[E0405]: cannot find trait `Pixel` in this scope
  --> /home/andre/.cargo/registry/src/index.crates.io-1949cf8c6b5b557f/rav1e-0.7.1/src/frame/plane.rs:15:23
   |
15 | pub trait AsRegion<T: Pixel> {
   |                       ^^^^^ not found in this scope

error[E0412]: cannot find type `Plane` in this scope
  --> /home/andre/.cargo/registry/src/index.crates.io-1949cf8c6b5b557f/rav1e-0.7.1/src/frame/plane.rs:22:32
   |
22 | impl<T: Pixel> AsRegion<T> for Plane<T> {
   |                                ^^^^^ not found in this scope

error[E0405]: cannot find trait `Pixel` in this scope
  --> /home/andre/.cargo/registry/src/index.crates.io-1949cf8c6b5b557f/rav1e-0.7.1/src/frame/plane.rs:22:9
   |
22 | impl<T: Pixel> AsRegion<T> for Plane<T> {
   |         ^^^^^ not found in this scope

error[E0412]: cannot find type `ChromaSampling` in this scope
  --> /home/andre/.cargo/registry/src/index.crates.io-1949cf8c6b5b557f/rav1e-0.7.1/src/frame/mod.rs:54:56
   |
54 |   fn new(width: usize, height: usize, chroma_sampling: ChromaSampling)
   |                                                        ^^^^^^^^^^^^^^ not found in this scope

error[E0405]: cannot find trait `Pixel` in this scope
  --> /home/andre/.cargo/registry/src/index.crates.io-1949cf8c6b5b557f/rav1e-0.7.1/src/frame/mod.rs:58:9
   |
58 | impl<T: Pixel> FrameAlloc for Frame<T> {
   |         ^^^^^ not found in this scope

error[E0412]: cannot find type `ChromaSampling` in this scope
  --> /home/andre/.cargo/registry/src/index.crates.io-1949cf8c6b5b557f/rav1e-0.7.1/src/frame/mod.rs:63:51
   |
63 |     width: usize, height: usize, chroma_sampling: ChromaSampling,
   |                                                   ^^^^^^^^^^^^^^ not found in this scope

error[E0405]: cannot find trait `Pixel` in this scope
  --> /home/andre/.cargo/registry/src/index.crates.io-1949cf8c6b5b557f/rav1e-0.7.1/src/frame/mod.rs:79:9
   |
79 | impl<T: Pixel> FramePad for Frame<T> {
   |         ^^^^^ not found in this scope

error[E0405]: cannot find trait `Pixel` in this scope
  --> /home/andre/.cargo/registry/src/index.crates.io-1949cf8c6b5b557f/rav1e-0.7.1/src/frame/mod.rs:88:28
   |
88 | pub(crate) trait AsTile<T: Pixel> {
   |                            ^^^^^ not found in this scope

error[E0405]: cannot find trait `Pixel` in this scope
  --> /home/andre/.cargo/registry/src/index.crates.io-1949cf8c6b5b557f/rav1e-0.7.1/src/frame/mod.rs:93:9
   |
93 | impl<T: Pixel> AsTile<T> for Frame<T> {
   |         ^^^^^ not found in this scope

error[E0422]: cannot find struct, variant or union type `PlaneConfig` in this scope
  --> /home/andre/.cargo/registry/src/index.crates.io-1949cf8c6b5b557f/rav1e-0.7.1/src/frame/mod.rs:96:9
   |
96 |     let PlaneConfig { width, height, .. } = self.planes[0].cfg;
   |         ^^^^^^^^^^^ not found in this scope

error[E0422]: cannot find struct, variant or union type `PlaneConfig` in this scope
   --> /home/andre/.cargo/registry/src/index.crates.io-1949cf8c6b5b557f/rav1e-0.7.1/src/frame/mod.rs:101:9
    |
101 |     let PlaneConfig { width, height, .. } = self.planes[0].cfg;
    |         ^^^^^^^^^^^ not found in this scope

error[E0433]: failed to resolve: use of undeclared type `ILog`
    --> /home/andre/.cargo/registry/src/index.crates.io-1949cf8c6b5b557f/rav1e-0.7.1/src/transform/inverse.rs:1654:56
     |
1654 |     let txfm_fn = INV_TXFM_FNS[tx_types_1d.1 as usize][ILog::ilog(width) - 3];
     |                                                        ^^^^ use of undeclared type `ILog`

error[E0433]: failed to resolve: use of undeclared type `ILog`
    --> /home/andre/.cargo/registry/src/index.crates.io-1949cf8c6b5b557f/rav1e-0.7.1/src/transform/inverse.rs:1682:56
     |
1682 |     let txfm_fn = INV_TXFM_FNS[tx_types_1d.0 as usize][ILog::ilog(height) - 3];
     |                                                        ^^^^ use of undeclared type `ILog`

error[E0433]: failed to resolve: use of undeclared type `ILog`
   --> /home/andre/.cargo/registry/src/index.crates.io-1949cf8c6b5b557f/rav1e-0.7.1/src/transform/mod.rs:293:3
    |
293 |   ILog::ilog(col) as i8 - ILog::ilog(row) as i8
    |   ^^^^ use of undeclared type `ILog`

error[E0433]: failed to resolve: use of undeclared type `ILog`
   --> /home/andre/.cargo/registry/src/index.crates.io-1949cf8c6b5b557f/rav1e-0.7.1/src/transform/mod.rs:293:27
    |
293 |   ILog::ilog(col) as i8 - ILog::ilog(row) as i8
    |                           ^^^^ use of undeclared type `ILog`

error[E0433]: failed to resolve: use of undeclared type `ILog`
   --> /home/andre/.cargo/registry/src/index.crates.io-1949cf8c6b5b557f/rav1e-0.7.1/src/activity.rs:113:13
    |
113 |   let k = ((ILog::ilog(x) - 1) >> 1) as i16;
    |             ^^^^ use of undeclared type `ILog`

error[E0433]: failed to resolve: use of undeclared type `ArrayVec`
    --> /home/andre/.cargo/registry/src/index.crates.io-1949cf8c6b5b557f/rav1e-0.7.1/src/rdo.rs:1128:28
     |
1128 |   let mut ref_frames_set = ArrayVec::<_, 7>::new();
     |                            ^^^^^^^^ use of undeclared type `ArrayVec`

error[E0433]: failed to resolve: use of undeclared type `ArrayVec`
    --> /home/andre/.cargo/registry/src/index.crates.io-1949cf8c6b5b557f/rav1e-0.7.1/src/rdo.rs:1130:26
     |
1130 |   let mut ref_slot_set = ArrayVec::<_, 7>::new();
     |                          ^^^^^^^^ use of undeclared type `ArrayVec`

error[E0433]: failed to resolve: use of undeclared type `ArrayVec`
    --> /home/andre/.cargo/registry/src/index.crates.io-1949cf8c6b5b557f/rav1e-0.7.1/src/rdo.rs:1132:25
     |
1132 |   let mut mvs_from_me = ArrayVec::<_, 3>::new();
     |                         ^^^^^^^^ use of undeclared type `ArrayVec`

error[E0433]: failed to resolve: use of undeclared type `ArrayVec`
    --> /home/andre/.cargo/registry/src/index.crates.io-1949cf8c6b5b557f/rav1e-0.7.1/src/rdo.rs:1156:28
     |
1156 |   let mut inter_mode_set = ArrayVec::<(PredictionMode, usize), 20>::new();
     |                            ^^^^^^^^ use of undeclared type `ArrayVec`

error[E0433]: failed to resolve: use of undeclared type `ArrayVec`
    --> /home/andre/.cargo/registry/src/index.crates.io-1949cf8c6b5b557f/rav1e-0.7.1/src/rdo.rs:1157:21
     |
1157 |   let mut mvs_set = ArrayVec::<[MotionVector; 2], 20>::new();
     |                     ^^^^^^^^ use of undeclared type `ArrayVec`

error[E0433]: failed to resolve: use of undeclared type `ArrayVec`
    --> /home/andre/.cargo/registry/src/index.crates.io-1949cf8c6b5b557f/rav1e-0.7.1/src/rdo.rs:1158:19
     |
1158 |   let mut satds = ArrayVec::<u32, 20>::new();
     |                   ^^^^^^^^ use of undeclared type `ArrayVec`

error[E0433]: failed to resolve: use of undeclared type `ArrayVec`
    --> /home/andre/.cargo/registry/src/index.crates.io-1949cf8c6b5b557f/rav1e-0.7.1/src/rdo.rs:1159:23
     |
1159 |   let mut mv_stacks = ArrayVec::<_, 20>::new();
     |                       ^^^^^^^^ use of undeclared type `ArrayVec`

error[E0433]: failed to resolve: use of undeclared type `ArrayVec`
    --> /home/andre/.cargo/registry/src/index.crates.io-1949cf8c6b5b557f/rav1e-0.7.1/src/rdo.rs:1160:27
     |
1160 |   let mut mode_contexts = ArrayVec::<_, 7>::new();
     |                           ^^^^^^^^ use of undeclared type `ArrayVec`

error[E0433]: failed to resolve: use of undeclared type `ArrayVec`
    --> /home/andre/.cargo/registry/src/index.crates.io-1949cf8c6b5b557f/rav1e-0.7.1/src/rdo.rs:1163:24
     |
1163 |     let mut mv_stack = ArrayVec::<CandidateMV, 9>::new();
     |                        ^^^^^^^^ use of undeclared type `ArrayVec`

error[E0433]: failed to resolve: use of undeclared type `ArrayVec`
    --> /home/andre/.cargo/registry/src/index.crates.io-1949cf8c6b5b557f/rav1e-0.7.1/src/rdo.rs:1245:28
     |
1245 |         let mut mv_stack = ArrayVec::<CandidateMV, 9>::new();
     |                            ^^^^^^^^ use of undeclared type `ArrayVec`

error[E0433]: failed to resolve: use of undeclared type `ArrayVec`
    --> /home/andre/.cargo/registry/src/index.crates.io-1949cf8c6b5b557f/rav1e-0.7.1/src/rdo.rs:1365:29
     |
1365 |       let mode_set_chroma = ArrayVec::from([luma_mode]);
     |                             ^^^^^^^^ use of undeclared type `ArrayVec`

error[E0433]: failed to resolve: use of undeclared type `ArrayVec`
    --> /home/andre/.cargo/registry/src/index.crates.io-1949cf8c6b5b557f/rav1e-0.7.1/src/rdo.rs:1398:19
     |
1398 |   let mut modes = ArrayVec::<_, INTRA_MODES>::new();
     |                   ^^^^^^^^ use of undeclared type `ArrayVec`

error[E0433]: failed to resolve: use of undeclared type `ArrayVec`
    --> /home/andre/.cargo/registry/src/index.crates.io-1949cf8c6b5b557f/rav1e-0.7.1/src/rdo.rs:1511:31
     |
1511 |     let mut mode_set_chroma = ArrayVec::<_, 2>::new();
     |                               ^^^^^^^^ use of undeclared type `ArrayVec`

error[E0433]: failed to resolve: use of undeclared type `ArrayVec`
    --> /home/andre/.cargo/registry/src/index.crates.io-1949cf8c6b5b557f/rav1e-0.7.1/src/rdo.rs:1531:8
     |
1531 |       &ArrayVec::<CandidateMV, 9>::new(),
     |        ^^^^^^^^ use of undeclared type `ArrayVec`

error[E0433]: failed to resolve: use of undeclared type `ArrayVec`
    --> /home/andre/.cargo/registry/src/index.crates.io-1949cf8c6b5b557f/rav1e-0.7.1/src/rdo.rs:1546:20
     |
1546 |     let mv_stack = ArrayVec::<_, 9>::new();
     |                    ^^^^^^^^ use of undeclared type `ArrayVec`

error[E0433]: failed to resolve: use of undeclared type `ArrayVec`
    --> /home/andre/.cargo/registry/src/index.crates.io-1949cf8c6b5b557f/rav1e-0.7.1/src/rdo.rs:1826:31
     |
1826 |   let mut partition_offsets = ArrayVec::<TileBlockOffset, 4>::new();
     |                               ^^^^^^^^ use of undeclared type `ArrayVec`

error[E0433]: failed to resolve: use of undeclared type `ArrayVec`
    --> /home/andre/.cargo/registry/src/index.crates.io-1949cf8c6b5b557f/rav1e-0.7.1/src/rdo.rs:1968:27
     |
1968 |     let mut child_modes = ArrayVec::<_, 4>::new();
     |                           ^^^^^^^^ use of undeclared type `ArrayVec`

error[E0433]: failed to resolve: use of undeclared type `Plane`
    --> /home/andre/.cargo/registry/src/index.crates.io-1949cf8c6b5b557f/rav1e-0.7.1/src/rdo.rs:2335:11
     |
2335 |           Plane::new(width, height, xdec, ydec, 0, 0)
     |           ^^^^^ use of undeclared type `Plane`

error[E0433]: failed to resolve: use of undeclared type `ArrayVec`
    --> /home/andre/.cargo/registry/src/index.crates.io-1949cf8c6b5b557f/rav1e-0.7.1/src/context/block_unit.rs:1803:20
     |
1803 |       Aligned::new(ArrayVec::new());
     |                    ^^^^^^^^ use of undeclared type `ArrayVec`

error[E0433]: failed to resolve: use of undeclared type `Plane`
   --> /home/andre/.cargo/registry/src/index.crates.io-1949cf8c6b5b557f/rav1e-0.7.1/src/encoder.rs:450:16
    |
450 |     let hres = Plane::new(0, 0, 0, 0, 0, 0);
    |                ^^^^^ use of undeclared type `Plane`

error[E0433]: failed to resolve: use of undeclared type `Plane`
   --> /home/andre/.cargo/registry/src/index.crates.io-1949cf8c6b5b557f/rav1e-0.7.1/src/encoder.rs:451:16
    |
451 |     let qres = Plane::new(0, 0, 0, 0, 0, 0);
    |                ^^^^^ use of undeclared type `Plane`

error[E0433]: failed to resolve: use of undeclared type `ArrayVec`
   --> /home/andre/.cargo/registry/src/index.crates.io-1949cf8c6b5b557f/rav1e-0.7.1/src/encoder.rs:569:21
    |
569 |     let real_ac_q = ArrayVec::<_, MAX_SEGMENTS>::from_iter(
    |                     ^^^^^^^^ use of undeclared type `ArrayVec`

error[E0433]: failed to resolve: use of undeclared type `ArrayVec`
    --> /home/andre/.cargo/registry/src/index.crates.io-1949cf8c6b5b557f/rav1e-0.7.1/src/encoder.rs:2587:22
     |
2587 |   let mut mv_stack = ArrayVec::<CandidateMV, 9>::new();
     |                      ^^^^^^^^ use of undeclared type `ArrayVec`

error[E0433]: failed to resolve: use of undeclared type `ArrayVec`
    --> /home/andre/.cargo/registry/src/index.crates.io-1949cf8c6b5b557f/rav1e-0.7.1/src/encoder.rs:2647:17
     |
2647 |     part_modes: ArrayVec::new(),
     |                 ^^^^^^^^ use of undeclared type `ArrayVec`

error[E0433]: failed to resolve: use of undeclared type `ArrayVec`
    --> /home/andre/.cargo/registry/src/index.crates.io-1949cf8c6b5b557f/rav1e-0.7.1/src/encoder.rs:2737:31
     |
2737 |     let mut partition_types = ArrayVec::<PartitionType, 3>::new();
     |                               ^^^^^^^^ use of undeclared type `ArrayVec`

error[E0433]: failed to resolve: use of undeclared type `ArrayVec`
    --> /home/andre/.cargo/registry/src/index.crates.io-1949cf8c6b5b557f/rav1e-0.7.1/src/encoder.rs:2775:29
     |
2775 |       let mut child_modes = ArrayVec::<PartitionParameters, 4>::new();
     |                             ^^^^^^^^ use of undeclared type `ArrayVec`

error[E0433]: failed to resolve: use of undeclared type `ArrayVec`
    --> /home/andre/.cargo/registry/src/index.crates.io-1949cf8c6b5b557f/rav1e-0.7.1/src/encoder.rs:2953:19
     |
2953 |       part_modes: ArrayVec::new(),
     |                   ^^^^^^^^ use of undeclared type `ArrayVec`

error[E0433]: failed to resolve: use of undeclared type `ArrayVec`
    --> /home/andre/.cargo/registry/src/index.crates.io-1949cf8c6b5b557f/rav1e-0.7.1/src/encoder.rs:3024:26
     |
3024 |       let mut mv_stack = ArrayVec::<CandidateMV, 9>::new();
     |                          ^^^^^^^^ use of undeclared type `ArrayVec`

error[E0433]: failed to resolve: use of undeclared type `ILog`
    --> /home/andre/.cargo/registry/src/index.crates.io-1949cf8c6b5b557f/rav1e-0.7.1/src/encoder.rs:3339:31
     |
3339 |   let max_tile_size_bytes = ((ILog::ilog(max_len) + 7) / 8) as u32;
     |                               ^^^^ use of undeclared type `ILog`

error[E0433]: failed to resolve: use of undeclared type `ArrayVec`
   --> /home/andre/.cargo/registry/src/index.crates.io-1949cf8c6b5b557f/rav1e-0.7.1/src/me.rs:373:19
    |
373 |     let mut all = ArrayVec::new();
    |                   ^^^^^^^^ use of undeclared type `ArrayVec`

error[E0433]: failed to resolve: use of undeclared type `ArrayVec`
   --> /home/andre/.cargo/registry/src/index.crates.io-1949cf8c6b5b557f/rav1e-0.7.1/src/me.rs:393:22
    |
393 |   let mut subset_b = ArrayVec::<MotionVector, 5>::new();
    |                      ^^^^^^^^ use of undeclared type `ArrayVec`

error[E0433]: failed to resolve: use of undeclared type `ArrayVec`
   --> /home/andre/.cargo/registry/src/index.crates.io-1949cf8c6b5b557f/rav1e-0.7.1/src/me.rs:394:22
    |
394 |   let mut subset_c = ArrayVec::<MotionVector, 5>::new();
    |                      ^^^^^^^^ use of undeclared type `ArrayVec`

error[E0433]: failed to resolve: use of undeclared type `PlaneConfig`
    --> /home/andre/.cargo/registry/src/index.crates.io-1949cf8c6b5b557f/rav1e-0.7.1/src/me.rs:1325:13
     |
1325 |   let cfg = PlaneConfig::new(mc_w, mc_h, 0, 0, 0, 0, std::mem::size_of::<T>());
     |             ^^^^^^^^^^^ use of undeclared type `PlaneConfig`

error[E0433]: failed to resolve: use of undeclared type `Plane`
  --> /home/andre/.cargo/registry/src/index.crates.io-1949cf8c6b5b557f/rav1e-0.7.1/src/scenechange/mod.rs:52:18
   |
52 |       downscale: Plane::downscale::<SCALE>,
   |                  ^^^^^ use of undeclared type `Plane`

error[E0433]: failed to resolve: use of undeclared type `Plane`
  --> /home/andre/.cargo/registry/src/index.crates.io-1949cf8c6b5b557f/rav1e-0.7.1/src/scenechange/mod.rs:53:27
   |
53 |       downscale_in_place: Plane::downscale_in_place::<SCALE>,
   |                           ^^^^^ use of undeclared type `Plane`

error[E0433]: failed to resolve: use of undeclared type `Plane`
   --> /home/andre/.cargo/registry/src/index.crates.io-1949cf8c6b5b557f/rav1e-0.7.1/src/tiling/plane_region.rs:393:33
    |
393 |         let mut ret: Plane<T> = Plane::new(width, height, xdec, ydec, 0, 0);
    |                                 ^^^^^ use of undeclared type `Plane`
...
423 | plane_region_common!(PlaneRegion, as_ptr);
    | ----------------------------------------- in this macro invocation
    |
    = note: this error originates in the macro `plane_region_common` (in Nightly builds, run with -Z macro-backtrace for more info)

error[E0433]: failed to resolve: use of undeclared type `Plane`
   --> /home/andre/.cargo/registry/src/index.crates.io-1949cf8c6b5b557f/rav1e-0.7.1/src/tiling/plane_region.rs:393:33
    |
393 |         let mut ret: Plane<T> = Plane::new(width, height, xdec, ydec, 0, 0);
    |                                 ^^^^^ use of undeclared type `Plane`
...
424 | plane_region_common!(PlaneRegionMut, as_mut_ptr, mut);
    | ----------------------------------------------------- in this macro invocation
    |
    = note: this error originates in the macro `plane_region_common` (in Nightly builds, run with -Z macro-backtrace for more info)

error[E0433]: failed to resolve: use of undeclared type `BitWriter`
   --> /home/andre/.cargo/registry/src/index.crates.io-1949cf8c6b5b557f/rav1e-0.7.1/src/api/context.rs:347:22
    |
347 |         let mut bw = BitWriter::endian(&mut buf, BigEndian);
    |                      ^^^^^^^^^ use of undeclared type `BitWriter`

error[E0425]: cannot find function `round_shift` in this scope
   --> /home/andre/.cargo/registry/src/index.crates.io-1949cf8c6b5b557f/rav1e-0.7.1/src/transform/inverse.rs:145:15
    |
145 |   output[0] = round_shift(x0, bit);
    |               ^^^^^^^^^^^ not found in this scope

error[E0425]: cannot find function `round_shift` in this scope
   --> /home/andre/.cargo/registry/src/index.crates.io-1949cf8c6b5b557f/rav1e-0.7.1/src/transform/inverse.rs:146:15
    |
146 |   output[1] = round_shift(x1, bit);
    |               ^^^^^^^^^^^ not found in this scope

error[E0425]: cannot find function `round_shift` in this scope
   --> /home/andre/.cargo/registry/src/index.crates.io-1949cf8c6b5b557f/rav1e-0.7.1/src/transform/inverse.rs:147:15
    |
147 |   output[2] = round_shift(x2, bit);
    |               ^^^^^^^^^^^ not found in this scope

error[E0425]: cannot find function `round_shift` in this scope
   --> /home/andre/.cargo/registry/src/index.crates.io-1949cf8c6b5b557f/rav1e-0.7.1/src/transform/inverse.rs:148:15
    |
148 |   output[3] = round_shift(x3, bit);
    |               ^^^^^^^^^^^ not found in this scope

error[E0425]: cannot find function `round_shift` in this scope
   --> /home/andre/.cargo/registry/src/index.crates.io-1949cf8c6b5b557f/rav1e-0.7.1/src/transform/inverse.rs:155:37
    |
155 |     .for_each(|(outp, inp)| *outp = round_shift(SQRT2 * *inp, 12));
    |                                     ^^^^^^^^^^^ not found in this scope

error[E0425]: cannot find function `round_shift` in this scope
   --> /home/andre/.cargo/registry/src/index.crates.io-1949cf8c6b5b557f/rav1e-0.7.1/src/transform/inverse.rs:584:37
    |
584 |     .for_each(|(outp, inp)| *outp = round_shift(SQRT2 * 2 * *inp, 12));
    |                                     ^^^^^^^^^^^ not found in this scope

error[E0425]: cannot find function `round_shift` in this scope
    --> /home/andre/.cargo/registry/src/index.crates.io-1949cf8c6b5b557f/rav1e-0.7.1/src/transform/inverse.rs:1669:11
     |
1669 |           round_shift(raw * INV_SQRT2, SQRT2_BITS)
     |           ^^^^^^^^^^^ not found in this scope

error[E0425]: cannot find function `round_shift` in this scope
    --> /home/andre/.cargo/registry/src/index.crates.io-1949cf8c6b5b557f/rav1e-0.7.1/src/transform/inverse.rs:1690:11
     |
1690 |           round_shift(*raw, INV_INTERMEDIATE_SHIFTS[tx_size as usize]),
     |           ^^^^^^^^^^^ not found in this scope

error[E0425]: cannot find function `round_shift` in this scope
    --> /home/andre/.cargo/registry/src/index.crates.io-1949cf8c6b5b557f/rav1e-0.7.1/src/transform/inverse.rs:1700:46
     |
1700 |         let r = if lossless { *temp } else { round_shift(*temp, 4) };
     |                                              ^^^^^^^^^^^ not found in this scope

error[E0425]: cannot find function `round_shift` in this scope
   --> /home/andre/.cargo/registry/src/index.crates.io-1949cf8c6b5b557f/rav1e-0.7.1/src/transform/mod.rs:325:12
    |
325 |       *i = round_shift(*i, bit);
    |            ^^^^^^^^^^^ not found in this scope

error[E0425]: cannot find function `msb` in this scope
   --> /home/andre/.cargo/registry/src/index.crates.io-1949cf8c6b5b557f/rav1e-0.7.1/src/dist.rs:219:14
    |
219 |     let ln = msb(size as i32) as u64;
    |              ^^^ not found in this scope

error[E0425]: cannot find function `msb` in this scope
    --> /home/andre/.cargo/registry/src/index.crates.io-1949cf8c6b5b557f/rav1e-0.7.1/src/context/block_unit.rs:1766:20
     |
1766 |         let bits = msb(abs as i32 - 1) as u32;
     |                    ^^^ not found in this scope

error[E0425]: cannot find function `round_shift` in this scope
   --> /home/andre/.cargo/registry/src/index.crates.io-1949cf8c6b5b557f/rav1e-0.7.1/src/mc.rs:279:15
    |
279 |               round_shift(
    |               ^^^^^^^^^^^ not found in this scope

error[E0425]: cannot find function `round_shift` in this scope
   --> /home/andre/.cargo/registry/src/index.crates.io-1949cf8c6b5b557f/rav1e-0.7.1/src/mc.rs:299:15
    |
299 |               round_shift(
    |               ^^^^^^^^^^^ not found in this scope

error[E0425]: cannot find function `round_shift` in this scope
   --> /home/andre/.cargo/registry/src/index.crates.io-1949cf8c6b5b557f/rav1e-0.7.1/src/mc.rs:300:17
    |
300 |                 round_shift(
    |                 ^^^^^^^^^^^ not found in this scope

error[E0425]: cannot find function `round_shift` in this scope
   --> /home/andre/.cargo/registry/src/index.crates.io-1949cf8c6b5b557f/rav1e-0.7.1/src/mc.rs:321:48
    |
321 |               intermediate[8 * r + (c - cg)] = round_shift(
    |                                                ^^^^^^^^^^^ not found in this scope

error[E0425]: cannot find function `round_shift` in this scope
   --> /home/andre/.cargo/registry/src/index.crates.io-1949cf8c6b5b557f/rav1e-0.7.1/src/mc.rs:334:17
    |
334 |                 round_shift(
    |                 ^^^^^^^^^^^ not found in this scope

error[E0425]: cannot find function `round_shift` in this scope
   --> /home/andre/.cargo/registry/src/index.crates.io-1949cf8c6b5b557f/rav1e-0.7.1/src/mc.rs:390:35
    |
390 |             tmp[r * width + c] = (round_shift(
    |                                   ^^^^^^^^^^^ not found in this scope

error[E0425]: cannot find function `round_shift` in this scope
   --> /home/andre/.cargo/registry/src/index.crates.io-1949cf8c6b5b557f/rav1e-0.7.1/src/mc.rs:406:35
    |
406 |             tmp[r * width + c] = (round_shift(
    |                                   ^^^^^^^^^^^ not found in this scope

error[E0425]: cannot find function `round_shift` in this scope
   --> /home/andre/.cargo/registry/src/index.crates.io-1949cf8c6b5b557f/rav1e-0.7.1/src/mc.rs:423:48
    |
423 |               intermediate[8 * r + (c - cg)] = round_shift(
    |                                                ^^^^^^^^^^^ not found in this scope

error[E0425]: cannot find function `round_shift` in this scope
   --> /home/andre/.cargo/registry/src/index.crates.io-1949cf8c6b5b557f/rav1e-0.7.1/src/mc.rs:434:37
    |
434 |               tmp[r * width + c] = (round_shift(
    |                                     ^^^^^^^^^^^ not found in this scope

error[E0425]: cannot find function `round_shift` in this scope
   --> /home/andre/.cargo/registry/src/index.crates.io-1949cf8c6b5b557f/rav1e-0.7.1/src/mc.rs:469:11
    |
469 |           round_shift(
    |           ^^^^^^^^^^^ not found in this scope

Some errors have detailed explanations: E0405, E0412, E0422, E0425, E0432, E0433, E0786.
For more information about an error, try `rustc --explain E0405`.
error: could not compile `rav1e` (lib) due to 378 previous errors
